[0.020s] Invoking command in '/home/mig/Documents/RL/build/Stonefish': DEBUGINFOD_URLS=https://debuginfod.ubuntu.com VIRTUAL_ENV_PROMPT=(venv) /usr/bin/cmake /home/mig/Documents/RL/stonefish/stonefish -DCMAKE_INSTALL_PREFIX=/home/mig/Documents/RL/install/Stonefish
[0.224s] -- The C compiler identification is GNU 12.3.0
[0.224s] -- The CXX compiler identification is GNU 12.3.0
[0.225s] -- Detecting C compiler ABI info
[0.225s] -- Detecting C compiler ABI info - done
[0.225s] -- Check for working C compiler: /usr/bin/cc - skipped
[0.225s] -- Detecting C compile features
[0.226s] -- Detecting C compile features - done
[0.226s] -- Detecting CXX compiler ABI info
[0.252s] -- Detecting CXX compiler ABI info - done
[0.256s] -- Check for working CXX compiler: /usr/bin/c++ - skipped
[0.256s] -- Detecting CXX compile features
[0.257s] -- Detecting CXX compile features - done
[0.268s] -- Found OpenGL: /usr/lib/x86_64-linux-gnu/libOpenGL.so   
[0.278s] -- Found Freetype: /usr/lib/x86_64-linux-gnu/libfreetype.so (found version "2.13.2") 
[0.438s] -- Found OpenMP_C: -fopenmp (found version "4.5") 
[0.497s] -- Found OpenMP_CXX: -fopenmp (found version "4.5") 
[0.497s] -- Found OpenMP: TRUE (found version "4.5")  
[0.504s] -- Configuring done (0.5s)
[0.522s] -- Generating done (0.0s)
[0.525s] -- Build files have been written to: /home/mig/Documents/RL/build/Stonefish
[0.529s] Invoked command in '/home/mig/Documents/RL/build/Stonefish' returned '0': DEBUGINFOD_URLS=https://debuginfod.ubuntu.com VIRTUAL_ENV_PROMPT=(venv) /usr/bin/cmake /home/mig/Documents/RL/stonefish/stonefish -DCMAKE_INSTALL_PREFIX=/home/mig/Documents/RL/install/Stonefish
[0.530s] Invoking command in '/home/mig/Documents/RL/build/Stonefish': DEBUGINFOD_URLS=https://debuginfod.ubuntu.com VIRTUAL_ENV_PROMPT=(venv) /usr/bin/cmake --build /home/mig/Documents/RL/build/Stonefish -- -j32 -l32
[0.576s] [  0%] [32mBuilding CXX object CMakeFiles/Stonefish.dir/Library/src/actuators/DCMotor.cpp.o[0m
[0.576s] [  0%] [32mBuilding CXX object CMakeFiles/Stonefish.dir/Library/src/actuators/Light.cpp.o[0m
[0.576s] [  0%] [32mBuilding CXX object CMakeFiles/Stonefish.dir/Library/src/actuators/Actuator.cpp.o[0m
[0.577s] [  0%] [32mBuilding CXX object CMakeFiles/Stonefish.dir/Library/src/actuators/LinkActuator.cpp.o[0m
[0.579s] [  1%] [32mBuilding CXX object CMakeFiles/Stonefish.dir/Library/src/actuators/JointActuator.cpp.o[0m
[0.579s] [  2%] [32mBuilding CXX object CMakeFiles/Stonefish.dir/Library/src/actuators/Motor.cpp.o[0m
[0.579s] [  2%] [32mBuilding CXX object CMakeFiles/Stonefish.dir/Library/src/actuators/Push.cpp.o[0m
[0.580s] [  2%] [32mBuilding CXX object CMakeFiles/Stonefish.dir/Library/src/actuators/Propeller.cpp.o[0m
[0.580s] [  3%] [32mBuilding CXX object CMakeFiles/Stonefish.dir/Library/src/actuators/Rudder.cpp.o[0m
[0.580s] [  3%] [32mBuilding CXX object CMakeFiles/Stonefish.dir/Library/src/comms/Comm.cpp.o[0m
[0.582s] [  3%] [32mBuilding CXX object CMakeFiles/Stonefish.dir/Library/src/actuators/Servo.cpp.o[0m
[0.582s] [  3%] [32mBuilding CXX object CMakeFiles/Stonefish.dir/Library/src/actuators/SimpleThruster.cpp.o[0m
[0.582s] [  4%] [32mBuilding CXX object CMakeFiles/Stonefish.dir/Library/src/actuators/SuctionCup.cpp.o[0m
[0.583s] [  4%] [32mBuilding CXX object CMakeFiles/Stonefish.dir/Library/src/actuators/Thruster.cpp.o[0m
[0.583s] [  6%] [32mBuilding CXX object CMakeFiles/Stonefish.dir/Library/src/core/ConsoleSimulationApp.cpp.o[0m
[0.583s] [  6%] [32mBuilding CXX object CMakeFiles/Stonefish.dir/Library/src/actuators/VariableBuoyancy.cpp.o[0m
[0.583s] [  6%] [32mBuilding CXX object CMakeFiles/Stonefish.dir/Library/src/core/FeatherstoneRobot.cpp.o[0m
[0.583s] [  6%] [32mBuilding CXX object CMakeFiles/Stonefish.dir/Library/src/comms/USBLSimple.cpp.o[0m
[0.584s] [  6%] [32mBuilding CXX object CMakeFiles/Stonefish.dir/Library/src/comms/AcousticModem.cpp.o[0m
[0.584s] [  6%] [32mBuilding CXX object CMakeFiles/Stonefish.dir/Library/src/comms/USBL.cpp.o[0m
[0.584s] [  7%] [32mBuilding CXX object CMakeFiles/Stonefish.dir/Library/src/comms/USBLReal.cpp.o[0m
[0.584s] [  8%] [32mBuilding CXX object CMakeFiles/Stonefish.dir/Library/src/core/GeneralRobot.cpp.o[0m
[0.584s] [  8%] [32mBuilding CXX object CMakeFiles/Stonefish.dir/Library/src/core/GraphicalSimulationApp.cpp.o[0m
[0.584s] [  8%] [32mBuilding CXX object CMakeFiles/Stonefish.dir/Library/src/core/Console.cpp.o[0m
[0.585s] [  9%] [32mBuilding CXX object CMakeFiles/Stonefish.dir/Library/src/core/MaterialManager.cpp.o[0m
[0.585s] [  9%] [32mBuilding CXX object CMakeFiles/Stonefish.dir/Library/src/core/NameManager.cpp.o[0m
[0.585s] [  9%] [32mBuilding CXX object CMakeFiles/Stonefish.dir/Library/src/core/Robot.cpp.o[0m
[0.585s] [  9%] [32mBuilding CXX object CMakeFiles/Stonefish.dir/Library/src/core/NED.cpp.o[0m
[0.585s] [  9%] [32mBuilding CXX object CMakeFiles/Stonefish.dir/Library/src/core/FilteredCollisionDispatcher.cpp.o[0m
[0.585s] [ 10%] [32mBuilding CXX object CMakeFiles/Stonefish.dir/Library/src/core/ScenarioParser.cpp.o[0m
[0.585s] [ 10%] [32mBuilding CXX object CMakeFiles/Stonefish.dir/Library/src/core/ScrewConstraint.cpp.o[0m
[0.596s] [ 10%] [32mBuilding CXX object CMakeFiles/Stonefish.dir/Library/src/core/SimulationApp.cpp.o[0m
[1.470s] [ 11%] [32mBuilding CXX object CMakeFiles/Stonefish.dir/Library/src/core/SimulationManager.cpp.o[0m
[1.509s] [ 11%] [32mBuilding CXX object CMakeFiles/Stonefish.dir/Library/src/core/TorusShape.cpp.o[0m
[1.562s] [ 11%] [32mBuilding CXX object CMakeFiles/Stonefish.dir/Library/src/entities/AnimatedEntity.cpp.o[0m
[1.588s] [ 12%] [32mBuilding CXX object CMakeFiles/Stonefish.dir/Library/src/entities/Entity.cpp.o[0m
[1.617s] [ 12%] [32mBuilding CXX object CMakeFiles/Stonefish.dir/Library/src/entities/FeatherstoneEntity.cpp.o[0m
[1.679s] [ 12%] [32mBuilding CXX object CMakeFiles/Stonefish.dir/Library/src/entities/ForcefieldEntity.cpp.o[0m
[1.761s] [ 13%] [32mBuilding CXX object CMakeFiles/Stonefish.dir/Library/src/entities/MovingEntity.cpp.o[0m
[1.797s] [ 13%] [32mBuilding CXX object CMakeFiles/Stonefish.dir/Library/src/entities/SolidEntity.cpp.o[0m
[1.835s] [ 13%] [32mBuilding CXX object CMakeFiles/Stonefish.dir/Library/src/entities/StaticEntity.cpp.o[0m
[2.109s] [ 14%] [32mBuilding CXX object CMakeFiles/Stonefish.dir/Library/src/entities/animation/BSTrajectory.cpp.o[0m
[2.110s] [ 14%] [32mBuilding CXX object CMakeFiles/Stonefish.dir/Library/src/entities/animation/CRTrajectory.cpp.o[0m
[2.315s] [ 14%] [32mBuilding CXX object CMakeFiles/Stonefish.dir/Library/src/entities/animation/ManualTrajectory.cpp.o[0m
[2.358s] [ 15%] [32mBuilding CXX object CMakeFiles/Stonefish.dir/Library/src/entities/animation/PWLTrajectory.cpp.o[0m
[2.377s] [ 15%] [32mBuilding CXX object CMakeFiles/Stonefish.dir/Library/src/entities/animation/Trajectory.cpp.o[0m
[2.404s] [ 15%] [32mBuilding CXX object CMakeFiles/Stonefish.dir/Library/src/entities/forcefields/Atmosphere.cpp.o[0m
[2.426s] [ 16%] [32mBuilding CXX object CMakeFiles/Stonefish.dir/Library/src/entities/forcefields/Jet.cpp.o[0m
[2.450s] [ 16%] [32mBuilding CXX object CMakeFiles/Stonefish.dir/Library/src/entities/forcefields/Ocean.cpp.o[0m
[2.458s] [ 16%] [32mBuilding CXX object CMakeFiles/Stonefish.dir/Library/src/entities/forcefields/Pipe.cpp.o[0m
[2.458s] [ 17%] [32mBuilding CXX object CMakeFiles/Stonefish.dir/Library/src/entities/forcefields/Stream.cpp.o[0m
[2.621s] [ 17%] [32mBuilding CXX object CMakeFiles/Stonefish.dir/Library/src/entities/forcefields/Trigger.cpp.o[0m
[2.696s] [ 17%] [32mBuilding CXX object CMakeFiles/Stonefish.dir/Library/src/entities/forcefields/Uniform.cpp.o[0m
[2.771s] [ 18%] [32mBuilding CXX object CMakeFiles/Stonefish.dir/Library/src/entities/forcefields/VelocityField.cpp.o[0m
[2.823s] [ 18%] [32mBuilding CXX object CMakeFiles/Stonefish.dir/Library/src/entities/solids/Box.cpp.o[0m
[2.887s] [ 18%] [32mBuilding CXX object CMakeFiles/Stonefish.dir/Library/src/entities/solids/Compound.cpp.o[0m
[2.955s] [ 19%] [32mBuilding CXX object CMakeFiles/Stonefish.dir/Library/src/entities/solids/Cylinder.cpp.o[0m
[3.010s] [ 19%] [32mBuilding CXX object CMakeFiles/Stonefish.dir/Library/src/entities/solids/Polyhedron.cpp.o[0m
[3.046s] [ 19%] [32mBuilding CXX object CMakeFiles/Stonefish.dir/Library/src/entities/solids/Sphere.cpp.o[0m
[3.129s] [ 20%] [32mBuilding CXX object CMakeFiles/Stonefish.dir/Library/src/entities/solids/Torus.cpp.o[0m
[3.216s] [ 20%] [32mBuilding CXX object CMakeFiles/Stonefish.dir/Library/src/entities/solids/Wing.cpp.o[0m
[3.265s] [ 20%] [32mBuilding CXX object CMakeFiles/Stonefish.dir/Library/src/entities/statics/Obstacle.cpp.o[0m
[3.393s] [ 21%] [32mBuilding CXX object CMakeFiles/Stonefish.dir/Library/src/entities/statics/Plane.cpp.o[0m
[3.459s] [ 21%] [32mBuilding CXX object CMakeFiles/Stonefish.dir/Library/src/graphics/GLSLShader.cpp.o[0m
[3.465s] [ 21%] [32mBuilding CXX object CMakeFiles/Stonefish.dir/Library/src/entities/statics/Terrain.cpp.o[0m
[3.723s] [ 22%] [32mBuilding CXX object CMakeFiles/Stonefish.dir/Library/src/graphics/IMGUI.cpp.o[0m
[3.735s] [ 22%] [32mBuilding CXX object CMakeFiles/Stonefish.dir/Library/src/graphics/OpenGLAtmosphere.cpp.o[0m
[3.908s] [ 22%] [32mBuilding CXX object CMakeFiles/Stonefish.dir/Library/src/graphics/OpenGLCamera.cpp.o[0m
[3.914s] [ 23%] [32mBuilding CXX object CMakeFiles/Stonefish.dir/Library/src/graphics/OpenGLConsole.cpp.o[0m
[4.055s] [ 23%] [32mBuilding CXX object CMakeFiles/Stonefish.dir/Library/src/graphics/OpenGLContent.cpp.o[0m
[4.087s] [ 23%] [32mBuilding CXX object CMakeFiles/Stonefish.dir/Library/src/graphics/OpenGLDataStructs.cpp.o[0m
[4.159s] [ 24%] [32mBuilding CXX object CMakeFiles/Stonefish.dir/Library/src/graphics/OpenGLDebugDrawer.cpp.o[0m
[4.255s] [ 24%] [32mBuilding CXX object CMakeFiles/Stonefish.dir/Library/src/graphics/OpenGLDepthCamera.cpp.o[0m
[4.259s] [ 24%] [32mBuilding CXX object CMakeFiles/Stonefish.dir/Library/src/graphics/OpenGLEventBasedCamera.cpp.o[0m
[4.291s] [ 25%] [32mBuilding CXX object CMakeFiles/Stonefish.dir/Library/src/graphics/OpenGLFLS.cpp.o[0m
[4.428s] [ 25%] [32mBuilding CXX object CMakeFiles/Stonefish.dir/Library/src/graphics/OpenGLFlatOcean.cpp.o[0m
[4.451s] [ 25%] [32mBuilding CXX object CMakeFiles/Stonefish.dir/Library/src/graphics/OpenGLLight.cpp.o[0m
[4.462s] [ 26%] [32mBuilding CXX object CMakeFiles/Stonefish.dir/Library/src/graphics/OpenGLMSIS.cpp.o[0m
[4.498s] [ 26%] [32mBuilding CXX object CMakeFiles/Stonefish.dir/Library/src/graphics/OpenGLOcean.cpp.o[0m
[4.553s] [ 26%] [32mBuilding CXX object CMakeFiles/Stonefish.dir/Library/src/graphics/OpenGLOceanParticles.cpp.o[0m
[4.608s] [ 27%] [32mBuilding CXX object CMakeFiles/Stonefish.dir/Library/src/graphics/OpenGLOpticalFlowCamera.cpp.o[0m
[4.652s] [ 27%] [32mBuilding CXX object CMakeFiles/Stonefish.dir/Library/src/graphics/OpenGLParticles.cpp.o[0m
[4.700s] [ 27%] [32mBuilding CXX object CMakeFiles/Stonefish.dir/Library/src/graphics/OpenGLPipeline.cpp.o[0m
[4.845s] [ 28%] [32mBuilding CXX object CMakeFiles/Stonefish.dir/Library/src/graphics/OpenGLPointLight.cpp.o[0m
[5.035s] [ 28%] [32mBuilding CXX object CMakeFiles/Stonefish.dir/Library/src/graphics/OpenGLPrinter.cpp.o[0m
[5.150s] [ 28%] [32mBuilding CXX object CMakeFiles/Stonefish.dir/Library/src/graphics/OpenGLRealCamera.cpp.o[0m
[5.206s] [ 29%] [32mBuilding CXX object CMakeFiles/Stonefish.dir/Library/src/graphics/OpenGLRealOcean.cpp.o[0m
[5.278s] [ 29%] [32mBuilding CXX object CMakeFiles/Stonefish.dir/Library/src/graphics/OpenGLSSS.cpp.o[0m
[5.313s] [ 29%] [32mBuilding CXX object CMakeFiles/Stonefish.dir/Library/src/graphics/OpenGLSegmentationCamera.cpp.o[0m
[5.413s] [ 30%] [32mBuilding CXX object CMakeFiles/Stonefish.dir/Library/src/graphics/OpenGLSonar.cpp.o[0m
[5.471s] [ 30%] [32mBuilding CXX object CMakeFiles/Stonefish.dir/Library/src/graphics/OpenGLSpotLight.cpp.o[0m
[5.537s] [ 30%] [32mBuilding CXX object CMakeFiles/Stonefish.dir/Library/src/graphics/OpenGLState.cpp.o[0m
[5.990s] [ 31%] [32mBuilding CXX object CMakeFiles/Stonefish.dir/Library/src/graphics/OpenGLThermalCamera.cpp.o[0m
[6.042s] [ 31%] [32mBuilding CXX object CMakeFiles/Stonefish.dir/Library/src/graphics/OpenGLTrackball.cpp.o[0m
[6.285s] [ 31%] [32mBuilding CXX object CMakeFiles/Stonefish.dir/Library/src/graphics/OpenGLView.cpp.o[0m
[6.335s] [ 32%] [32mBuilding CXX object CMakeFiles/Stonefish.dir/Library/src/joints/CylindricalJoint.cpp.o[0m
[6.454s] [ 32%] [32mBuilding CXX object CMakeFiles/Stonefish.dir/Library/src/joints/FixedJoint.cpp.o[0m
[6.526s] [ 32%] [32mBuilding CXX object CMakeFiles/Stonefish.dir/Library/src/joints/Joint.cpp.o[0m
[6.539s] [ 33%] [32mBuilding CXX object CMakeFiles/Stonefish.dir/Library/src/joints/PrismaticJoint.cpp.o[0m
[6.554s] [ 33%] [32mBuilding CXX object CMakeFiles/Stonefish.dir/Library/src/joints/RevoluteJoint.cpp.o[0m
[6.782s] [ 33%] [32mBuilding CXX object CMakeFiles/Stonefish.dir/Library/src/joints/SphericalJoint.cpp.o[0m
[6.994s] [ 34%] [32mBuilding CXX object CMakeFiles/Stonefish.dir/Library/src/joints/SpringJoint.cpp.o[0m
[7.012s] [ 34%] [32mBuilding CXX object CMakeFiles/Stonefish.dir/Library/src/sensors/Contact.cpp.o[0m
[7.034s] [ 34%] [32mBuilding CXX object CMakeFiles/Stonefish.dir/Library/src/sensors/Sample.cpp.o[0m
[7.085s] [ 35%] [32mBuilding CXX object CMakeFiles/Stonefish.dir/Library/src/sensors/ScalarSensor.cpp.o[0m
[7.219s] [ 35%] [32mBuilding CXX object CMakeFiles/Stonefish.dir/Library/src/sensors/Sensor.cpp.o[0m
[7.264s] [ 35%] [32mBuilding CXX object CMakeFiles/Stonefish.dir/Library/src/sensors/VisionSensor.cpp.o[0m
[7.287s] [ 36%] [32mBuilding CXX object CMakeFiles/Stonefish.dir/Library/src/sensors/scalar/Accelerometer.cpp.o[0m
[7.393s] [ 36%] [32mBuilding CXX object CMakeFiles/Stonefish.dir/Library/src/sensors/scalar/Compass.cpp.o[0m
[7.511s] [ 36%] [32mBuilding CXX object CMakeFiles/Stonefish.dir/Library/src/sensors/scalar/Current.cpp.o[0m
[7.521s] [ 37%] [32mBuilding CXX object CMakeFiles/Stonefish.dir/Library/src/sensors/scalar/DVL.cpp.o[0m
[7.544s] [ 37%] [32mBuilding CXX object CMakeFiles/Stonefish.dir/Library/src/sensors/scalar/ForceTorque.cpp.o[0m
[7.571s] [ 37%] [32mBuilding CXX object CMakeFiles/Stonefish.dir/Library/src/sensors/scalar/GPS.cpp.o[0m
[7.642s] [ 38%] [32mBuilding CXX object CMakeFiles/Stonefish.dir/Library/src/sensors/scalar/Gyroscope.cpp.o[0m
[7.649s] [ 38%] [32mBuilding CXX object CMakeFiles/Stonefish.dir/Library/src/sensors/scalar/INS.cpp.o[0m
[7.654s] [ 38%] [32mBuilding CXX object CMakeFiles/Stonefish.dir/Library/src/sensors/scalar/IMU.cpp.o[0m
[7.696s] [ 39%] [32mBuilding CXX object CMakeFiles/Stonefish.dir/Library/src/sensors/scalar/JointSensor.cpp.o[0m
[7.725s] [ 39%] [32mBuilding CXX object CMakeFiles/Stonefish.dir/Library/src/sensors/scalar/LinkSensor.cpp.o[0m
[7.980s] [ 39%] [32mBuilding CXX object CMakeFiles/Stonefish.dir/Library/src/sensors/scalar/Multibeam.cpp.o[0m
[8.247s] [ 40%] [32mBuilding CXX object CMakeFiles/Stonefish.dir/Library/src/sensors/scalar/Mux.cpp.o[0m
[8.314s] [ 40%] [32mBuilding CXX object CMakeFiles/Stonefish.dir/Library/src/sensors/scalar/Odometry.cpp.o[0m
[8.339s] [ 40%] [32mBuilding CXX object CMakeFiles/Stonefish.dir/Library/src/sensors/scalar/Pose.cpp.o[0m
[8.372s] [ 41%] [32mBuilding CXX object CMakeFiles/Stonefish.dir/Library/src/sensors/scalar/Pressure.cpp.o[0m
[8.380s] [ 41%] [32mBuilding CXX object CMakeFiles/Stonefish.dir/Library/src/sensors/scalar/Profiler.cpp.o[0m
[8.403s] [ 42%] [32mBuilding CXX object CMakeFiles/Stonefish.dir/Library/src/sensors/scalar/RotaryEncoder.cpp.o[0m
[8.405s] [ 42%] [32mBuilding CXX object CMakeFiles/Stonefish.dir/Library/src/sensors/scalar/RealRotaryEncoder.cpp.o[0m
[8.462s] [ 42%] [32mBuilding CXX object CMakeFiles/Stonefish.dir/Library/src/sensors/scalar/Torque.cpp.o[0m
[8.635s] [ 42%] [32mBuilding CXX object CMakeFiles/Stonefish.dir/Library/src/sensors/vision/Camera.cpp.o[0m
[8.699s] [ 43%] [32mBuilding CXX object CMakeFiles/Stonefish.dir/Library/src/sensors/vision/ColorCamera.cpp.o[0m
[8.801s] [ 43%] [32mBuilding CXX object CMakeFiles/Stonefish.dir/Library/src/sensors/vision/DepthCamera.cpp.o[0m
[8.819s] [ 43%] [32mBuilding CXX object CMakeFiles/Stonefish.dir/Library/src/sensors/vision/EventBasedCamera.cpp.o[0m
[8.915s] [ 44%] [32mBuilding CXX object CMakeFiles/Stonefish.dir/Library/src/sensors/vision/FLS.cpp.o[0m
[8.918s] [ 44%] [32mBuilding CXX object CMakeFiles/Stonefish.dir/Library/src/sensors/vision/MSIS.cpp.o[0m
[8.970s] [ 44%] [32mBuilding CXX object CMakeFiles/Stonefish.dir/Library/src/sensors/vision/Multibeam2.cpp.o[0m
[9.072s] [ 45%] [32mBuilding CXX object CMakeFiles/Stonefish.dir/Library/src/sensors/vision/OpticalFlowCamera.cpp.o[0m
[9.093s] [ 45%] [32mBuilding CXX object CMakeFiles/Stonefish.dir/Library/src/sensors/vision/SSS.cpp.o[0m
[9.135s] [ 45%] [32mBuilding CXX object CMakeFiles/Stonefish.dir/Library/src/sensors/vision/SegmentationCamera.cpp.o[0m
[9.178s] [ 46%] [32mBuilding CXX object CMakeFiles/Stonefish.dir/Library/src/sensors/vision/ThermalCamera.cpp.o[0m
[9.182s] [ 46%] [32mBuilding CXX object CMakeFiles/Stonefish.dir/Library/src/utils/GeometryFileUtil.cpp.o[0m
[9.196s] [ 46%] [32mBuilding CXX object CMakeFiles/Stonefish.dir/Library/src/utils/PerformanceMonitor.cpp.o[0m
[9.235s] [ 47%] [32mBuilding CXX object CMakeFiles/Stonefish.dir/Library/src/utils/ScientificFileUtil.cpp.o[0m
[9.271s] [ 47%] [32mBuilding CXX object CMakeFiles/Stonefish.dir/Library/src/utils/UnitSystem.cpp.o[0m
[9.494s] [ 47%] [32mBuilding CXX object CMakeFiles/Stonefish.dir/3rdparty/BulletCollision/BroadphaseCollision/btAxisSweep3.cpp.o[0m
[9.579s] [ 48%] [32mBuilding CXX object CMakeFiles/Stonefish.dir/3rdparty/BulletCollision/BroadphaseCollision/btBroadphaseProxy.cpp.o[0m
[9.607s] [ 48%] [32mBuilding CXX object CMakeFiles/Stonefish.dir/3rdparty/BulletCollision/BroadphaseCollision/btCollisionAlgorithm.cpp.o[0m
[9.620s] [ 49%] [32mBuilding CXX object CMakeFiles/Stonefish.dir/3rdparty/BulletCollision/BroadphaseCollision/btDbvtBroadphase.cpp.o[0m
[9.623s] [ 49%] [32mBuilding CXX object CMakeFiles/Stonefish.dir/3rdparty/BulletCollision/BroadphaseCollision/btDbvt.cpp.o[0m
[9.651s] [ 49%] [32mBuilding CXX object CMakeFiles/Stonefish.dir/3rdparty/BulletCollision/BroadphaseCollision/btDispatcher.cpp.o[0m
[9.655s] [ 50%] [32mBuilding CXX object CMakeFiles/Stonefish.dir/3rdparty/BulletCollision/BroadphaseCollision/btOverlappingPairCache.cpp.o[0m
[9.688s] [ 50%] [32mBuilding CXX object CMakeFiles/Stonefish.dir/3rdparty/BulletCollision/BroadphaseCollision/btQuantizedBvh.cpp.o[0m
[9.776s] [ 50%] [32mBuilding CXX object CMakeFiles/Stonefish.dir/3rdparty/BulletCollision/BroadphaseCollision/btSimpleBroadphase.cpp.o[0m
[9.792s] [ 51%] [32mBuilding CXX object CMakeFiles/Stonefish.dir/3rdparty/BulletCollision/CollisionDispatch/SphereTriangleDetector.cpp.o[0m
[9.815s] [ 51%] [32mBuilding CXX object CMakeFiles/Stonefish.dir/3rdparty/BulletCollision/CollisionDispatch/btActivatingCollisionAlgorithm.cpp.o[0m
[9.824s] [ 51%] [32mBuilding CXX object CMakeFiles/Stonefish.dir/3rdparty/BulletCollision/CollisionDispatch/btBox2dBox2dCollisionAlgorithm.cpp.o[0m
[9.878s] [ 52%] [32mBuilding CXX object CMakeFiles/Stonefish.dir/3rdparty/BulletCollision/CollisionDispatch/btBoxBoxCollisionAlgorithm.cpp.o[0m
[9.984s] [ 52%] [32mBuilding CXX object CMakeFiles/Stonefish.dir/3rdparty/BulletCollision/CollisionDispatch/btBoxBoxDetector.cpp.o[0m
[10.015s] [ 52%] [32mBuilding CXX object CMakeFiles/Stonefish.dir/3rdparty/BulletCollision/CollisionDispatch/btCollisionDispatcher.cpp.o[0m
[10.022s] [ 53%] [32mBuilding CXX object CMakeFiles/Stonefish.dir/3rdparty/BulletCollision/CollisionDispatch/btCollisionDispatcherMt.cpp.o[0m
[10.048s] [ 53%] [32mBuilding CXX object CMakeFiles/Stonefish.dir/3rdparty/BulletCollision/CollisionDispatch/btCollisionObject.cpp.o[0m
[10.090s] [ 53%] [32mBuilding CXX object CMakeFiles/Stonefish.dir/3rdparty/BulletCollision/CollisionDispatch/btCollisionWorld.cpp.o[0m
[10.121s] [ 54%] [32mBuilding CXX object CMakeFiles/Stonefish.dir/3rdparty/BulletCollision/CollisionDispatch/btCollisionWorldImporter.cpp.o[0m
[10.163s] [ 54%] [32mBuilding CXX object CMakeFiles/Stonefish.dir/3rdparty/BulletCollision/CollisionDispatch/btCompoundCollisionAlgorithm.cpp.o[0m
[10.185s] [ 54%] [32mBuilding CXX object CMakeFiles/Stonefish.dir/3rdparty/BulletCollision/CollisionDispatch/btCompoundCompoundCollisionAlgorithm.cpp.o[0m
[10.209s] [ 54%] [32mBuilding CXX object CMakeFiles/Stonefish.dir/3rdparty/BulletCollision/CollisionDispatch/btConvexConcaveCollisionAlgorithm.cpp.o[0m
[10.212s] [ 55%] [32mBuilding CXX object CMakeFiles/Stonefish.dir/3rdparty/BulletCollision/CollisionDispatch/btConvex2dConvex2dAlgorithm.cpp.o[0m
[10.252s] [ 55%] [32mBuilding CXX object CMakeFiles/Stonefish.dir/3rdparty/BulletCollision/CollisionDispatch/btConvexConvexAlgorithm.cpp.o[0m
[10.329s] [ 56%] [32mBuilding CXX object CMakeFiles/Stonefish.dir/3rdparty/BulletCollision/CollisionDispatch/btConvexPlaneCollisionAlgorithm.cpp.o[0m
[10.386s] [ 56%] [32mBuilding CXX object CMakeFiles/Stonefish.dir/3rdparty/BulletCollision/CollisionDispatch/btDefaultCollisionConfiguration.cpp.o[0m
[10.391s] [ 56%] [32mBuilding CXX object CMakeFiles/Stonefish.dir/3rdparty/BulletCollision/CollisionDispatch/btEmptyCollisionAlgorithm.cpp.o[0m
[10.404s] [ 57%] [32mBuilding CXX object CMakeFiles/Stonefish.dir/3rdparty/BulletCollision/CollisionDispatch/btGhostObject.cpp.o[0m
[10.407s] [ 57%] [32mBuilding CXX object CMakeFiles/Stonefish.dir/3rdparty/BulletCollision/CollisionDispatch/btHashedSimplePairCache.cpp.o[0m
[10.411s] [ 57%] [32mBuilding CXX object CMakeFiles/Stonefish.dir/3rdparty/BulletCollision/CollisionDispatch/btInternalEdgeUtility.cpp.o[0m
[10.468s] [ 58%] [32mBuilding CXX object CMakeFiles/Stonefish.dir/3rdparty/BulletCollision/CollisionDispatch/btManifoldResult.cpp.o[0m
[10.468s] [ 58%] [32mBuilding CXX object CMakeFiles/Stonefish.dir/3rdparty/BulletCollision/CollisionDispatch/btSimulationIslandManager.cpp.o[0m
[10.561s] [ 58%] [32mBuilding CXX object CMakeFiles/Stonefish.dir/3rdparty/BulletCollision/CollisionDispatch/btSphereBoxCollisionAlgorithm.cpp.o[0m
[10.573s] [ 59%] [32mBuilding CXX object CMakeFiles/Stonefish.dir/3rdparty/BulletCollision/CollisionDispatch/btSphereSphereCollisionAlgorithm.cpp.o[0m
[10.581s] [ 59%] [32mBuilding CXX object CMakeFiles/Stonefish.dir/3rdparty/BulletCollision/CollisionDispatch/btSphereTriangleCollisionAlgorithm.cpp.o[0m
[10.603s] [ 59%] [32mBuilding CXX object CMakeFiles/Stonefish.dir/3rdparty/BulletCollision/CollisionDispatch/btUnionFind.cpp.o[0m
[10.659s] [ 59%] [32mBuilding CXX object CMakeFiles/Stonefish.dir/3rdparty/BulletCollision/CollisionShapes/btBoxShape.cpp.o[0m
[10.664s] [ 60%] [32mBuilding CXX object CMakeFiles/Stonefish.dir/3rdparty/BulletCollision/CollisionShapes/btBox2dShape.cpp.o[0m
[10.668s] [ 60%] [32mBuilding CXX object CMakeFiles/Stonefish.dir/3rdparty/BulletCollision/CollisionShapes/btBvhTriangleMeshShape.cpp.o[0m
[10.668s] [ 61%] [32mBuilding CXX object CMakeFiles/Stonefish.dir/3rdparty/BulletCollision/CollisionShapes/btCapsuleShape.cpp.o[0m
[10.691s] [ 61%] [32mBuilding CXX object CMakeFiles/Stonefish.dir/3rdparty/BulletCollision/CollisionShapes/btCollisionShape.cpp.o[0m
[10.716s] [ 61%] [32mBuilding CXX object CMakeFiles/Stonefish.dir/3rdparty/BulletCollision/CollisionShapes/btCompoundShape.cpp.o[0m
[10.732s] [ 62%] [32mBuilding CXX object CMakeFiles/Stonefish.dir/3rdparty/BulletCollision/CollisionShapes/btConcaveShape.cpp.o[0m
[10.738s] [ 62%] [32mBuilding CXX object CMakeFiles/Stonefish.dir/3rdparty/BulletCollision/CollisionShapes/btConeShape.cpp.o[0m
[10.744s] [ 62%] [32mBuilding CXX object CMakeFiles/Stonefish.dir/3rdparty/BulletCollision/CollisionShapes/btConvex2dShape.cpp.o[0m
[10.823s] [ 63%] [32mBuilding CXX object CMakeFiles/Stonefish.dir/3rdparty/BulletCollision/CollisionShapes/btConvexInternalShape.cpp.o[0m
[10.824s] [ 63%] [32mBuilding CXX object CMakeFiles/Stonefish.dir/3rdparty/BulletCollision/CollisionShapes/btConvexHullShape.cpp.o[0m
[10.851s] [ 63%] [32mBuilding CXX object CMakeFiles/Stonefish.dir/3rdparty/BulletCollision/CollisionShapes/btConvexPointCloudShape.cpp.o[0m
[10.872s] [ 64%] [32mBuilding CXX object CMakeFiles/Stonefish.dir/3rdparty/BulletCollision/CollisionShapes/btConvexPolyhedron.cpp.o[0m
[10.892s] [ 64%] [32mBuilding CXX object CMakeFiles/Stonefish.dir/3rdparty/BulletCollision/CollisionShapes/btConvexShape.cpp.o[0m
[10.908s] [ 64%] [32mBuilding CXX object CMakeFiles/Stonefish.dir/3rdparty/BulletCollision/CollisionShapes/btConvexTriangleMeshShape.cpp.o[0m
[10.929s] [ 65%] [32mBuilding CXX object CMakeFiles/Stonefish.dir/3rdparty/BulletCollision/CollisionShapes/btCylinderShape.cpp.o[0m
[10.941s] [ 65%] [32mBuilding CXX object CMakeFiles/Stonefish.dir/3rdparty/BulletCollision/CollisionShapes/btEmptyShape.cpp.o[0m
[10.974s] [ 65%] [32mBuilding CXX object CMakeFiles/Stonefish.dir/3rdparty/BulletCollision/CollisionShapes/btHeightfieldTerrainShape.cpp.o[0m
[10.979s] [ 66%] [32mBuilding CXX object CMakeFiles/Stonefish.dir/3rdparty/BulletCollision/CollisionShapes/btMiniSDF.cpp.o[0m
[11.000s] [ 66%] [32mBuilding CXX object CMakeFiles/Stonefish.dir/3rdparty/BulletCollision/CollisionShapes/btMinkowskiSumShape.cpp.o[0m
[11.006s] [ 67%] [32mBuilding CXX object CMakeFiles/Stonefish.dir/3rdparty/BulletCollision/CollisionShapes/btMultimaterialTriangleMeshShape.cpp.o[0m
[11.009s] [ 67%] [32mBuilding CXX object CMakeFiles/Stonefish.dir/3rdparty/BulletCollision/CollisionShapes/btMultiSphereShape.cpp.o[0m
[11.066s] [ 67%] [32mBuilding CXX object CMakeFiles/Stonefish.dir/3rdparty/BulletCollision/CollisionShapes/btOptimizedBvh.cpp.o[0m
[11.086s] [ 67%] [32mBuilding CXX object CMakeFiles/Stonefish.dir/3rdparty/BulletCollision/CollisionShapes/btPolyhedralConvexShape.cpp.o[0m
[11.102s] [ 68%] [32mBuilding CXX object CMakeFiles/Stonefish.dir/3rdparty/BulletCollision/CollisionShapes/btScaledBvhTriangleMeshShape.cpp.o[0m
[11.144s] [ 68%] [32mBuilding CXX object CMakeFiles/Stonefish.dir/3rdparty/BulletCollision/CollisionShapes/btSdfCollisionShape.cpp.o[0m
[11.162s] [ 68%] [32mBuilding CXX object CMakeFiles/Stonefish.dir/3rdparty/BulletCollision/CollisionShapes/btShapeHull.cpp.o[0m
[11.208s] [ 69%] [32mBuilding CXX object CMakeFiles/Stonefish.dir/3rdparty/BulletCollision/CollisionShapes/btSphereShape.cpp.o[0m
[11.209s] [ 69%] [32mBuilding CXX object CMakeFiles/Stonefish.dir/3rdparty/BulletCollision/CollisionShapes/btStaticPlaneShape.cpp.o[0m
[11.239s] [ 69%] [32mBuilding CXX object CMakeFiles/Stonefish.dir/3rdparty/BulletCollision/CollisionShapes/btStridingMeshInterface.cpp.o[0m
[11.247s] [ 70%] [32mBuilding CXX object CMakeFiles/Stonefish.dir/3rdparty/BulletCollision/CollisionShapes/btTetrahedronShape.cpp.o[0m
[11.280s] [ 70%] [32mBuilding CXX object CMakeFiles/Stonefish.dir/3rdparty/BulletCollision/CollisionShapes/btTriangleBuffer.cpp.o[0m
[11.312s] [ 70%] [32mBuilding CXX object CMakeFiles/Stonefish.dir/3rdparty/BulletCollision/CollisionShapes/btTriangleCallback.cpp.o[0m
[11.347s] [ 71%] [32mBuilding CXX object CMakeFiles/Stonefish.dir/3rdparty/BulletCollision/CollisionShapes/btTriangleIndexVertexArray.cpp.o[0m
[11.351s] [ 71%] [32mBuilding CXX object CMakeFiles/Stonefish.dir/3rdparty/BulletCollision/CollisionShapes/btTriangleIndexVertexMaterialArray.cpp.o[0m
[11.362s] [ 71%] [32mBuilding CXX object CMakeFiles/Stonefish.dir/3rdparty/BulletCollision/CollisionShapes/btTriangleMesh.cpp.o[0m
[11.382s] [ 72%] [32mBuilding CXX object CMakeFiles/Stonefish.dir/3rdparty/BulletCollision/CollisionShapes/btTriangleMeshShape.cpp.o[0m
[11.413s] [ 72%] [32mBuilding CXX object CMakeFiles/Stonefish.dir/3rdparty/BulletCollision/CollisionShapes/btUniformScalingShape.cpp.o[0m
[11.418s] [ 72%] [32mBuilding CXX object CMakeFiles/Stonefish.dir/3rdparty/BulletCollision/NarrowPhaseCollision/btContinuousConvexCollision.cpp.o[0m
[11.443s] [ 73%] [32mBuilding CXX object CMakeFiles/Stonefish.dir/3rdparty/BulletCollision/NarrowPhaseCollision/btConvexCast.cpp.o[0m
[11.450s] [ 73%] [32mBuilding CXX object CMakeFiles/Stonefish.dir/3rdparty/BulletCollision/NarrowPhaseCollision/btGjkConvexCast.cpp.o[0m
[11.452s] [ 73%] [32mBuilding CXX object CMakeFiles/Stonefish.dir/3rdparty/BulletCollision/NarrowPhaseCollision/btGjkEpa2.cpp.o[0m
[11.478s] [ 73%] [32mBuilding CXX object CMakeFiles/Stonefish.dir/3rdparty/BulletCollision/NarrowPhaseCollision/btGjkPairDetector.cpp.o[0m
[11.481s] [ 74%] [32mBuilding CXX object CMakeFiles/Stonefish.dir/3rdparty/BulletCollision/NarrowPhaseCollision/btGjkEpaPenetrationDepthSolver.cpp.o[0m
[11.485s] [ 74%] [32mBuilding CXX object CMakeFiles/Stonefish.dir/3rdparty/BulletCollision/NarrowPhaseCollision/btMinkowskiPenetrationDepthSolver.cpp.o[0m
[11.502s] [ 75%] [32mBuilding CXX object CMakeFiles/Stonefish.dir/3rdparty/BulletCollision/NarrowPhaseCollision/btPersistentManifold.cpp.o[0m
[11.508s] [ 75%] [32mBuilding CXX object CMakeFiles/Stonefish.dir/3rdparty/BulletCollision/NarrowPhaseCollision/btPolyhedralContactClipping.cpp.o[0m
[11.508s] [ 75%] [32mBuilding CXX object CMakeFiles/Stonefish.dir/3rdparty/BulletCollision/NarrowPhaseCollision/btRaycastCallback.cpp.o[0m
[11.515s] [ 76%] [32mBuilding CXX object CMakeFiles/Stonefish.dir/3rdparty/BulletCollision/NarrowPhaseCollision/btSubSimplexConvexCast.cpp.o[0m
[11.551s] [ 76%] [32mBuilding CXX object CMakeFiles/Stonefish.dir/3rdparty/BulletCollision/NarrowPhaseCollision/btVoronoiSimplexSolver.cpp.o[0m
[11.558s] [ 76%] [32mBuilding CXX object CMakeFiles/Stonefish.dir/3rdparty/BulletDynamics/ConstraintSolver/btBatchedConstraints.cpp.o[0m
[11.578s] [ 77%] [32mBuilding CXX object CMakeFiles/Stonefish.dir/3rdparty/BulletDynamics/ConstraintSolver/btConeTwistConstraint.cpp.o[0m
[11.582s] [ 77%] [32mBuilding CXX object CMakeFiles/Stonefish.dir/3rdparty/BulletDynamics/ConstraintSolver/btContactConstraint.cpp.o[0m
[11.586s] [ 77%] [32mBuilding CXX object CMakeFiles/Stonefish.dir/3rdparty/BulletDynamics/ConstraintSolver/btFixedConstraint.cpp.o[0m
[11.608s] [ 78%] [32mBuilding CXX object CMakeFiles/Stonefish.dir/3rdparty/BulletDynamics/ConstraintSolver/btGearConstraint.cpp.o[0m
[11.613s] [ 78%] [32mBuilding CXX object CMakeFiles/Stonefish.dir/3rdparty/BulletDynamics/ConstraintSolver/btGeneric6DofConstraint.cpp.o[0m
[11.624s] [ 78%] [32mBuilding CXX object CMakeFiles/Stonefish.dir/3rdparty/BulletDynamics/ConstraintSolver/btGeneric6DofSpring2Constraint.cpp.o[0m
[11.650s] [ 79%] [32mBuilding CXX object CMakeFiles/Stonefish.dir/3rdparty/BulletDynamics/ConstraintSolver/btGeneric6DofSpringConstraint.cpp.o[0m
[11.683s] [ 79%] [32mBuilding CXX object CMakeFiles/Stonefish.dir/3rdparty/BulletDynamics/ConstraintSolver/btHinge2Constraint.cpp.o[0m
[11.702s] [ 80%] [32mBuilding CXX object CMakeFiles/Stonefish.dir/3rdparty/BulletDynamics/ConstraintSolver/btHingeConstraint.cpp.o[0m
[11.702s] [ 80%] [32mBuilding CXX object CMakeFiles/Stonefish.dir/3rdparty/BulletDynamics/ConstraintSolver/btNNCGConstraintSolver.cpp.o[0m
[11.710s] [ 80%] [32mBuilding CXX object CMakeFiles/Stonefish.dir/3rdparty/BulletDynamics/ConstraintSolver/btPoint2PointConstraint.cpp.o[0m
[11.719s] [ 80%] [32mBuilding CXX object CMakeFiles/Stonefish.dir/3rdparty/BulletDynamics/ConstraintSolver/btSequentialImpulseConstraintSolver.cpp.o[0m
[11.734s] [ 81%] [32mBuilding CXX object CMakeFiles/Stonefish.dir/3rdparty/BulletDynamics/ConstraintSolver/btSequentialImpulseConstraintSolverMt.cpp.o[0m
[11.746s] [ 81%] [32mBuilding CXX object CMakeFiles/Stonefish.dir/3rdparty/BulletDynamics/ConstraintSolver/btSliderConstraint.cpp.o[0m
[11.752s] [ 81%] [32mBuilding CXX object CMakeFiles/Stonefish.dir/3rdparty/BulletDynamics/ConstraintSolver/btSolve2LinearConstraint.cpp.o[0m
[11.775s] [ 82%] [32mBuilding CXX object CMakeFiles/Stonefish.dir/3rdparty/BulletDynamics/ConstraintSolver/btTypedConstraint.cpp.o[0m
[11.821s] [ 82%] [32mBuilding CXX object CMakeFiles/Stonefish.dir/3rdparty/BulletDynamics/ConstraintSolver/btUniversalConstraint.cpp.o[0m
[11.837s] [ 82%] [32mBuilding CXX object CMakeFiles/Stonefish.dir/3rdparty/BulletDynamics/Dynamics/btDiscreteDynamicsWorld.cpp.o[0m
[11.840s] [ 83%] [32mBuilding CXX object CMakeFiles/Stonefish.dir/3rdparty/BulletDynamics/Dynamics/btDiscreteDynamicsWorldMt.cpp.o[0m
[11.846s] [ 83%] [32mBuilding CXX object CMakeFiles/Stonefish.dir/3rdparty/BulletDynamics/Dynamics/btRigidBody.cpp.o[0m
[11.848s] [ 83%] [32mBuilding CXX object CMakeFiles/Stonefish.dir/3rdparty/BulletDynamics/Dynamics/btSimpleDynamicsWorld.cpp.o[0m
[11.856s] [ 84%] [32mBuilding CXX object CMakeFiles/Stonefish.dir/3rdparty/BulletDynamics/Dynamics/btSimulationIslandManagerMt.cpp.o[0m
[11.908s] [ 84%] [32mBuilding CXX object CMakeFiles/Stonefish.dir/3rdparty/BulletDynamics/Featherstone/btMultiBody.cpp.o[0m
[11.921s] [ 84%] [32mBuilding CXX object CMakeFiles/Stonefish.dir/3rdparty/BulletDynamics/Featherstone/btMultiBodyConstraint.cpp.o[0m
[11.930s] [ 85%] [32mBuilding CXX object CMakeFiles/Stonefish.dir/3rdparty/BulletDynamics/Featherstone/btMultiBodyConstraintSolver.cpp.o[0m
[11.943s] [ 85%] [32mBuilding CXX object CMakeFiles/Stonefish.dir/3rdparty/BulletDynamics/Featherstone/btMultiBodyDynamicsWorld.cpp.o[0m
[11.943s] [ 85%] [32mBuilding CXX object CMakeFiles/Stonefish.dir/3rdparty/BulletDynamics/Featherstone/btMultiBodyFixedConstraint.cpp.o[0m
[12.001s] [ 86%] [32mBuilding CXX object CMakeFiles/Stonefish.dir/3rdparty/BulletDynamics/Featherstone/btMultiBodyGearConstraint.cpp.o[0m
[12.002s] [ 86%] [32mBuilding CXX object CMakeFiles/Stonefish.dir/3rdparty/BulletDynamics/Featherstone/btMultiBodyJointLimitConstraint.cpp.o[0m
[12.033s] [ 86%] [32mBuilding CXX object CMakeFiles/Stonefish.dir/3rdparty/BulletDynamics/Featherstone/btMultiBodyJointMotor.cpp.o[0m
[12.057s] [ 87%] [32mBuilding CXX object CMakeFiles/Stonefish.dir/3rdparty/BulletDynamics/Featherstone/btMultiBodyMLCPConstraintSolver.cpp.o[0m
[12.071s] [ 87%] [32mBuilding CXX object CMakeFiles/Stonefish.dir/3rdparty/BulletDynamics/Featherstone/btMultiBodyPoint2Point.cpp.o[0m
[12.091s] [ 87%] [32mBuilding CXX object CMakeFiles/Stonefish.dir/3rdparty/BulletDynamics/Featherstone/btMultiBodySliderConstraint.cpp.o[0m
[12.100s] [ 88%] [32mBuilding CXX object CMakeFiles/Stonefish.dir/3rdparty/BulletDynamics/Featherstone/btMultiBodySphericalJointMotor.cpp.o[0m
[12.136s] [ 88%] [32mBuilding CXX object CMakeFiles/Stonefish.dir/3rdparty/BulletDynamics/MLCPSolvers/btDantzigLCP.cpp.o[0m
[12.164s] [ 88%] [32mBuilding CXX object CMakeFiles/Stonefish.dir/3rdparty/BulletDynamics/MLCPSolvers/btLemkeAlgorithm.cpp.o[0m
[12.191s] [ 89%] [32mBuilding CXX object CMakeFiles/Stonefish.dir/3rdparty/BulletDynamics/MLCPSolvers/btMLCPSolver.cpp.o[0m
[12.233s] [ 89%] [32mBuilding CXX object CMakeFiles/Stonefish.dir/3rdparty/BulletSoftBody/btDefaultSoftBodySolver.cpp.o[0m
[12.268s] [ 89%] [32mBuilding CXX object CMakeFiles/Stonefish.dir/3rdparty/BulletSoftBody/btDeformableBackwardEulerObjective.cpp.o[0m
[12.287s] [ 90%] [32mBuilding CXX object CMakeFiles/Stonefish.dir/3rdparty/BulletSoftBody/btDeformableBodySolver.cpp.o[0m
[12.329s] [ 90%] [32mBuilding CXX object CMakeFiles/Stonefish.dir/3rdparty/BulletSoftBody/btDeformableContactConstraint.cpp.o[0m
[12.335s] [ 90%] [32mBuilding CXX object CMakeFiles/Stonefish.dir/3rdparty/BulletSoftBody/btDeformableContactProjection.cpp.o[0m
[12.353s] [ 91%] [32mBuilding CXX object CMakeFiles/Stonefish.dir/3rdparty/BulletSoftBody/btDeformableMultiBodyConstraintSolver.cpp.o[0m
[12.371s] [ 91%] [32mBuilding CXX object CMakeFiles/Stonefish.dir/3rdparty/BulletSoftBody/btDeformableMultiBodyDynamicsWorld.cpp.o[0m
[12.406s] [ 91%] [32mBuilding CXX object CMakeFiles/Stonefish.dir/3rdparty/BulletSoftBody/btSoftBody.cpp.o[0m
[12.420s] [ 92%] [32mBuilding CXX object CMakeFiles/Stonefish.dir/3rdparty/BulletSoftBody/btSoftBodyConcaveCollisionAlgorithm.cpp.o[0m
[12.433s] [ 92%] [32mBuilding CXX object CMakeFiles/Stonefish.dir/3rdparty/BulletSoftBody/btSoftBodyHelpers.cpp.o[0m
[12.460s] [ 92%] [32mBuilding CXX object CMakeFiles/Stonefish.dir/3rdparty/BulletSoftBody/btSoftBodyRigidBodyCollisionConfiguration.cpp.o[0m
[12.563s] [ 93%] [32mBuilding CXX object CMakeFiles/Stonefish.dir/3rdparty/BulletSoftBody/btSoftMultiBodyDynamicsWorld.cpp.o[0m
[12.571s] [ 93%] [32mBuilding CXX object CMakeFiles/Stonefish.dir/3rdparty/BulletSoftBody/btSoftRigidCollisionAlgorithm.cpp.o[0m
[12.590s] [ 93%] [32mBuilding CXX object CMakeFiles/Stonefish.dir/3rdparty/BulletSoftBody/btSoftRigidDynamicsWorld.cpp.o[0m
[12.601s] [ 94%] [32mBuilding CXX object CMakeFiles/Stonefish.dir/3rdparty/BulletSoftBody/btSoftSoftCollisionAlgorithm.cpp.o[0m
[12.602s] [ 94%] [32mBuilding CXX object CMakeFiles/Stonefish.dir/3rdparty/BulletSoftBody/poly34.cpp.o[0m
[12.610s] [ 94%] [32mBuilding CXX object CMakeFiles/Stonefish.dir/3rdparty/LinearMath/btAlignedAllocator.cpp.o[0m
[12.620s] [ 95%] [32mBuilding CXX object CMakeFiles/Stonefish.dir/3rdparty/LinearMath/btConvexHull.cpp.o[0m
[12.655s] [ 95%] [32mBuilding CXX object CMakeFiles/Stonefish.dir/3rdparty/LinearMath/btConvexHullComputer.cpp.o[0m
[12.698s] [ 95%] [32mBuilding CXX object CMakeFiles/Stonefish.dir/3rdparty/LinearMath/btGeometryUtil.cpp.o[0m
[12.702s] [ 96%] [32mBuilding CXX object CMakeFiles/Stonefish.dir/3rdparty/LinearMath/btPolarDecomposition.cpp.o[0m
[12.744s] [ 96%] [32mBuilding CXX object CMakeFiles/Stonefish.dir/3rdparty/LinearMath/btQuickprof.cpp.o[0m
[12.755s] [ 96%] [32mBuilding CXX object CMakeFiles/Stonefish.dir/3rdparty/LinearMath/btReducedVector.cpp.o[0m
[12.759s] [ 97%] [32mBuilding CXX object CMakeFiles/Stonefish.dir/3rdparty/LinearMath/btSerializer.cpp.o[0m
[12.766s] [ 97%] [32mBuilding CXX object CMakeFiles/Stonefish.dir/3rdparty/LinearMath/btSerializer64.cpp.o[0m
[12.806s] [ 97%] [32mBuilding CXX object CMakeFiles/Stonefish.dir/3rdparty/LinearMath/btThreads.cpp.o[0m
[12.806s] [ 98%] [32mBuilding CXX object CMakeFiles/Stonefish.dir/3rdparty/LinearMath/btVector3.cpp.o[0m
[12.853s] [ 98%] [32mBuilding C object CMakeFiles/Stonefish.dir/3rdparty/tinyexpr.c.o[0m
[12.861s] [ 98%] [32mBuilding C object CMakeFiles/Stonefish.dir/3rdparty/tinyspline.c.o[0m
[12.863s] [ 99%] [32mBuilding CXX object CMakeFiles/Stonefish.dir/3rdparty/tinysplinecxx.cpp.o[0m
[12.927s] [ 99%] [32mBuilding CXX object CMakeFiles/Stonefish.dir/3rdparty/tinyxml2.cpp.o[0m
[16.201s] [100%] [32m[1mLinking CXX shared library libStonefish.so[0m
[16.324s] [100%] Built target Stonefish
