[0.010s] Invoking command in '/home/mig/Documents/RL/build/glm': DEBUGINFOD_URLS=https://debuginfod.ubuntu.com VIRTUAL_ENV_PROMPT=(venv) /usr/bin/cmake /home/mig/Documents/RL/lib/glm-master -DCMAKE_INSTALL_PREFIX=/home/mig/Documents/RL/install/glm
[0.214s] -- The CXX compiler identification is GNU 12.3.0
[0.214s] -- Detecting CXX compiler ABI info
[0.215s] -- Detecting CXX compiler ABI info - done
[0.215s] -- Check for working CXX compiler: /usr/bin/c++ - skipped
[0.215s] -- Detecting CXX compile features
[0.215s] -- Detecting CXX compile features - done
[0.215s] -- GLM: Version 1.0.2
[0.215s] -- GLM: Build with C++ features auto detection
[0.215s] -- Configuring done (0.2s)
[0.215s] -- Generating done (0.0s)
[0.215s] -- Build files have been written to: /home/mig/Documents/RL/build/glm
[0.215s] Invoked command in '/home/mig/Documents/RL/build/glm' returned '0': DEBUGINFOD_URLS=https://debuginfod.ubuntu.com VIRTUAL_ENV_PROMPT=(venv) /usr/bin/cmake /home/mig/Documents/RL/lib/glm-master -DCMAKE_INSTALL_PREFIX=/home/mig/Documents/RL/install/glm
[0.216s] Invoking command in '/home/mig/Documents/RL/build/glm': DEBUGINFOD_URLS=https://debuginfod.ubuntu.com VIRTUAL_ENV_PROMPT=(venv) /usr/bin/cmake --build /home/mig/Documents/RL/build/glm -- -j32 -l32
[0.244s] [ 50%] [32mBuilding CXX object glm/CMakeFiles/glm.dir/detail/glm.cpp.o[0m
[2.249s] [100%] [32m[1mLinking CXX static library libglm.a[0m
[2.339s] [100%] Built target glm
[2.365s] Invoked command in '/home/mig/Documents/RL/build/glm' returned '0': DEBUGINFOD_URLS=https://debuginfod.ubuntu.com VIRTUAL_ENV_PROMPT=(venv) /usr/bin/cmake --build /home/mig/Documents/RL/build/glm -- -j32 -l32
[2.382s] Invoking command in '/home/mig/Documents/RL/build/glm': DEBUGINFOD_URLS=https://debuginfod.ubuntu.com VIRTUAL_ENV_PROMPT=(venv) /usr/bin/cmake --install /home/mig/Documents/RL/build/glm
[2.390s] -- Install configuration: ""
[2.391s] -- Installing: /home/mig/Documents/RL/install/glm/lib/libglm.a
[2.392s] -- Installing: /home/mig/Documents/RL/install/glm/include/glm
[2.392s] -- Installing: /home/mig/Documents/RL/install/glm/include/glm/detail
[2.392s] -- Installing: /home/mig/Documents/RL/install/glm/include/glm/detail/func_trigonometric.inl
[2.392s] -- Installing: /home/mig/Documents/RL/install/glm/include/glm/detail/type_mat4x2.inl
[2.392s] -- Installing: /home/mig/Documents/RL/install/glm/include/glm/detail/_swizzle_func.hpp
[2.393s] -- Installing: /home/mig/Documents/RL/install/glm/include/glm/detail/func_exponential.inl
[2.394s] -- Installing: /home/mig/Documents/RL/install/glm/include/glm/detail/type_mat4x4.inl
[2.394s] -- Installing: /home/mig/Documents/RL/install/glm/include/glm/detail/type_mat2x4.inl
[2.397s] -- Installing: /home/mig/Documents/RL/install/glm/include/glm/detail/_fixes.hpp
[2.397s] -- Installing: /home/mig/Documents/RL/install/glm/include/glm/detail/type_vec2.hpp
[2.398s] -- Installing: /home/mig/Documents/RL/install/glm/include/glm/detail/_features.hpp
[2.398s] -- Installing: /home/mig/Documents/RL/install/glm/include/glm/detail/func_vector_relational.inl
[2.398s] -- Installing: /home/mig/Documents/RL/install/glm/include/glm/detail/type_mat2x4.hpp
[2.398s] -- Installing: /home/mig/Documents/RL/install/glm/include/glm/detail/type_mat4x2.hpp
[2.398s] -- Installing: /home/mig/Documents/RL/install/glm/include/glm/detail/func_packing_simd.inl
[2.398s] -- Installing: /home/mig/Documents/RL/install/glm/include/glm/detail/setup.hpp
[2.398s] -- Installing: /home/mig/Documents/RL/install/glm/include/glm/detail/type_quat_simd.inl
[2.398s] -- Installing: /home/mig/Documents/RL/install/glm/include/glm/detail/func_packing.inl
[2.398s] -- Installing: /home/mig/Documents/RL/install/glm/include/glm/detail/qualifier.hpp
[2.398s] -- Installing: /home/mig/Documents/RL/install/glm/include/glm/detail/_swizzle.hpp
[2.398s] -- Installing: /home/mig/Documents/RL/install/glm/include/glm/detail/func_integer_simd.inl
[2.398s] -- Installing: /home/mig/Documents/RL/install/glm/include/glm/detail/type_mat4x4_simd.inl
[2.398s] -- Installing: /home/mig/Documents/RL/install/glm/include/glm/detail/type_mat2x2.inl
[2.399s] -- Installing: /home/mig/Documents/RL/install/glm/include/glm/detail/type_mat3x3.inl
[2.399s] -- Installing: /home/mig/Documents/RL/install/glm/include/glm/detail/func_exponential_simd.inl
[2.399s] -- Installing: /home/mig/Documents/RL/install/glm/include/glm/detail/type_half.inl
[2.399s] -- Installing: /home/mig/Documents/RL/install/glm/include/glm/detail/func_geometric.inl
[2.399s] -- Installing: /home/mig/Documents/RL/install/glm/include/glm/detail/type_vec1.inl
[2.399s] -- Installing: /home/mig/Documents/RL/install/glm/include/glm/detail/func_common.inl
[2.399s] -- Installing: /home/mig/Documents/RL/install/glm/include/glm/detail/func_matrix_simd.inl
[2.400s] -- Installing: /home/mig/Documents/RL/install/glm/include/glm/detail/type_mat4x3.hpp
[2.400s] -- Installing: /home/mig/Documents/RL/install/glm/include/glm/detail/func_geometric_simd.inl
[2.401s] -- Installing: /home/mig/Documents/RL/install/glm/include/glm/detail/type_vec2.inl
[2.403s] -- Installing: /home/mig/Documents/RL/install/glm/include/glm/detail/type_mat3x3.hpp
[2.404s] -- Installing: /home/mig/Documents/RL/install/glm/include/glm/detail/func_vector_relational_simd.inl
[2.404s] -- Installing: /home/mig/Documents/RL/install/glm/include/glm/detail/type_float.hpp
[2.404s] -- Installing: /home/mig/Documents/RL/install/glm/include/glm/detail/type_mat3x4.hpp
[2.404s] -- Installing: /home/mig/Documents/RL/install/glm/include/glm/detail/func_matrix.inl
[2.404s] -- Installing: /home/mig/Documents/RL/install/glm/include/glm/detail/compute_vector_decl.hpp
[2.404s] -- Installing: /home/mig/Documents/RL/install/glm/include/glm/detail/type_mat4x4.hpp
[2.404s] -- Installing: /home/mig/Documents/RL/install/glm/include/glm/detail/func_trigonometric_simd.inl
[2.404s] -- Installing: /home/mig/Documents/RL/install/glm/include/glm/detail/type_vec_simd.inl
[2.404s] -- Installing: /home/mig/Documents/RL/install/glm/include/glm/detail/type_mat2x3.inl
[2.404s] -- Installing: /home/mig/Documents/RL/install/glm/include/glm/detail/compute_vector_relational.hpp
[2.404s] -- Installing: /home/mig/Documents/RL/install/glm/include/glm/detail/func_integer.inl
[2.404s] -- Installing: /home/mig/Documents/RL/install/glm/include/glm/detail/glm.cpp
[2.405s] -- Installing: /home/mig/Documents/RL/install/glm/include/glm/detail/_vectorize.hpp
[2.405s] -- Installing: /home/mig/Documents/RL/install/glm/include/glm/detail/type_vec3.inl
[2.405s] -- Installing: /home/mig/Documents/RL/install/glm/include/glm/detail/type_quat.hpp
[2.405s] -- Installing: /home/mig/Documents/RL/install/glm/include/glm/detail/compute_common.hpp
[2.405s] -- Installing: /home/mig/Documents/RL/install/glm/include/glm/detail/type_vec1.hpp
[2.405s] -- Installing: /home/mig/Documents/RL/install/glm/include/glm/detail/type_vec3.hpp
[2.406s] -- Installing: /home/mig/Documents/RL/install/glm/include/glm/detail/type_mat4x3.inl
[2.406s] -- Installing: /home/mig/Documents/RL/install/glm/include/glm/detail/type_vec4.hpp
[2.406s] -- Installing: /home/mig/Documents/RL/install/glm/include/glm/detail/type_mat3x2.hpp
[2.406s] -- Installing: /home/mig/Documents/RL/install/glm/include/glm/detail/type_mat3x4.inl
[2.406s] -- Installing: /home/mig/Documents/RL/install/glm/include/glm/detail/type_quat.inl
[2.406s] -- Installing: /home/mig/Documents/RL/install/glm/include/glm/detail/type_mat2x3.hpp
[2.406s] -- Installing: /home/mig/Documents/RL/install/glm/include/glm/detail/type_mat3x2.inl
[2.406s] -- Installing: /home/mig/Documents/RL/install/glm/include/glm/detail/_noise.hpp
[2.408s] -- Installing: /home/mig/Documents/RL/install/glm/include/glm/detail/type_mat2x2.hpp
[2.408s] -- Installing: /home/mig/Documents/RL/install/glm/include/glm/detail/type_vec4.inl
[2.408s] -- Installing: /home/mig/Documents/RL/install/glm/include/glm/detail/type_half.hpp
[2.408s] -- Installing: /home/mig/Documents/RL/install/glm/include/glm/detail/func_common_simd.inl
[2.408s] -- Installing: /home/mig/Documents/RL/install/glm/include/glm/mat3x4.hpp
[2.408s] -- Installing: /home/mig/Documents/RL/install/glm/include/glm/geometric.hpp
[2.408s] -- Installing: /home/mig/Documents/RL/install/glm/include/glm/mat4x4.hpp
[2.410s] -- Installing: /home/mig/Documents/RL/install/glm/include/glm/matrix.hpp
[2.410s] -- Installing: /home/mig/Documents/RL/install/glm/include/glm/ext
[2.410s] -- Installing: /home/mig/Documents/RL/install/glm/include/glm/ext/matrix_clip_space.hpp
[2.410s] -- Installing: /home/mig/Documents/RL/install/glm/include/glm/ext/matrix_uint3x4_sized.hpp
[2.410s] -- Installing: /home/mig/Documents/RL/install/glm/include/glm/ext/vector_float2.hpp
[2.410s] -- Installing: /home/mig/Documents/RL/install/glm/include/glm/ext/matrix_uint3x2.hpp
[2.410s] -- Installing: /home/mig/Documents/RL/install/glm/include/glm/ext/scalar_relational.hpp
[2.414s] -- Installing: /home/mig/Documents/RL/install/glm/include/glm/ext/matrix_projection.inl
[2.414s] -- Installing: /home/mig/Documents/RL/install/glm/include/glm/ext/scalar_common.hpp
[2.414s] -- Installing: /home/mig/Documents/RL/install/glm/include/glm/ext/matrix_float2x4.hpp
[2.414s] -- Installing: /home/mig/Documents/RL/install/glm/include/glm/ext/matrix_uint2x2.hpp
[2.414s] -- Installing: /home/mig/Documents/RL/install/glm/include/glm/ext/vector_relational.inl
[2.414s] -- Installing: /home/mig/Documents/RL/install/glm/include/glm/ext/vector_int2.hpp
[2.414s] -- Installing: /home/mig/Documents/RL/install/glm/include/glm/ext/quaternion_exponential.hpp
[2.414s] -- Installing: /home/mig/Documents/RL/install/glm/include/glm/ext/matrix_int4x3.hpp
[2.415s] -- Installing: /home/mig/Documents/RL/install/glm/include/glm/ext/quaternion_transform.inl
[2.415s] -- Installing: /home/mig/Documents/RL/install/glm/include/glm/ext/matrix_float3x3.hpp
[2.415s] -- Installing: /home/mig/Documents/RL/install/glm/include/glm/ext/matrix_double4x3.hpp
[2.415s] -- Installing: /home/mig/Documents/RL/install/glm/include/glm/ext/matrix_double3x3_precision.hpp
[2.415s] -- Installing: /home/mig/Documents/RL/install/glm/include/glm/ext/quaternion_relational.inl
[2.415s] -- Installing: /home/mig/Documents/RL/install/glm/include/glm/ext/matrix_int4x2_sized.hpp
[2.415s] -- Installing: /home/mig/Documents/RL/install/glm/include/glm/ext/vector_double2.hpp
[2.415s] -- Installing: /home/mig/Documents/RL/install/glm/include/glm/ext/vector_packing.hpp
[2.417s] -- Installing: /home/mig/Documents/RL/install/glm/include/glm/ext/scalar_ulp.hpp
[2.417s] -- Installing: /home/mig/Documents/RL/install/glm/include/glm/ext/vector_ulp.inl
[2.417s] -- Installing: /home/mig/Documents/RL/install/glm/include/glm/ext/matrix_uint2x3.hpp
[2.417s] -- Installing: /home/mig/Documents/RL/install/glm/include/glm/ext/vector_int1.hpp
[2.417s] -- Installing: /home/mig/Documents/RL/install/glm/include/glm/ext/matrix_int3x3_sized.hpp
[2.418s] -- Installing: /home/mig/Documents/RL/install/glm/include/glm/ext/vector_integer.inl
[2.418s] -- Installing: /home/mig/Documents/RL/install/glm/include/glm/ext/matrix_float3x4_precision.hpp
[2.418s] -- Installing: /home/mig/Documents/RL/install/glm/include/glm/ext/matrix_float4x3_precision.hpp
[2.418s] -- Installing: /home/mig/Documents/RL/install/glm/include/glm/ext/scalar_reciprocal.hpp
[2.421s] -- Installing: /home/mig/Documents/RL/install/glm/include/glm/ext/matrix_double3x4.hpp
[2.421s] -- Installing: /home/mig/Documents/RL/install/glm/include/glm/ext/vector_bool4_precision.hpp
[2.421s] -- Installing: /home/mig/Documents/RL/install/glm/include/glm/ext/vector_packing.inl
[2.421s] -- Installing: /home/mig/Documents/RL/install/glm/include/glm/ext/matrix_float4x2.hpp
[2.421s] -- Installing: /home/mig/Documents/RL/install/glm/include/glm/ext/matrix_transform.hpp
[2.421s] -- Installing: /home/mig/Documents/RL/install/glm/include/glm/ext/vector_float4_precision.hpp
[2.421s] -- Installing: /home/mig/Documents/RL/install/glm/include/glm/ext/vector_double3.hpp
[2.421s] -- Installing: /home/mig/Documents/RL/install/glm/include/glm/ext/matrix_int4x2.hpp
[2.421s] -- Installing: /home/mig/Documents/RL/install/glm/include/glm/ext/matrix_double3x4_precision.hpp
[2.421s] -- Installing: /home/mig/Documents/RL/install/glm/include/glm/ext/matrix_uint4x4_sized.hpp
[2.421s] -- Installing: /home/mig/Documents/RL/install/glm/include/glm/ext/matrix_uint3x3_sized.hpp
[2.421s] -- Installing: /home/mig/Documents/RL/install/glm/include/glm/ext/scalar_uint_sized.hpp
[2.422s] -- Installing: /home/mig/Documents/RL/install/glm/include/glm/ext/quaternion_trigonometric.hpp
[2.422s] -- Installing: /home/mig/Documents/RL/install/glm/include/glm/ext/matrix_uint4x2_sized.hpp
[2.422s] -- Installing: /home/mig/Documents/RL/install/glm/include/glm/ext/matrix_uint2x3_sized.hpp
[2.422s] -- Installing: /home/mig/Documents/RL/install/glm/include/glm/ext/vector_bool2_precision.hpp
[2.422s] -- Installing: /home/mig/Documents/RL/install/glm/include/glm/ext/matrix_float2x3_precision.hpp
[2.422s] -- Installing: /home/mig/Documents/RL/install/glm/include/glm/ext/matrix_float4x4.hpp
[2.422s] -- Installing: /home/mig/Documents/RL/install/glm/include/glm/ext/scalar_constants.hpp
[2.422s] -- Installing: /home/mig/Documents/RL/install/glm/include/glm/ext/matrix_uint4x3.hpp
[2.424s] -- Installing: /home/mig/Documents/RL/install/glm/include/glm/ext/quaternion_common.inl
[2.424s] -- Installing: /home/mig/Documents/RL/install/glm/include/glm/ext/matrix_projection.hpp
[2.425s] -- Installing: /home/mig/Documents/RL/install/glm/include/glm/ext/quaternion_trigonometric.inl
[2.425s] -- Installing: /home/mig/Documents/RL/install/glm/include/glm/ext/vector_uint4.hpp
[2.425s] -- Installing: /home/mig/Documents/RL/install/glm/include/glm/ext/matrix_double4x3_precision.hpp
[2.425s] -- Installing: /home/mig/Documents/RL/install/glm/include/glm/ext/quaternion_float.hpp
[2.425s] -- Installing: /home/mig/Documents/RL/install/glm/include/glm/ext/matrix_double2x4.hpp
[2.425s] -- Installing: /home/mig/Documents/RL/install/glm/include/glm/ext/matrix_double4x2.hpp
[2.425s] -- Installing: /home/mig/Documents/RL/install/glm/include/glm/ext/matrix_double3x2.hpp
[2.426s] -- Installing: /home/mig/Documents/RL/install/glm/include/glm/ext/quaternion_transform.hpp
[2.426s] -- Installing: /home/mig/Documents/RL/install/glm/include/glm/ext/quaternion_geometric.hpp
[2.426s] -- Installing: /home/mig/Documents/RL/install/glm/include/glm/ext/matrix_double3x2_precision.hpp
[2.426s] -- Installing: /home/mig/Documents/RL/install/glm/include/glm/ext/matrix_clip_space.inl
[2.426s] -- Installing: /home/mig/Documents/RL/install/glm/include/glm/ext/vector_double1.hpp
[2.426s] -- Installing: /home/mig/Documents/RL/install/glm/include/glm/ext/vector_bool3.hpp
[2.426s] -- Installing: /home/mig/Documents/RL/install/glm/include/glm/ext/vector_int2_sized.hpp
[2.426s] -- Installing: /home/mig/Documents/RL/install/glm/include/glm/ext/vector_float3.hpp
[2.426s] -- Installing: /home/mig/Documents/RL/install/glm/include/glm/ext/matrix_uint3x4.hpp
[2.427s] -- Installing: /home/mig/Documents/RL/install/glm/include/glm/ext/matrix_int3x4.hpp
[2.427s] -- Installing: /home/mig/Documents/RL/install/glm/include/glm/ext/matrix_int2x2.hpp
[2.427s] -- Installing: /home/mig/Documents/RL/install/glm/include/glm/ext/vector_common.hpp
[2.427s] -- Installing: /home/mig/Documents/RL/install/glm/include/glm/ext/vector_float3_precision.hpp
[2.427s] -- Installing: /home/mig/Documents/RL/install/glm/include/glm/ext/_matrix_vectorize.hpp
[2.427s] -- Installing: /home/mig/Documents/RL/install/glm/include/glm/ext/matrix_float4x2_precision.hpp
[2.428s] -- Installing: /home/mig/Documents/RL/install/glm/include/glm/ext/vector_ulp.hpp
[2.428s] -- Installing: /home/mig/Documents/RL/install/glm/include/glm/ext/vector_int3_sized.hpp
[2.428s] -- Installing: /home/mig/Documents/RL/install/glm/include/glm/ext/vector_bool1_precision.hpp
[2.428s] -- Installing: /home/mig/Documents/RL/install/glm/include/glm/ext/matrix_float2x2_precision.hpp
[2.429s] -- Installing: /home/mig/Documents/RL/install/glm/include/glm/ext/matrix_uint4x3_sized.hpp
[2.429s] -- Installing: /home/mig/Documents/RL/install/glm/include/glm/ext/vector_uint1.hpp
[2.430s] -- Installing: /home/mig/Documents/RL/install/glm/include/glm/ext/matrix_double2x4_precision.hpp
[2.430s] -- Installing: /home/mig/Documents/RL/install/glm/include/glm/ext/matrix_uint2x2_sized.hpp
[2.430s] -- Installing: /home/mig/Documents/RL/install/glm/include/glm/ext/scalar_ulp.inl
[2.430s] -- Installing: /home/mig/Documents/RL/install/glm/include/glm/ext/vector_int3.hpp
[2.430s] -- Installing: /home/mig/Documents/RL/install/glm/include/glm/ext/matrix_double2x2_precision.hpp
[2.430s] -- Installing: /home/mig/Documents/RL/install/glm/include/glm/ext/matrix_float4x4_precision.hpp
[2.430s] -- Installing: /home/mig/Documents/RL/install/glm/include/glm/ext/matrix_int2x3.hpp
[2.433s] -- Installing: /home/mig/Documents/RL/install/glm/include/glm/ext/vector_int4.hpp
[2.433s] -- Installing: /home/mig/Documents/RL/install/glm/include/glm/ext/matrix_common.inl
[2.433s] -- Installing: /home/mig/Documents/RL/install/glm/include/glm/ext/scalar_constants.inl
[2.434s] -- Installing: /home/mig/Documents/RL/install/glm/include/glm/ext/matrix_integer.inl
[2.434s] -- Installing: /home/mig/Documents/RL/install/glm/include/glm/ext/matrix_double4x4_precision.hpp
[2.434s] -- Installing: /home/mig/Documents/RL/install/glm/include/glm/ext/matrix_int4x3_sized.hpp
[2.434s] -- Installing: /home/mig/Documents/RL/install/glm/include/glm/ext/vector_uint4_sized.hpp
[2.434s] -- Installing: /home/mig/Documents/RL/install/glm/include/glm/ext/matrix_uint2x4.hpp
[2.434s] -- Installing: /home/mig/Documents/RL/install/glm/include/glm/ext/matrix_float2x2.hpp
[2.434s] -- Installing: /home/mig/Documents/RL/install/glm/include/glm/ext/scalar_packing.inl
[2.434s] -- Installing: /home/mig/Documents/RL/install/glm/include/glm/ext/vector_uint2_sized.hpp
[2.434s] -- Installing: /home/mig/Documents/RL/install/glm/include/glm/ext/scalar_integer.inl
[2.434s] -- Installing: /home/mig/Documents/RL/install/glm/include/glm/ext/matrix_uint4x4.hpp
[2.434s] -- Installing: /home/mig/Documents/RL/install/glm/include/glm/ext/vector_bool2.hpp
[2.434s] -- Installing: /home/mig/Documents/RL/install/glm/include/glm/ext/vector_common.inl
[2.434s] -- Installing: /home/mig/Documents/RL/install/glm/include/glm/ext/matrix_uint2x4_sized.hpp
[2.436s] -- Installing: /home/mig/Documents/RL/install/glm/include/glm/ext/matrix_uint4x2.hpp
[2.436s] -- Installing: /home/mig/Documents/RL/install/glm/include/glm/ext/vector_double3_precision.hpp
[2.436s] -- Installing: /home/mig/Documents/RL/install/glm/include/glm/ext/matrix_int4x4_sized.hpp
[2.436s] -- Installing: /home/mig/Documents/RL/install/glm/include/glm/ext/vector_int4_sized.hpp
[2.436s] -- Installing: /home/mig/Documents/RL/install/glm/include/glm/ext/matrix_uint3x3.hpp
[2.436s] -- Installing: /home/mig/Documents/RL/install/glm/include/glm/ext/quaternion_geometric.inl
[2.436s] -- Installing: /home/mig/Documents/RL/install/glm/include/glm/ext/matrix_double2x2.hpp
[2.436s] -- Installing: /home/mig/Documents/RL/install/glm/include/glm/ext/vector_uint2.hpp
[2.436s] -- Installing: /home/mig/Documents/RL/install/glm/include/glm/ext/matrix_double4x4.hpp
[2.437s] -- Installing: /home/mig/Documents/RL/install/glm/include/glm/ext/matrix_float2x4_precision.hpp
[2.437s] -- Installing: /home/mig/Documents/RL/install/glm/include/glm/ext/quaternion_common.hpp
[2.437s] -- Installing: /home/mig/Documents/RL/install/glm/include/glm/ext/vector_reciprocal.inl
[2.437s] -- Installing: /home/mig/Documents/RL/install/glm/include/glm/ext/scalar_relational.inl
[2.437s] -- Installing: /home/mig/Documents/RL/install/glm/include/glm/ext/quaternion_relational.hpp
[2.443s] -- Installing: /home/mig/Documents/RL/install/glm/include/glm/ext/vector_int1_sized.hpp
[2.443s] -- Installing: /home/mig/Documents/RL/install/glm/include/glm/ext/scalar_integer.hpp
[2.444s] -- Installing: /home/mig/Documents/RL/install/glm/include/glm/ext/vector_float1.hpp
[2.444s] -- Installing: /home/mig/Documents/RL/install/glm/include/glm/ext/matrix_int3x2_sized.hpp
[2.444s] -- Installing: /home/mig/Documents/RL/install/glm/include/glm/ext/vector_uint3.hpp
[2.444s] -- Installing: /home/mig/Documents/RL/install/glm/include/glm/ext/vector_double2_precision.hpp
[2.444s] -- Installing: /home/mig/Documents/RL/install/glm/include/glm/ext/vector_reciprocal.hpp
[2.444s] -- Installing: /home/mig/Documents/RL/install/glm/include/glm/ext/vector_bool1.hpp
[2.444s] -- Installing: /home/mig/Documents/RL/install/glm/include/glm/ext/matrix_float3x2.hpp
[2.444s] -- Installing: /home/mig/Documents/RL/install/glm/include/glm/ext/matrix_int2x4.hpp
[2.444s] -- Installing: /home/mig/Documents/RL/install/glm/include/glm/ext/matrix_integer.hpp
[2.444s] -- Installing: /home/mig/Documents/RL/install/glm/include/glm/ext/matrix_int3x3.hpp
[2.444s] -- Installing: /home/mig/Documents/RL/install/glm/include/glm/ext/vector_relational.hpp
[2.444s] -- Installing: /home/mig/Documents/RL/install/glm/include/glm/ext/matrix_float4x3.hpp
[2.444s] -- Installing: /home/mig/Documents/RL/install/glm/include/glm/ext/matrix_int2x3_sized.hpp
[2.444s] -- Installing: /home/mig/Documents/RL/install/glm/include/glm/ext/matrix_double3x3.hpp
[2.444s] -- Installing: /home/mig/Documents/RL/install/glm/include/glm/ext/matrix_transform.inl
[2.444s] -- Installing: /home/mig/Documents/RL/install/glm/include/glm/ext/matrix_int2x2_sized.hpp
[2.444s] -- Installing: /home/mig/Documents/RL/install/glm/include/glm/ext/vector_float4.hpp
[2.444s] -- Installing: /home/mig/Documents/RL/install/glm/include/glm/ext/vector_float2_precision.hpp
[2.445s] -- Installing: /home/mig/Documents/RL/install/glm/include/glm/ext/vector_uint3_sized.hpp
[2.445s] -- Installing: /home/mig/Documents/RL/install/glm/include/glm/ext/matrix_float2x3.hpp
[2.445s] -- Installing: /home/mig/Documents/RL/install/glm/include/glm/ext/vector_double1_precision.hpp
[2.445s] -- Installing: /home/mig/Documents/RL/install/glm/include/glm/ext/matrix_float3x3_precision.hpp
[2.445s] -- Installing: /home/mig/Documents/RL/install/glm/include/glm/ext/quaternion_float_precision.hpp
[2.445s] -- Installing: /home/mig/Documents/RL/install/glm/include/glm/ext/matrix_double2x3.hpp
[2.445s] -- Installing: /home/mig/Documents/RL/install/glm/include/glm/ext/matrix_int2x4_sized.hpp
[2.445s] -- Installing: /home/mig/Documents/RL/install/glm/include/glm/ext/scalar_packing.hpp
[2.445s] -- Installing: /home/mig/Documents/RL/install/glm/include/glm/ext/scalar_int_sized.hpp
[2.445s] -- Installing: /home/mig/Documents/RL/install/glm/include/glm/ext/quaternion_double_precision.hpp
[2.445s] -- Installing: /home/mig/Documents/RL/install/glm/include/glm/ext/matrix_double2x3_precision.hpp
[2.445s] -- Installing: /home/mig/Documents/RL/install/glm/include/glm/ext/vector_double4_precision.hpp
[2.445s] -- Installing: /home/mig/Documents/RL/install/glm/include/glm/ext/quaternion_exponential.inl
[2.445s] -- Installing: /home/mig/Documents/RL/install/glm/include/glm/ext/matrix_int3x4_sized.hpp
[2.445s] -- Installing: /home/mig/Documents/RL/install/glm/include/glm/ext/vector_uint1_sized.hpp
[2.445s] -- Installing: /home/mig/Documents/RL/install/glm/include/glm/ext/matrix_int4x4.hpp
[2.447s] -- Installing: /home/mig/Documents/RL/install/glm/include/glm/ext/quaternion_double.hpp
[2.448s] -- Installing: /home/mig/Documents/RL/install/glm/include/glm/ext/vector_float1_precision.hpp
[2.448s] -- Installing: /home/mig/Documents/RL/install/glm/include/glm/ext/matrix_float3x2_precision.hpp
[2.448s] -- Installing: /home/mig/Documents/RL/install/glm/include/glm/ext/matrix_uint3x2_sized.hpp
[2.448s] -- Installing: /home/mig/Documents/RL/install/glm/include/glm/ext/scalar_common.inl
[2.448s] -- Installing: /home/mig/Documents/RL/install/glm/include/glm/ext/matrix_relational.hpp
[2.448s] -- Installing: /home/mig/Documents/RL/install/glm/include/glm/ext/vector_bool4.hpp
[2.448s] -- Installing: /home/mig/Documents/RL/install/glm/include/glm/ext/matrix_float3x4.hpp
[2.449s] -- Installing: /home/mig/Documents/RL/install/glm/include/glm/ext/matrix_double4x2_precision.hpp
[2.449s] -- Installing: /home/mig/Documents/RL/install/glm/include/glm/ext/scalar_reciprocal.inl
[2.452s] -- Installing: /home/mig/Documents/RL/install/glm/include/glm/ext/matrix_common.hpp
[2.453s] -- Installing: /home/mig/Documents/RL/install/glm/include/glm/ext/vector_bool3_precision.hpp
[2.453s] -- Installing: /home/mig/Documents/RL/install/glm/include/glm/ext/vector_double4.hpp
[2.453s] -- Installing: /home/mig/Documents/RL/install/glm/include/glm/ext/matrix_int3x2.hpp
[2.453s] -- Installing: /home/mig/Documents/RL/install/glm/include/glm/ext/vector_integer.hpp
[2.453s] -- Installing: /home/mig/Documents/RL/install/glm/include/glm/ext/matrix_relational.inl
[2.453s] -- Installing: /home/mig/Documents/RL/install/glm/include/glm/ext/quaternion_common_simd.inl
[2.453s] -- Installing: /home/mig/Documents/RL/install/glm/include/glm/vec2.hpp
[2.453s] -- Installing: /home/mig/Documents/RL/install/glm/include/glm/mat4x3.hpp
[2.453s] -- Installing: /home/mig/Documents/RL/install/glm/include/glm/mat4x2.hpp
[2.453s] -- Installing: /home/mig/Documents/RL/install/glm/include/glm/glm.cppm
[2.453s] -- Installing: /home/mig/Documents/RL/install/glm/include/glm/exponential.hpp
[2.453s] -- Installing: /home/mig/Documents/RL/install/glm/include/glm/trigonometric.hpp
[2.453s] -- Installing: /home/mig/Documents/RL/install/glm/include/glm/integer.hpp
[2.453s] -- Installing: /home/mig/Documents/RL/install/glm/include/glm/packing.hpp
[2.453s] -- Installing: /home/mig/Documents/RL/install/glm/include/glm/gtx
[2.453s] -- Installing: /home/mig/Documents/RL/install/glm/include/glm/gtx/vector_query.inl
[2.453s] -- Installing: /home/mig/Documents/RL/install/glm/include/glm/gtx/texture.inl
[2.454s] -- Installing: /home/mig/Documents/RL/install/glm/include/glm/gtx/associated_min_max.inl
[2.455s] -- Installing: /home/mig/Documents/RL/install/glm/include/glm/gtx/transform2.inl
[2.455s] -- Installing: /home/mig/Documents/RL/install/glm/include/glm/gtx/structured_bindings.inl
[2.455s] -- Installing: /home/mig/Documents/RL/install/glm/include/glm/gtx/scalar_relational.hpp
[2.455s] -- Installing: /home/mig/Documents/RL/install/glm/include/glm/gtx/io.hpp
[2.455s] -- Installing: /home/mig/Documents/RL/install/glm/include/glm/gtx/vector_angle.hpp
[2.455s] -- Installing: /home/mig/Documents/RL/install/glm/include/glm/gtx/color_space_YCoCg.hpp
[2.456s] -- Installing: /home/mig/Documents/RL/install/glm/include/glm/gtx/mixed_product.hpp
[2.456s] -- Installing: /home/mig/Documents/RL/install/glm/include/glm/gtx/projection.inl
[2.456s] -- Installing: /home/mig/Documents/RL/install/glm/include/glm/gtx/exterior_product.hpp
[2.456s] -- Installing: /home/mig/Documents/RL/install/glm/include/glm/gtx/normal.hpp
[2.456s] -- Installing: /home/mig/Documents/RL/install/glm/include/glm/gtx/matrix_interpolation.inl
[2.457s] -- Installing: /home/mig/Documents/RL/install/glm/include/glm/gtx/raw_data.inl
[2.459s] -- Installing: /home/mig/Documents/RL/install/glm/include/glm/gtx/easing.hpp
[2.460s] -- Installing: /home/mig/Documents/RL/install/glm/include/glm/gtx/extended_min_max.inl
[2.460s] -- Installing: /home/mig/Documents/RL/install/glm/include/glm/gtx/matrix_query.hpp
[2.460s] -- Installing: /home/mig/Documents/RL/install/glm/include/glm/gtx/euler_angles.hpp
[2.460s] -- Installing: /home/mig/Documents/RL/install/glm/include/glm/gtx/extend.inl
[2.460s] -- Installing: /home/mig/Documents/RL/install/glm/include/glm/gtx/wrap.inl
[2.460s] -- Installing: /home/mig/Documents/RL/install/glm/include/glm/gtx/structured_bindings.hpp
[2.461s] -- Installing: /home/mig/Documents/RL/install/glm/include/glm/gtx/normalize_dot.inl
[2.461s] -- Installing: /home/mig/Documents/RL/install/glm/include/glm/gtx/polar_coordinates.inl
[2.463s] -- Installing: /home/mig/Documents/RL/install/glm/include/glm/gtx/normal.inl
[2.463s] -- Installing: /home/mig/Documents/RL/install/glm/include/glm/gtx/scalar_multiplication.hpp
[2.463s] -- Installing: /home/mig/Documents/RL/install/glm/include/glm/gtx/float_normalize.inl
[2.464s] -- Installing: /home/mig/Documents/RL/install/glm/include/glm/gtx/orthonormalize.hpp
[2.464s] -- Installing: /home/mig/Documents/RL/install/glm/include/glm/gtx/string_cast.inl
[2.464s] -- Installing: /home/mig/Documents/RL/install/glm/include/glm/gtx/string_cast.hpp
[2.464s] -- Installing: /home/mig/Documents/RL/install/glm/include/glm/gtx/bit.inl
[2.464s] -- Installing: /home/mig/Documents/RL/install/glm/include/glm/gtx/gradient_paint.inl
[2.464s] -- Installing: /home/mig/Documents/RL/install/glm/include/glm/gtx/extended_min_max.hpp
[2.464s] -- Installing: /home/mig/Documents/RL/install/glm/include/glm/gtx/matrix_decompose.inl
[2.464s] -- Installing: /home/mig/Documents/RL/install/glm/include/glm/gtx/fast_exponential.inl
[2.465s] -- Installing: /home/mig/Documents/RL/install/glm/include/glm/gtx/polar_coordinates.hpp
[2.466s] -- Installing: /home/mig/Documents/RL/install/glm/include/glm/gtx/euler_angles.inl
[2.466s] -- Installing: /home/mig/Documents/RL/install/glm/include/glm/gtx/matrix_operation.inl
[2.466s] -- Installing: /home/mig/Documents/RL/install/glm/include/glm/gtx/texture.hpp
[2.466s] -- Installing: /home/mig/Documents/RL/install/glm/include/glm/gtx/matrix_transform_2d.hpp
[2.466s] -- Installing: /home/mig/Documents/RL/install/glm/include/glm/gtx/easing.inl
[2.467s] -- Installing: /home/mig/Documents/RL/install/glm/include/glm/gtx/pca.inl
[2.467s] -- Installing: /home/mig/Documents/RL/install/glm/include/glm/gtx/handed_coordinate_space.hpp
[2.467s] -- Installing: /home/mig/Documents/RL/install/glm/include/glm/gtx/color_space.hpp
[2.467s] -- Installing: /home/mig/Documents/RL/install/glm/include/glm/gtx/wrap.hpp
[2.467s] -- Installing: /home/mig/Documents/RL/install/glm/include/glm/gtx/spline.hpp
[2.467s] -- Installing: /home/mig/Documents/RL/install/glm/include/glm/gtx/rotate_vector.hpp
[2.468s] -- Installing: /home/mig/Documents/RL/install/glm/include/glm/gtx/vec_swizzle.hpp
[2.468s] -- Installing: /home/mig/Documents/RL/install/glm/include/glm/gtx/rotate_normalized_axis.inl
[2.468s] -- Installing: /home/mig/Documents/RL/install/glm/include/glm/gtx/vector_angle.inl
[2.468s] -- Installing: /home/mig/Documents/RL/install/glm/include/glm/gtx/matrix_cross_product.inl
[2.472s] -- Installing: /home/mig/Documents/RL/install/glm/include/glm/gtx/type_aligned.inl
[2.472s] -- Installing: /home/mig/Documents/RL/install/glm/include/glm/gtx/intersect.inl
[2.472s] -- Installing: /home/mig/Documents/RL/install/glm/include/glm/gtx/color_encoding.hpp
[2.472s] -- Installing: /home/mig/Documents/RL/install/glm/include/glm/gtx/norm.hpp
[2.472s] -- Installing: /home/mig/Documents/RL/install/glm/include/glm/gtx/quaternion.inl
[2.475s] -- Installing: /home/mig/Documents/RL/install/glm/include/glm/gtx/fast_trigonometry.inl
[2.476s] -- Installing: /home/mig/Documents/RL/install/glm/include/glm/gtx/number_precision.hpp
[2.476s] -- Installing: /home/mig/Documents/RL/install/glm/include/glm/gtx/extend.hpp
[2.476s] -- Installing: /home/mig/Documents/RL/install/glm/include/glm/gtx/quaternion.hpp
[2.476s] -- Installing: /home/mig/Documents/RL/install/glm/include/glm/gtx/perpendicular.hpp
[2.476s] -- Installing: /home/mig/Documents/RL/install/glm/include/glm/gtx/integer.hpp
[2.476s] -- Installing: /home/mig/Documents/RL/install/glm/include/glm/gtx/compatibility.inl
[2.476s] -- Installing: /home/mig/Documents/RL/install/glm/include/glm/gtx/orthonormalize.inl
[2.476s] -- Installing: /home/mig/Documents/RL/install/glm/include/glm/gtx/vector_query.hpp
[2.481s] -- Installing: /home/mig/Documents/RL/install/glm/include/glm/gtx/matrix_major_storage.inl
[2.482s] -- Installing: /home/mig/Documents/RL/install/glm/include/glm/gtx/transform.inl
[2.482s] -- Installing: /home/mig/Documents/RL/install/glm/include/glm/gtx/log_base.inl
[2.482s] -- Installing: /home/mig/Documents/RL/install/glm/include/glm/gtx/dual_quaternion.inl
[2.482s] -- Installing: /home/mig/Documents/RL/install/glm/include/glm/gtx/rotate_vector.inl
[2.482s] -- Installing: /home/mig/Documents/RL/install/glm/include/glm/gtx/matrix_major_storage.hpp
[2.482s] -- Installing: /home/mig/Documents/RL/install/glm/include/glm/gtx/normalize_dot.hpp
[2.482s] -- Installing: /home/mig/Documents/RL/install/glm/include/glm/gtx/fast_trigonometry.hpp
[2.482s] -- Installing: /home/mig/Documents/RL/install/glm/include/glm/gtx/bit.hpp
[2.482s] -- Installing: /home/mig/Documents/RL/install/glm/include/glm/gtx/fast_exponential.hpp
[2.482s] -- Installing: /home/mig/Documents/RL/install/glm/include/glm/gtx/matrix_factorisation.hpp
[2.482s] -- Installing: /home/mig/Documents/RL/install/glm/include/glm/gtx/scalar_relational.inl
[2.482s] -- Installing: /home/mig/Documents/RL/install/glm/include/glm/gtx/fast_square_root.hpp
[2.482s] -- Installing: /home/mig/Documents/RL/install/glm/include/glm/gtx/log_base.hpp
[2.482s] -- Installing: /home/mig/Documents/RL/install/glm/include/glm/gtx/color_space.inl
[2.482s] -- Installing: /home/mig/Documents/RL/install/glm/include/glm/gtx/range.hpp
[2.482s] -- Installing: /home/mig/Documents/RL/install/glm/include/glm/gtx/closest_point.hpp
[2.482s] -- Installing: /home/mig/Documents/RL/install/glm/include/glm/gtx/hash.hpp
[2.482s] -- Installing: /home/mig/Documents/RL/install/glm/include/glm/gtx/gradient_paint.hpp
[2.483s] -- Installing: /home/mig/Documents/RL/install/glm/include/glm/gtx/mixed_product.inl
[2.483s] -- Installing: /home/mig/Documents/RL/install/glm/include/glm/gtx/component_wise.hpp
[2.483s] -- Installing: /home/mig/Documents/RL/install/glm/include/glm/gtx/projection.hpp
[2.483s] -- Installing: /home/mig/Documents/RL/install/glm/include/glm/gtx/rotate_normalized_axis.hpp
[2.483s] -- Installing: /home/mig/Documents/RL/install/glm/include/glm/gtx/functions.inl
[2.483s] -- Installing: /home/mig/Documents/RL/install/glm/include/glm/gtx/handed_coordinate_space.inl
[2.483s] -- Installing: /home/mig/Documents/RL/install/glm/include/glm/gtx/io.inl
[2.483s] -- Installing: /home/mig/Documents/RL/install/glm/include/glm/gtx/perpendicular.inl
[2.483s] -- Installing: /home/mig/Documents/RL/install/glm/include/glm/gtx/color_space_YCoCg.inl
[2.483s] -- Installing: /home/mig/Documents/RL/install/glm/include/glm/gtx/functions.hpp
[2.483s] -- Installing: /home/mig/Documents/RL/install/glm/include/glm/gtx/matrix_query.inl
[2.483s] -- Installing: /home/mig/Documents/RL/install/glm/include/glm/gtx/type_aligned.hpp
[2.483s] -- Installing: /home/mig/Documents/RL/install/glm/include/glm/gtx/transform2.hpp
[2.484s] -- Installing: /home/mig/Documents/RL/install/glm/include/glm/gtx/component_wise.inl
[2.485s] -- Installing: /home/mig/Documents/RL/install/glm/include/glm/gtx/std_based_type.inl
[2.485s] -- Installing: /home/mig/Documents/RL/install/glm/include/glm/gtx/optimum_pow.inl
[2.485s] -- Installing: /home/mig/Documents/RL/install/glm/include/glm/gtx/spline.inl
[2.485s] -- Installing: /home/mig/Documents/RL/install/glm/include/glm/gtx/norm.inl
[2.485s] -- Installing: /home/mig/Documents/RL/install/glm/include/glm/gtx/pca.hpp
[2.485s] -- Installing: /home/mig/Documents/RL/install/glm/include/glm/gtx/dual_quaternion.hpp
[2.486s] -- Installing: /home/mig/Documents/RL/install/glm/include/glm/gtx/matrix_decompose.hpp
[2.486s] -- Installing: /home/mig/Documents/RL/install/glm/include/glm/gtx/intersect.hpp
[2.486s] -- Installing: /home/mig/Documents/RL/install/glm/include/glm/gtx/transform.hpp
[2.486s] -- Installing: /home/mig/Documents/RL/install/glm/include/glm/gtx/fast_square_root.inl
[2.486s] -- Installing: /home/mig/Documents/RL/install/glm/include/glm/gtx/color_encoding.inl
[2.489s] -- Installing: /home/mig/Documents/RL/install/glm/include/glm/gtx/type_trait.hpp
[2.493s] -- Installing: /home/mig/Documents/RL/install/glm/include/glm/gtx/common.inl
[2.493s] -- Installing: /home/mig/Documents/RL/install/glm/include/glm/gtx/matrix_cross_product.hpp
[2.493s] -- Installing: /home/mig/Documents/RL/install/glm/include/glm/gtx/matrix_factorisation.inl
[2.494s] -- Installing: /home/mig/Documents/RL/install/glm/include/glm/gtx/integer.inl
[2.494s] -- Installing: /home/mig/Documents/RL/install/glm/include/glm/gtx/exterior_product.inl
[2.494s] -- Installing: /home/mig/Documents/RL/install/glm/include/glm/gtx/std_based_type.hpp
[2.494s] -- Installing: /home/mig/Documents/RL/install/glm/include/glm/gtx/raw_data.hpp
[2.494s] -- Installing: /home/mig/Documents/RL/install/glm/include/glm/gtx/matrix_operation.hpp
[2.494s] -- Installing: /home/mig/Documents/RL/install/glm/include/glm/gtx/associated_min_max.hpp
[2.494s] -- Installing: /home/mig/Documents/RL/install/glm/include/glm/gtx/matrix_transform_2d.inl
[2.494s] -- Installing: /home/mig/Documents/RL/install/glm/include/glm/gtx/compatibility.hpp
[2.494s] -- Installing: /home/mig/Documents/RL/install/glm/include/glm/gtx/hash.inl
[2.494s] -- Installing: /home/mig/Documents/RL/install/glm/include/glm/gtx/type_trait.inl
[2.494s] -- Installing: /home/mig/Documents/RL/install/glm/include/glm/gtx/closest_point.inl
[2.494s] -- Installing: /home/mig/Documents/RL/install/glm/include/glm/gtx/matrix_interpolation.hpp
[2.495s] -- Installing: /home/mig/Documents/RL/install/glm/include/glm/gtx/common.hpp
[2.496s] -- Installing: /home/mig/Documents/RL/install/glm/include/glm/gtx/optimum_pow.hpp
[2.496s] -- Installing: /home/mig/Documents/RL/install/glm/include/glm/vector_relational.hpp
[2.496s] -- Installing: /home/mig/Documents/RL/install/glm/include/glm/mat3x2.hpp
[2.496s] -- Installing: /home/mig/Documents/RL/install/glm/include/glm/ext.hpp
[2.497s] -- Installing: /home/mig/Documents/RL/install/glm/include/glm/vec3.hpp
[2.497s] -- Installing: /home/mig/Documents/RL/install/glm/include/glm/gtc
[2.497s] -- Installing: /home/mig/Documents/RL/install/glm/include/glm/gtc/bitfield.hpp
[2.498s] -- Installing: /home/mig/Documents/RL/install/glm/include/glm/gtc/bitfield.inl
[2.498s] -- Installing: /home/mig/Documents/RL/install/glm/include/glm/gtc/vec1.hpp
[2.498s] -- Installing: /home/mig/Documents/RL/install/glm/include/glm/gtc/packing.inl
[2.498s] -- Installing: /home/mig/Documents/RL/install/glm/include/glm/gtc/matrix_transform.hpp
[2.498s] -- Installing: /home/mig/Documents/RL/install/glm/include/glm/gtc/epsilon.hpp
[2.498s] -- Installing: /home/mig/Documents/RL/install/glm/include/glm/gtc/reciprocal.hpp
[2.498s] -- Installing: /home/mig/Documents/RL/install/glm/include/glm/gtc/matrix_inverse.hpp
[2.499s] -- Installing: /home/mig/Documents/RL/install/glm/include/glm/gtc/type_ptr.hpp
[2.499s] -- Installing: /home/mig/Documents/RL/install/glm/include/glm/gtc/noise.hpp
[2.499s] -- Installing: /home/mig/Documents/RL/install/glm/include/glm/gtc/color_space.hpp
[2.499s] -- Installing: /home/mig/Documents/RL/install/glm/include/glm/gtc/type_precision.hpp
[2.500s] -- Installing: /home/mig/Documents/RL/install/glm/include/glm/gtc/quaternion.inl
[2.500s] -- Installing: /home/mig/Documents/RL/install/glm/include/glm/gtc/quaternion.hpp
[2.500s] -- Installing: /home/mig/Documents/RL/install/glm/include/glm/gtc/integer.hpp
[2.502s] -- Installing: /home/mig/Documents/RL/install/glm/include/glm/gtc/quaternion_simd.inl
[2.504s] -- Installing: /home/mig/Documents/RL/install/glm/include/glm/gtc/ulp.inl
[2.504s] -- Installing: /home/mig/Documents/RL/install/glm/include/glm/gtc/matrix_inverse.inl
[2.505s] -- Installing: /home/mig/Documents/RL/install/glm/include/glm/gtc/matrix_access.hpp
[2.505s] -- Installing: /home/mig/Documents/RL/install/glm/include/glm/gtc/packing.hpp
[2.505s] -- Installing: /home/mig/Documents/RL/install/glm/include/glm/gtc/type_ptr.inl
[2.505s] -- Installing: /home/mig/Documents/RL/install/glm/include/glm/gtc/color_space.inl
[2.505s] -- Installing: /home/mig/Documents/RL/install/glm/include/glm/gtc/constants.hpp
[2.505s] -- Installing: /home/mig/Documents/RL/install/glm/include/glm/gtc/matrix_access.inl
[2.505s] -- Installing: /home/mig/Documents/RL/install/glm/include/glm/gtc/round.hpp
[2.505s] -- Installing: /home/mig/Documents/RL/install/glm/include/glm/gtc/matrix_integer.hpp
[2.505s] -- Installing: /home/mig/Documents/RL/install/glm/include/glm/gtc/matrix_transform.inl
[2.505s] -- Installing: /home/mig/Documents/RL/install/glm/include/glm/gtc/type_aligned.hpp
[2.505s] -- Installing: /home/mig/Documents/RL/install/glm/include/glm/gtc/round.inl
[2.505s] -- Installing: /home/mig/Documents/RL/install/glm/include/glm/gtc/ulp.hpp
[2.505s] -- Installing: /home/mig/Documents/RL/install/glm/include/glm/gtc/constants.inl
[2.506s] -- Installing: /home/mig/Documents/RL/install/glm/include/glm/gtc/integer.inl
[2.508s] -- Installing: /home/mig/Documents/RL/install/glm/include/glm/gtc/random.inl
[2.509s] -- Installing: /home/mig/Documents/RL/install/glm/include/glm/gtc/noise.inl
[2.512s] -- Installing: /home/mig/Documents/RL/install/glm/include/glm/gtc/epsilon.inl
[2.513s] -- Installing: /home/mig/Documents/RL/install/glm/include/glm/gtc/type_precision.inl
[2.513s] -- Installing: /home/mig/Documents/RL/install/glm/include/glm/gtc/random.hpp
[2.513s] -- Installing: /home/mig/Documents/RL/install/glm/include/glm/mat2x3.hpp
[2.513s] -- Installing: /home/mig/Documents/RL/install/glm/include/glm/fwd.hpp
[2.513s] -- Installing: /home/mig/Documents/RL/install/glm/include/glm/mat3x3.hpp
[2.513s] -- Installing: /home/mig/Documents/RL/install/glm/include/glm/simd
[2.513s] -- Installing: /home/mig/Documents/RL/install/glm/include/glm/simd/geometric.h
[2.513s] -- Installing: /home/mig/Documents/RL/install/glm/include/glm/simd/platform.h
[2.513s] -- Installing: /home/mig/Documents/RL/install/glm/include/glm/simd/neon.h
[2.513s] -- Installing: /home/mig/Documents/RL/install/glm/include/glm/simd/trigonometric.h
[2.513s] -- Installing: /home/mig/Documents/RL/install/glm/include/glm/simd/vector_relational.h
[2.513s] -- Installing: /home/mig/Documents/RL/install/glm/include/glm/simd/matrix.h
[2.513s] -- Installing: /home/mig/Documents/RL/install/glm/include/glm/simd/exponential.h
[2.513s] -- Installing: /home/mig/Documents/RL/install/glm/include/glm/simd/integer.h
[2.513s] -- Installing: /home/mig/Documents/RL/install/glm/include/glm/simd/packing.h
[2.513s] -- Installing: /home/mig/Documents/RL/install/glm/include/glm/simd/common.h
[2.515s] -- Installing: /home/mig/Documents/RL/install/glm/include/glm/glm.hpp
[2.515s] -- Installing: /home/mig/Documents/RL/install/glm/include/glm/mat2x4.hpp
[2.515s] -- Installing: /home/mig/Documents/RL/install/glm/include/glm/vec4.hpp
[2.515s] -- Installing: /home/mig/Documents/RL/install/glm/include/glm/mat2x2.hpp
[2.515s] -- Installing: /home/mig/Documents/RL/install/glm/include/glm/common.hpp
[2.515s] -- Installing: /home/mig/Documents/RL/install/glm/share/glm/glmConfig.cmake
[2.515s] -- Installing: /home/mig/Documents/RL/install/glm/share/glm/glmConfig-noconfig.cmake
[2.515s] -- Installing: /home/mig/Documents/RL/install/glm/share/glm/glmConfigVersion.cmake
[2.529s] Invoked command in '/home/mig/Documents/RL/build/glm' returned '0': DEBUGINFOD_URLS=https://debuginfod.ubuntu.com VIRTUAL_ENV_PROMPT=(venv) /usr/bin/cmake --install /home/mig/Documents/RL/build/glm
