-- The CXX compiler identification is GNU 12.3.0
-- Detecting CXX compiler ABI info
-- Detecting CXX compiler ABI info - done
-- Check for working CXX compiler: /usr/bin/c++ - skipped
-- Detecting CXX compile features
-- Detecting CXX compile features - done
-- GLM: Version 1.0.2
-- GLM: Build with C++ features auto detection
-- Configuring done (0.2s)
-- Generating done (0.0s)
-- Build files have been written to: /home/mig/Documents/RL/build/glm
[ 50%] [32mBuilding CXX object glm/CMakeFiles/glm.dir/detail/glm.cpp.o[0m
[100%] [32m[1mLinking CXX static library libglm.a[0m
[100%] Built target glm
-- Install configuration: ""
-- Installing: /home/mig/Documents/RL/install/glm/lib/libglm.a
-- Installing: /home/mig/Documents/RL/install/glm/include/glm
-- Installing: /home/mig/Documents/RL/install/glm/include/glm/detail
-- Installing: /home/mig/Documents/RL/install/glm/include/glm/detail/func_trigonometric.inl
-- Installing: /home/mig/Documents/RL/install/glm/include/glm/detail/type_mat4x2.inl
-- Installing: /home/mig/Documents/RL/install/glm/include/glm/detail/_swizzle_func.hpp
-- Installing: /home/mig/Documents/RL/install/glm/include/glm/detail/func_exponential.inl
-- Installing: /home/mig/Documents/RL/install/glm/include/glm/detail/type_mat4x4.inl
-- Installing: /home/mig/Documents/RL/install/glm/include/glm/detail/type_mat2x4.inl
-- Installing: /home/mig/Documents/RL/install/glm/include/glm/detail/_fixes.hpp
-- Installing: /home/mig/Documents/RL/install/glm/include/glm/detail/type_vec2.hpp
-- Installing: /home/mig/Documents/RL/install/glm/include/glm/detail/_features.hpp
-- Installing: /home/mig/Documents/RL/install/glm/include/glm/detail/func_vector_relational.inl
-- Installing: /home/mig/Documents/RL/install/glm/include/glm/detail/type_mat2x4.hpp
-- Installing: /home/mig/Documents/RL/install/glm/include/glm/detail/type_mat4x2.hpp
-- Installing: /home/mig/Documents/RL/install/glm/include/glm/detail/func_packing_simd.inl
-- Installing: /home/mig/Documents/RL/install/glm/include/glm/detail/setup.hpp
-- Installing: /home/mig/Documents/RL/install/glm/include/glm/detail/type_quat_simd.inl
-- Installing: /home/mig/Documents/RL/install/glm/include/glm/detail/func_packing.inl
-- Installing: /home/mig/Documents/RL/install/glm/include/glm/detail/qualifier.hpp
-- Installing: /home/mig/Documents/RL/install/glm/include/glm/detail/_swizzle.hpp
-- Installing: /home/mig/Documents/RL/install/glm/include/glm/detail/func_integer_simd.inl
-- Installing: /home/mig/Documents/RL/install/glm/include/glm/detail/type_mat4x4_simd.inl
-- Installing: /home/mig/Documents/RL/install/glm/include/glm/detail/type_mat2x2.inl
-- Installing: /home/mig/Documents/RL/install/glm/include/glm/detail/type_mat3x3.inl
-- Installing: /home/mig/Documents/RL/install/glm/include/glm/detail/func_exponential_simd.inl
-- Installing: /home/mig/Documents/RL/install/glm/include/glm/detail/type_half.inl
-- Installing: /home/mig/Documents/RL/install/glm/include/glm/detail/func_geometric.inl
-- Installing: /home/mig/Documents/RL/install/glm/include/glm/detail/type_vec1.inl
-- Installing: /home/mig/Documents/RL/install/glm/include/glm/detail/func_common.inl
-- Installing: /home/mig/Documents/RL/install/glm/include/glm/detail/func_matrix_simd.inl
-- Installing: /home/mig/Documents/RL/install/glm/include/glm/detail/type_mat4x3.hpp
-- Installing: /home/mig/Documents/RL/install/glm/include/glm/detail/func_geometric_simd.inl
-- Installing: /home/mig/Documents/RL/install/glm/include/glm/detail/type_vec2.inl
-- Installing: /home/mig/Documents/RL/install/glm/include/glm/detail/type_mat3x3.hpp
-- Installing: /home/mig/Documents/RL/install/glm/include/glm/detail/func_vector_relational_simd.inl
-- Installing: /home/mig/Documents/RL/install/glm/include/glm/detail/type_float.hpp
-- Installing: /home/mig/Documents/RL/install/glm/include/glm/detail/type_mat3x4.hpp
-- Installing: /home/mig/Documents/RL/install/glm/include/glm/detail/func_matrix.inl
-- Installing: /home/mig/Documents/RL/install/glm/include/glm/detail/compute_vector_decl.hpp
-- Installing: /home/mig/Documents/RL/install/glm/include/glm/detail/type_mat4x4.hpp
-- Installing: /home/mig/Documents/RL/install/glm/include/glm/detail/func_trigonometric_simd.inl
-- Installing: /home/mig/Documents/RL/install/glm/include/glm/detail/type_vec_simd.inl
-- Installing: /home/mig/Documents/RL/install/glm/include/glm/detail/type_mat2x3.inl
-- Installing: /home/mig/Documents/RL/install/glm/include/glm/detail/compute_vector_relational.hpp
-- Installing: /home/mig/Documents/RL/install/glm/include/glm/detail/func_integer.inl
-- Installing: /home/mig/Documents/RL/install/glm/include/glm/detail/glm.cpp
-- Installing: /home/mig/Documents/RL/install/glm/include/glm/detail/_vectorize.hpp
-- Installing: /home/mig/Documents/RL/install/glm/include/glm/detail/type_vec3.inl
-- Installing: /home/mig/Documents/RL/install/glm/include/glm/detail/type_quat.hpp
-- Installing: /home/mig/Documents/RL/install/glm/include/glm/detail/compute_common.hpp
-- Installing: /home/mig/Documents/RL/install/glm/include/glm/detail/type_vec1.hpp
-- Installing: /home/mig/Documents/RL/install/glm/include/glm/detail/type_vec3.hpp
-- Installing: /home/mig/Documents/RL/install/glm/include/glm/detail/type_mat4x3.inl
-- Installing: /home/mig/Documents/RL/install/glm/include/glm/detail/type_vec4.hpp
-- Installing: /home/mig/Documents/RL/install/glm/include/glm/detail/type_mat3x2.hpp
-- Installing: /home/mig/Documents/RL/install/glm/include/glm/detail/type_mat3x4.inl
-- Installing: /home/mig/Documents/RL/install/glm/include/glm/detail/type_quat.inl
-- Installing: /home/mig/Documents/RL/install/glm/include/glm/detail/type_mat2x3.hpp
-- Installing: /home/mig/Documents/RL/install/glm/include/glm/detail/type_mat3x2.inl
-- Installing: /home/mig/Documents/RL/install/glm/include/glm/detail/_noise.hpp
-- Installing: /home/mig/Documents/RL/install/glm/include/glm/detail/type_mat2x2.hpp
-- Installing: /home/mig/Documents/RL/install/glm/include/glm/detail/type_vec4.inl
-- Installing: /home/mig/Documents/RL/install/glm/include/glm/detail/type_half.hpp
-- Installing: /home/mig/Documents/RL/install/glm/include/glm/detail/func_common_simd.inl
-- Installing: /home/mig/Documents/RL/install/glm/include/glm/mat3x4.hpp
-- Installing: /home/mig/Documents/RL/install/glm/include/glm/geometric.hpp
-- Installing: /home/mig/Documents/RL/install/glm/include/glm/mat4x4.hpp
-- Installing: /home/mig/Documents/RL/install/glm/include/glm/matrix.hpp
-- Installing: /home/mig/Documents/RL/install/glm/include/glm/ext
-- Installing: /home/mig/Documents/RL/install/glm/include/glm/ext/matrix_clip_space.hpp
-- Installing: /home/mig/Documents/RL/install/glm/include/glm/ext/matrix_uint3x4_sized.hpp
-- Installing: /home/mig/Documents/RL/install/glm/include/glm/ext/vector_float2.hpp
-- Installing: /home/mig/Documents/RL/install/glm/include/glm/ext/matrix_uint3x2.hpp
-- Installing: /home/mig/Documents/RL/install/glm/include/glm/ext/scalar_relational.hpp
-- Installing: /home/mig/Documents/RL/install/glm/include/glm/ext/matrix_projection.inl
-- Installing: /home/mig/Documents/RL/install/glm/include/glm/ext/scalar_common.hpp
-- Installing: /home/mig/Documents/RL/install/glm/include/glm/ext/matrix_float2x4.hpp
-- Installing: /home/mig/Documents/RL/install/glm/include/glm/ext/matrix_uint2x2.hpp
-- Installing: /home/mig/Documents/RL/install/glm/include/glm/ext/vector_relational.inl
-- Installing: /home/mig/Documents/RL/install/glm/include/glm/ext/vector_int2.hpp
-- Installing: /home/mig/Documents/RL/install/glm/include/glm/ext/quaternion_exponential.hpp
-- Installing: /home/mig/Documents/RL/install/glm/include/glm/ext/matrix_int4x3.hpp
-- Installing: /home/mig/Documents/RL/install/glm/include/glm/ext/quaternion_transform.inl
-- Installing: /home/mig/Documents/RL/install/glm/include/glm/ext/matrix_float3x3.hpp
-- Installing: /home/mig/Documents/RL/install/glm/include/glm/ext/matrix_double4x3.hpp
-- Installing: /home/mig/Documents/RL/install/glm/include/glm/ext/matrix_double3x3_precision.hpp
-- Installing: /home/mig/Documents/RL/install/glm/include/glm/ext/quaternion_relational.inl
-- Installing: /home/mig/Documents/RL/install/glm/include/glm/ext/matrix_int4x2_sized.hpp
-- Installing: /home/mig/Documents/RL/install/glm/include/glm/ext/vector_double2.hpp
-- Installing: /home/mig/Documents/RL/install/glm/include/glm/ext/vector_packing.hpp
-- Installing: /home/mig/Documents/RL/install/glm/include/glm/ext/scalar_ulp.hpp
-- Installing: /home/mig/Documents/RL/install/glm/include/glm/ext/vector_ulp.inl
-- Installing: /home/mig/Documents/RL/install/glm/include/glm/ext/matrix_uint2x3.hpp
-- Installing: /home/mig/Documents/RL/install/glm/include/glm/ext/vector_int1.hpp
-- Installing: /home/mig/Documents/RL/install/glm/include/glm/ext/matrix_int3x3_sized.hpp
-- Installing: /home/mig/Documents/RL/install/glm/include/glm/ext/vector_integer.inl
-- Installing: /home/mig/Documents/RL/install/glm/include/glm/ext/matrix_float3x4_precision.hpp
-- Installing: /home/mig/Documents/RL/install/glm/include/glm/ext/matrix_float4x3_precision.hpp
-- Installing: /home/mig/Documents/RL/install/glm/include/glm/ext/scalar_reciprocal.hpp
-- Installing: /home/mig/Documents/RL/install/glm/include/glm/ext/matrix_double3x4.hpp
-- Installing: /home/mig/Documents/RL/install/glm/include/glm/ext/vector_bool4_precision.hpp
-- Installing: /home/mig/Documents/RL/install/glm/include/glm/ext/vector_packing.inl
-- Installing: /home/mig/Documents/RL/install/glm/include/glm/ext/matrix_float4x2.hpp
-- Installing: /home/mig/Documents/RL/install/glm/include/glm/ext/matrix_transform.hpp
-- Installing: /home/mig/Documents/RL/install/glm/include/glm/ext/vector_float4_precision.hpp
-- Installing: /home/mig/Documents/RL/install/glm/include/glm/ext/vector_double3.hpp
-- Installing: /home/mig/Documents/RL/install/glm/include/glm/ext/matrix_int4x2.hpp
-- Installing: /home/mig/Documents/RL/install/glm/include/glm/ext/matrix_double3x4_precision.hpp
-- Installing: /home/mig/Documents/RL/install/glm/include/glm/ext/matrix_uint4x4_sized.hpp
-- Installing: /home/mig/Documents/RL/install/glm/include/glm/ext/matrix_uint3x3_sized.hpp
-- Installing: /home/mig/Documents/RL/install/glm/include/glm/ext/scalar_uint_sized.hpp
-- Installing: /home/mig/Documents/RL/install/glm/include/glm/ext/quaternion_trigonometric.hpp
-- Installing: /home/mig/Documents/RL/install/glm/include/glm/ext/matrix_uint4x2_sized.hpp
-- Installing: /home/mig/Documents/RL/install/glm/include/glm/ext/matrix_uint2x3_sized.hpp
-- Installing: /home/mig/Documents/RL/install/glm/include/glm/ext/vector_bool2_precision.hpp
-- Installing: /home/mig/Documents/RL/install/glm/include/glm/ext/matrix_float2x3_precision.hpp
-- Installing: /home/mig/Documents/RL/install/glm/include/glm/ext/matrix_float4x4.hpp
-- Installing: /home/mig/Documents/RL/install/glm/include/glm/ext/scalar_constants.hpp
-- Installing: /home/mig/Documents/RL/install/glm/include/glm/ext/matrix_uint4x3.hpp
-- Installing: /home/mig/Documents/RL/install/glm/include/glm/ext/quaternion_common.inl
-- Installing: /home/mig/Documents/RL/install/glm/include/glm/ext/matrix_projection.hpp
-- Installing: /home/mig/Documents/RL/install/glm/include/glm/ext/quaternion_trigonometric.inl
-- Installing: /home/mig/Documents/RL/install/glm/include/glm/ext/vector_uint4.hpp
-- Installing: /home/mig/Documents/RL/install/glm/include/glm/ext/matrix_double4x3_precision.hpp
-- Installing: /home/mig/Documents/RL/install/glm/include/glm/ext/quaternion_float.hpp
-- Installing: /home/mig/Documents/RL/install/glm/include/glm/ext/matrix_double2x4.hpp
-- Installing: /home/mig/Documents/RL/install/glm/include/glm/ext/matrix_double4x2.hpp
-- Installing: /home/mig/Documents/RL/install/glm/include/glm/ext/matrix_double3x2.hpp
-- Installing: /home/mig/Documents/RL/install/glm/include/glm/ext/quaternion_transform.hpp
-- Installing: /home/mig/Documents/RL/install/glm/include/glm/ext/quaternion_geometric.hpp
-- Installing: /home/mig/Documents/RL/install/glm/include/glm/ext/matrix_double3x2_precision.hpp
-- Installing: /home/mig/Documents/RL/install/glm/include/glm/ext/matrix_clip_space.inl
-- Installing: /home/mig/Documents/RL/install/glm/include/glm/ext/vector_double1.hpp
-- Installing: /home/mig/Documents/RL/install/glm/include/glm/ext/vector_bool3.hpp
-- Installing: /home/mig/Documents/RL/install/glm/include/glm/ext/vector_int2_sized.hpp
-- Installing: /home/mig/Documents/RL/install/glm/include/glm/ext/vector_float3.hpp
-- Installing: /home/mig/Documents/RL/install/glm/include/glm/ext/matrix_uint3x4.hpp
-- Installing: /home/mig/Documents/RL/install/glm/include/glm/ext/matrix_int3x4.hpp
-- Installing: /home/mig/Documents/RL/install/glm/include/glm/ext/matrix_int2x2.hpp
-- Installing: /home/mig/Documents/RL/install/glm/include/glm/ext/vector_common.hpp
-- Installing: /home/mig/Documents/RL/install/glm/include/glm/ext/vector_float3_precision.hpp
-- Installing: /home/mig/Documents/RL/install/glm/include/glm/ext/_matrix_vectorize.hpp
-- Installing: /home/mig/Documents/RL/install/glm/include/glm/ext/matrix_float4x2_precision.hpp
-- Installing: /home/mig/Documents/RL/install/glm/include/glm/ext/vector_ulp.hpp
-- Installing: /home/mig/Documents/RL/install/glm/include/glm/ext/vector_int3_sized.hpp
-- Installing: /home/mig/Documents/RL/install/glm/include/glm/ext/vector_bool1_precision.hpp
-- Installing: /home/mig/Documents/RL/install/glm/include/glm/ext/matrix_float2x2_precision.hpp
-- Installing: /home/mig/Documents/RL/install/glm/include/glm/ext/matrix_uint4x3_sized.hpp
-- Installing: /home/mig/Documents/RL/install/glm/include/glm/ext/vector_uint1.hpp
-- Installing: /home/mig/Documents/RL/install/glm/include/glm/ext/matrix_double2x4_precision.hpp
-- Installing: /home/mig/Documents/RL/install/glm/include/glm/ext/matrix_uint2x2_sized.hpp
-- Installing: /home/mig/Documents/RL/install/glm/include/glm/ext/scalar_ulp.inl
-- Installing: /home/mig/Documents/RL/install/glm/include/glm/ext/vector_int3.hpp
-- Installing: /home/mig/Documents/RL/install/glm/include/glm/ext/matrix_double2x2_precision.hpp
-- Installing: /home/mig/Documents/RL/install/glm/include/glm/ext/matrix_float4x4_precision.hpp
-- Installing: /home/mig/Documents/RL/install/glm/include/glm/ext/matrix_int2x3.hpp
-- Installing: /home/mig/Documents/RL/install/glm/include/glm/ext/vector_int4.hpp
-- Installing: /home/mig/Documents/RL/install/glm/include/glm/ext/matrix_common.inl
-- Installing: /home/mig/Documents/RL/install/glm/include/glm/ext/scalar_constants.inl
-- Installing: /home/mig/Documents/RL/install/glm/include/glm/ext/matrix_integer.inl
-- Installing: /home/mig/Documents/RL/install/glm/include/glm/ext/matrix_double4x4_precision.hpp
-- Installing: /home/mig/Documents/RL/install/glm/include/glm/ext/matrix_int4x3_sized.hpp
-- Installing: /home/mig/Documents/RL/install/glm/include/glm/ext/vector_uint4_sized.hpp
-- Installing: /home/mig/Documents/RL/install/glm/include/glm/ext/matrix_uint2x4.hpp
-- Installing: /home/mig/Documents/RL/install/glm/include/glm/ext/matrix_float2x2.hpp
-- Installing: /home/mig/Documents/RL/install/glm/include/glm/ext/scalar_packing.inl
-- Installing: /home/mig/Documents/RL/install/glm/include/glm/ext/vector_uint2_sized.hpp
-- Installing: /home/mig/Documents/RL/install/glm/include/glm/ext/scalar_integer.inl
-- Installing: /home/mig/Documents/RL/install/glm/include/glm/ext/matrix_uint4x4.hpp
-- Installing: /home/mig/Documents/RL/install/glm/include/glm/ext/vector_bool2.hpp
-- Installing: /home/mig/Documents/RL/install/glm/include/glm/ext/vector_common.inl
-- Installing: /home/mig/Documents/RL/install/glm/include/glm/ext/matrix_uint2x4_sized.hpp
-- Installing: /home/mig/Documents/RL/install/glm/include/glm/ext/matrix_uint4x2.hpp
-- Installing: /home/mig/Documents/RL/install/glm/include/glm/ext/vector_double3_precision.hpp
-- Installing: /home/mig/Documents/RL/install/glm/include/glm/ext/matrix_int4x4_sized.hpp
-- Installing: /home/mig/Documents/RL/install/glm/include/glm/ext/vector_int4_sized.hpp
-- Installing: /home/mig/Documents/RL/install/glm/include/glm/ext/matrix_uint3x3.hpp
-- Installing: /home/mig/Documents/RL/install/glm/include/glm/ext/quaternion_geometric.inl
-- Installing: /home/mig/Documents/RL/install/glm/include/glm/ext/matrix_double2x2.hpp
-- Installing: /home/mig/Documents/RL/install/glm/include/glm/ext/vector_uint2.hpp
-- Installing: /home/mig/Documents/RL/install/glm/include/glm/ext/matrix_double4x4.hpp
-- Installing: /home/mig/Documents/RL/install/glm/include/glm/ext/matrix_float2x4_precision.hpp
-- Installing: /home/mig/Documents/RL/install/glm/include/glm/ext/quaternion_common.hpp
-- Installing: /home/mig/Documents/RL/install/glm/include/glm/ext/vector_reciprocal.inl
-- Installing: /home/mig/Documents/RL/install/glm/include/glm/ext/scalar_relational.inl
-- Installing: /home/mig/Documents/RL/install/glm/include/glm/ext/quaternion_relational.hpp
-- Installing: /home/mig/Documents/RL/install/glm/include/glm/ext/vector_int1_sized.hpp
-- Installing: /home/mig/Documents/RL/install/glm/include/glm/ext/scalar_integer.hpp
-- Installing: /home/mig/Documents/RL/install/glm/include/glm/ext/vector_float1.hpp
-- Installing: /home/mig/Documents/RL/install/glm/include/glm/ext/matrix_int3x2_sized.hpp
-- Installing: /home/mig/Documents/RL/install/glm/include/glm/ext/vector_uint3.hpp
-- Installing: /home/mig/Documents/RL/install/glm/include/glm/ext/vector_double2_precision.hpp
-- Installing: /home/mig/Documents/RL/install/glm/include/glm/ext/vector_reciprocal.hpp
-- Installing: /home/mig/Documents/RL/install/glm/include/glm/ext/vector_bool1.hpp
-- Installing: /home/mig/Documents/RL/install/glm/include/glm/ext/matrix_float3x2.hpp
-- Installing: /home/mig/Documents/RL/install/glm/include/glm/ext/matrix_int2x4.hpp
-- Installing: /home/mig/Documents/RL/install/glm/include/glm/ext/matrix_integer.hpp
-- Installing: /home/mig/Documents/RL/install/glm/include/glm/ext/matrix_int3x3.hpp
-- Installing: /home/mig/Documents/RL/install/glm/include/glm/ext/vector_relational.hpp
-- Installing: /home/mig/Documents/RL/install/glm/include/glm/ext/matrix_float4x3.hpp
-- Installing: /home/mig/Documents/RL/install/glm/include/glm/ext/matrix_int2x3_sized.hpp
-- Installing: /home/mig/Documents/RL/install/glm/include/glm/ext/matrix_double3x3.hpp
-- Installing: /home/mig/Documents/RL/install/glm/include/glm/ext/matrix_transform.inl
-- Installing: /home/mig/Documents/RL/install/glm/include/glm/ext/matrix_int2x2_sized.hpp
-- Installing: /home/mig/Documents/RL/install/glm/include/glm/ext/vector_float4.hpp
-- Installing: /home/mig/Documents/RL/install/glm/include/glm/ext/vector_float2_precision.hpp
-- Installing: /home/mig/Documents/RL/install/glm/include/glm/ext/vector_uint3_sized.hpp
-- Installing: /home/mig/Documents/RL/install/glm/include/glm/ext/matrix_float2x3.hpp
-- Installing: /home/mig/Documents/RL/install/glm/include/glm/ext/vector_double1_precision.hpp
-- Installing: /home/mig/Documents/RL/install/glm/include/glm/ext/matrix_float3x3_precision.hpp
-- Installing: /home/mig/Documents/RL/install/glm/include/glm/ext/quaternion_float_precision.hpp
-- Installing: /home/mig/Documents/RL/install/glm/include/glm/ext/matrix_double2x3.hpp
-- Installing: /home/mig/Documents/RL/install/glm/include/glm/ext/matrix_int2x4_sized.hpp
-- Installing: /home/mig/Documents/RL/install/glm/include/glm/ext/scalar_packing.hpp
-- Installing: /home/mig/Documents/RL/install/glm/include/glm/ext/scalar_int_sized.hpp
-- Installing: /home/mig/Documents/RL/install/glm/include/glm/ext/quaternion_double_precision.hpp
-- Installing: /home/mig/Documents/RL/install/glm/include/glm/ext/matrix_double2x3_precision.hpp
-- Installing: /home/mig/Documents/RL/install/glm/include/glm/ext/vector_double4_precision.hpp
-- Installing: /home/mig/Documents/RL/install/glm/include/glm/ext/quaternion_exponential.inl
-- Installing: /home/mig/Documents/RL/install/glm/include/glm/ext/matrix_int3x4_sized.hpp
-- Installing: /home/mig/Documents/RL/install/glm/include/glm/ext/vector_uint1_sized.hpp
-- Installing: /home/mig/Documents/RL/install/glm/include/glm/ext/matrix_int4x4.hpp
-- Installing: /home/mig/Documents/RL/install/glm/include/glm/ext/quaternion_double.hpp
-- Installing: /home/mig/Documents/RL/install/glm/include/glm/ext/vector_float1_precision.hpp
-- Installing: /home/mig/Documents/RL/install/glm/include/glm/ext/matrix_float3x2_precision.hpp
-- Installing: /home/mig/Documents/RL/install/glm/include/glm/ext/matrix_uint3x2_sized.hpp
-- Installing: /home/mig/Documents/RL/install/glm/include/glm/ext/scalar_common.inl
-- Installing: /home/mig/Documents/RL/install/glm/include/glm/ext/matrix_relational.hpp
-- Installing: /home/mig/Documents/RL/install/glm/include/glm/ext/vector_bool4.hpp
-- Installing: /home/mig/Documents/RL/install/glm/include/glm/ext/matrix_float3x4.hpp
-- Installing: /home/mig/Documents/RL/install/glm/include/glm/ext/matrix_double4x2_precision.hpp
-- Installing: /home/mig/Documents/RL/install/glm/include/glm/ext/scalar_reciprocal.inl
-- Installing: /home/mig/Documents/RL/install/glm/include/glm/ext/matrix_common.hpp
-- Installing: /home/mig/Documents/RL/install/glm/include/glm/ext/vector_bool3_precision.hpp
-- Installing: /home/mig/Documents/RL/install/glm/include/glm/ext/vector_double4.hpp
-- Installing: /home/mig/Documents/RL/install/glm/include/glm/ext/matrix_int3x2.hpp
-- Installing: /home/mig/Documents/RL/install/glm/include/glm/ext/vector_integer.hpp
-- Installing: /home/mig/Documents/RL/install/glm/include/glm/ext/matrix_relational.inl
-- Installing: /home/mig/Documents/RL/install/glm/include/glm/ext/quaternion_common_simd.inl
-- Installing: /home/mig/Documents/RL/install/glm/include/glm/vec2.hpp
-- Installing: /home/mig/Documents/RL/install/glm/include/glm/mat4x3.hpp
-- Installing: /home/mig/Documents/RL/install/glm/include/glm/mat4x2.hpp
-- Installing: /home/mig/Documents/RL/install/glm/include/glm/glm.cppm
-- Installing: /home/mig/Documents/RL/install/glm/include/glm/exponential.hpp
-- Installing: /home/mig/Documents/RL/install/glm/include/glm/trigonometric.hpp
-- Installing: /home/mig/Documents/RL/install/glm/include/glm/integer.hpp
-- Installing: /home/mig/Documents/RL/install/glm/include/glm/packing.hpp
-- Installing: /home/mig/Documents/RL/install/glm/include/glm/gtx
-- Installing: /home/mig/Documents/RL/install/glm/include/glm/gtx/vector_query.inl
-- Installing: /home/mig/Documents/RL/install/glm/include/glm/gtx/texture.inl
-- Installing: /home/mig/Documents/RL/install/glm/include/glm/gtx/associated_min_max.inl
-- Installing: /home/mig/Documents/RL/install/glm/include/glm/gtx/transform2.inl
-- Installing: /home/mig/Documents/RL/install/glm/include/glm/gtx/structured_bindings.inl
-- Installing: /home/mig/Documents/RL/install/glm/include/glm/gtx/scalar_relational.hpp
-- Installing: /home/mig/Documents/RL/install/glm/include/glm/gtx/io.hpp
-- Installing: /home/mig/Documents/RL/install/glm/include/glm/gtx/vector_angle.hpp
-- Installing: /home/mig/Documents/RL/install/glm/include/glm/gtx/color_space_YCoCg.hpp
-- Installing: /home/mig/Documents/RL/install/glm/include/glm/gtx/mixed_product.hpp
-- Installing: /home/mig/Documents/RL/install/glm/include/glm/gtx/projection.inl
-- Installing: /home/mig/Documents/RL/install/glm/include/glm/gtx/exterior_product.hpp
-- Installing: /home/mig/Documents/RL/install/glm/include/glm/gtx/normal.hpp
-- Installing: /home/mig/Documents/RL/install/glm/include/glm/gtx/matrix_interpolation.inl
-- Installing: /home/mig/Documents/RL/install/glm/include/glm/gtx/raw_data.inl
-- Installing: /home/mig/Documents/RL/install/glm/include/glm/gtx/easing.hpp
-- Installing: /home/mig/Documents/RL/install/glm/include/glm/gtx/extended_min_max.inl
-- Installing: /home/mig/Documents/RL/install/glm/include/glm/gtx/matrix_query.hpp
-- Installing: /home/mig/Documents/RL/install/glm/include/glm/gtx/euler_angles.hpp
-- Installing: /home/mig/Documents/RL/install/glm/include/glm/gtx/extend.inl
-- Installing: /home/mig/Documents/RL/install/glm/include/glm/gtx/wrap.inl
-- Installing: /home/mig/Documents/RL/install/glm/include/glm/gtx/structured_bindings.hpp
-- Installing: /home/mig/Documents/RL/install/glm/include/glm/gtx/normalize_dot.inl
-- Installing: /home/mig/Documents/RL/install/glm/include/glm/gtx/polar_coordinates.inl
-- Installing: /home/mig/Documents/RL/install/glm/include/glm/gtx/normal.inl
-- Installing: /home/mig/Documents/RL/install/glm/include/glm/gtx/scalar_multiplication.hpp
-- Installing: /home/mig/Documents/RL/install/glm/include/glm/gtx/float_normalize.inl
-- Installing: /home/mig/Documents/RL/install/glm/include/glm/gtx/orthonormalize.hpp
-- Installing: /home/mig/Documents/RL/install/glm/include/glm/gtx/string_cast.inl
-- Installing: /home/mig/Documents/RL/install/glm/include/glm/gtx/string_cast.hpp
-- Installing: /home/mig/Documents/RL/install/glm/include/glm/gtx/bit.inl
-- Installing: /home/mig/Documents/RL/install/glm/include/glm/gtx/gradient_paint.inl
-- Installing: /home/mig/Documents/RL/install/glm/include/glm/gtx/extended_min_max.hpp
-- Installing: /home/mig/Documents/RL/install/glm/include/glm/gtx/matrix_decompose.inl
-- Installing: /home/mig/Documents/RL/install/glm/include/glm/gtx/fast_exponential.inl
-- Installing: /home/mig/Documents/RL/install/glm/include/glm/gtx/polar_coordinates.hpp
-- Installing: /home/mig/Documents/RL/install/glm/include/glm/gtx/euler_angles.inl
-- Installing: /home/mig/Documents/RL/install/glm/include/glm/gtx/matrix_operation.inl
-- Installing: /home/mig/Documents/RL/install/glm/include/glm/gtx/texture.hpp
-- Installing: /home/mig/Documents/RL/install/glm/include/glm/gtx/matrix_transform_2d.hpp
-- Installing: /home/mig/Documents/RL/install/glm/include/glm/gtx/easing.inl
-- Installing: /home/mig/Documents/RL/install/glm/include/glm/gtx/pca.inl
-- Installing: /home/mig/Documents/RL/install/glm/include/glm/gtx/handed_coordinate_space.hpp
-- Installing: /home/mig/Documents/RL/install/glm/include/glm/gtx/color_space.hpp
-- Installing: /home/mig/Documents/RL/install/glm/include/glm/gtx/wrap.hpp
-- Installing: /home/mig/Documents/RL/install/glm/include/glm/gtx/spline.hpp
-- Installing: /home/mig/Documents/RL/install/glm/include/glm/gtx/rotate_vector.hpp
-- Installing: /home/mig/Documents/RL/install/glm/include/glm/gtx/vec_swizzle.hpp
-- Installing: /home/mig/Documents/RL/install/glm/include/glm/gtx/rotate_normalized_axis.inl
-- Installing: /home/mig/Documents/RL/install/glm/include/glm/gtx/vector_angle.inl
-- Installing: /home/mig/Documents/RL/install/glm/include/glm/gtx/matrix_cross_product.inl
-- Installing: /home/mig/Documents/RL/install/glm/include/glm/gtx/type_aligned.inl
-- Installing: /home/mig/Documents/RL/install/glm/include/glm/gtx/intersect.inl
-- Installing: /home/mig/Documents/RL/install/glm/include/glm/gtx/color_encoding.hpp
-- Installing: /home/mig/Documents/RL/install/glm/include/glm/gtx/norm.hpp
-- Installing: /home/mig/Documents/RL/install/glm/include/glm/gtx/quaternion.inl
-- Installing: /home/mig/Documents/RL/install/glm/include/glm/gtx/fast_trigonometry.inl
-- Installing: /home/mig/Documents/RL/install/glm/include/glm/gtx/number_precision.hpp
-- Installing: /home/mig/Documents/RL/install/glm/include/glm/gtx/extend.hpp
-- Installing: /home/mig/Documents/RL/install/glm/include/glm/gtx/quaternion.hpp
-- Installing: /home/mig/Documents/RL/install/glm/include/glm/gtx/perpendicular.hpp
-- Installing: /home/mig/Documents/RL/install/glm/include/glm/gtx/integer.hpp
-- Installing: /home/mig/Documents/RL/install/glm/include/glm/gtx/compatibility.inl
-- Installing: /home/mig/Documents/RL/install/glm/include/glm/gtx/orthonormalize.inl
-- Installing: /home/mig/Documents/RL/install/glm/include/glm/gtx/vector_query.hpp
-- Installing: /home/mig/Documents/RL/install/glm/include/glm/gtx/matrix_major_storage.inl
-- Installing: /home/mig/Documents/RL/install/glm/include/glm/gtx/transform.inl
-- Installing: /home/mig/Documents/RL/install/glm/include/glm/gtx/log_base.inl
-- Installing: /home/mig/Documents/RL/install/glm/include/glm/gtx/dual_quaternion.inl
-- Installing: /home/mig/Documents/RL/install/glm/include/glm/gtx/rotate_vector.inl
-- Installing: /home/mig/Documents/RL/install/glm/include/glm/gtx/matrix_major_storage.hpp
-- Installing: /home/mig/Documents/RL/install/glm/include/glm/gtx/normalize_dot.hpp
-- Installing: /home/mig/Documents/RL/install/glm/include/glm/gtx/fast_trigonometry.hpp
-- Installing: /home/mig/Documents/RL/install/glm/include/glm/gtx/bit.hpp
-- Installing: /home/mig/Documents/RL/install/glm/include/glm/gtx/fast_exponential.hpp
-- Installing: /home/mig/Documents/RL/install/glm/include/glm/gtx/matrix_factorisation.hpp
-- Installing: /home/mig/Documents/RL/install/glm/include/glm/gtx/scalar_relational.inl
-- Installing: /home/mig/Documents/RL/install/glm/include/glm/gtx/fast_square_root.hpp
-- Installing: /home/mig/Documents/RL/install/glm/include/glm/gtx/log_base.hpp
-- Installing: /home/mig/Documents/RL/install/glm/include/glm/gtx/color_space.inl
-- Installing: /home/mig/Documents/RL/install/glm/include/glm/gtx/range.hpp
-- Installing: /home/mig/Documents/RL/install/glm/include/glm/gtx/closest_point.hpp
-- Installing: /home/mig/Documents/RL/install/glm/include/glm/gtx/hash.hpp
-- Installing: /home/mig/Documents/RL/install/glm/include/glm/gtx/gradient_paint.hpp
-- Installing: /home/mig/Documents/RL/install/glm/include/glm/gtx/mixed_product.inl
-- Installing: /home/mig/Documents/RL/install/glm/include/glm/gtx/component_wise.hpp
-- Installing: /home/mig/Documents/RL/install/glm/include/glm/gtx/projection.hpp
-- Installing: /home/mig/Documents/RL/install/glm/include/glm/gtx/rotate_normalized_axis.hpp
-- Installing: /home/mig/Documents/RL/install/glm/include/glm/gtx/functions.inl
-- Installing: /home/mig/Documents/RL/install/glm/include/glm/gtx/handed_coordinate_space.inl
-- Installing: /home/mig/Documents/RL/install/glm/include/glm/gtx/io.inl
-- Installing: /home/mig/Documents/RL/install/glm/include/glm/gtx/perpendicular.inl
-- Installing: /home/mig/Documents/RL/install/glm/include/glm/gtx/color_space_YCoCg.inl
-- Installing: /home/mig/Documents/RL/install/glm/include/glm/gtx/functions.hpp
-- Installing: /home/mig/Documents/RL/install/glm/include/glm/gtx/matrix_query.inl
-- Installing: /home/mig/Documents/RL/install/glm/include/glm/gtx/type_aligned.hpp
-- Installing: /home/mig/Documents/RL/install/glm/include/glm/gtx/transform2.hpp
-- Installing: /home/mig/Documents/RL/install/glm/include/glm/gtx/component_wise.inl
-- Installing: /home/mig/Documents/RL/install/glm/include/glm/gtx/std_based_type.inl
-- Installing: /home/mig/Documents/RL/install/glm/include/glm/gtx/optimum_pow.inl
-- Installing: /home/mig/Documents/RL/install/glm/include/glm/gtx/spline.inl
-- Installing: /home/mig/Documents/RL/install/glm/include/glm/gtx/norm.inl
-- Installing: /home/mig/Documents/RL/install/glm/include/glm/gtx/pca.hpp
-- Installing: /home/mig/Documents/RL/install/glm/include/glm/gtx/dual_quaternion.hpp
-- Installing: /home/mig/Documents/RL/install/glm/include/glm/gtx/matrix_decompose.hpp
-- Installing: /home/mig/Documents/RL/install/glm/include/glm/gtx/intersect.hpp
-- Installing: /home/mig/Documents/RL/install/glm/include/glm/gtx/transform.hpp
-- Installing: /home/mig/Documents/RL/install/glm/include/glm/gtx/fast_square_root.inl
-- Installing: /home/mig/Documents/RL/install/glm/include/glm/gtx/color_encoding.inl
-- Installing: /home/mig/Documents/RL/install/glm/include/glm/gtx/type_trait.hpp
-- Installing: /home/mig/Documents/RL/install/glm/include/glm/gtx/common.inl
-- Installing: /home/mig/Documents/RL/install/glm/include/glm/gtx/matrix_cross_product.hpp
-- Installing: /home/mig/Documents/RL/install/glm/include/glm/gtx/matrix_factorisation.inl
-- Installing: /home/mig/Documents/RL/install/glm/include/glm/gtx/integer.inl
-- Installing: /home/mig/Documents/RL/install/glm/include/glm/gtx/exterior_product.inl
-- Installing: /home/mig/Documents/RL/install/glm/include/glm/gtx/std_based_type.hpp
-- Installing: /home/mig/Documents/RL/install/glm/include/glm/gtx/raw_data.hpp
-- Installing: /home/mig/Documents/RL/install/glm/include/glm/gtx/matrix_operation.hpp
-- Installing: /home/mig/Documents/RL/install/glm/include/glm/gtx/associated_min_max.hpp
-- Installing: /home/mig/Documents/RL/install/glm/include/glm/gtx/matrix_transform_2d.inl
-- Installing: /home/mig/Documents/RL/install/glm/include/glm/gtx/compatibility.hpp
-- Installing: /home/mig/Documents/RL/install/glm/include/glm/gtx/hash.inl
-- Installing: /home/mig/Documents/RL/install/glm/include/glm/gtx/type_trait.inl
-- Installing: /home/mig/Documents/RL/install/glm/include/glm/gtx/closest_point.inl
-- Installing: /home/mig/Documents/RL/install/glm/include/glm/gtx/matrix_interpolation.hpp
-- Installing: /home/mig/Documents/RL/install/glm/include/glm/gtx/common.hpp
-- Installing: /home/mig/Documents/RL/install/glm/include/glm/gtx/optimum_pow.hpp
-- Installing: /home/mig/Documents/RL/install/glm/include/glm/vector_relational.hpp
-- Installing: /home/mig/Documents/RL/install/glm/include/glm/mat3x2.hpp
-- Installing: /home/mig/Documents/RL/install/glm/include/glm/ext.hpp
-- Installing: /home/mig/Documents/RL/install/glm/include/glm/vec3.hpp
-- Installing: /home/mig/Documents/RL/install/glm/include/glm/gtc
-- Installing: /home/mig/Documents/RL/install/glm/include/glm/gtc/bitfield.hpp
-- Installing: /home/mig/Documents/RL/install/glm/include/glm/gtc/bitfield.inl
-- Installing: /home/mig/Documents/RL/install/glm/include/glm/gtc/vec1.hpp
-- Installing: /home/mig/Documents/RL/install/glm/include/glm/gtc/packing.inl
-- Installing: /home/mig/Documents/RL/install/glm/include/glm/gtc/matrix_transform.hpp
-- Installing: /home/mig/Documents/RL/install/glm/include/glm/gtc/epsilon.hpp
-- Installing: /home/mig/Documents/RL/install/glm/include/glm/gtc/reciprocal.hpp
-- Installing: /home/mig/Documents/RL/install/glm/include/glm/gtc/matrix_inverse.hpp
-- Installing: /home/mig/Documents/RL/install/glm/include/glm/gtc/type_ptr.hpp
-- Installing: /home/mig/Documents/RL/install/glm/include/glm/gtc/noise.hpp
-- Installing: /home/mig/Documents/RL/install/glm/include/glm/gtc/color_space.hpp
-- Installing: /home/mig/Documents/RL/install/glm/include/glm/gtc/type_precision.hpp
-- Installing: /home/mig/Documents/RL/install/glm/include/glm/gtc/quaternion.inl
-- Installing: /home/mig/Documents/RL/install/glm/include/glm/gtc/quaternion.hpp
-- Installing: /home/mig/Documents/RL/install/glm/include/glm/gtc/integer.hpp
-- Installing: /home/mig/Documents/RL/install/glm/include/glm/gtc/quaternion_simd.inl
-- Installing: /home/mig/Documents/RL/install/glm/include/glm/gtc/ulp.inl
-- Installing: /home/mig/Documents/RL/install/glm/include/glm/gtc/matrix_inverse.inl
-- Installing: /home/mig/Documents/RL/install/glm/include/glm/gtc/matrix_access.hpp
-- Installing: /home/mig/Documents/RL/install/glm/include/glm/gtc/packing.hpp
-- Installing: /home/mig/Documents/RL/install/glm/include/glm/gtc/type_ptr.inl
-- Installing: /home/mig/Documents/RL/install/glm/include/glm/gtc/color_space.inl
-- Installing: /home/mig/Documents/RL/install/glm/include/glm/gtc/constants.hpp
-- Installing: /home/mig/Documents/RL/install/glm/include/glm/gtc/matrix_access.inl
-- Installing: /home/mig/Documents/RL/install/glm/include/glm/gtc/round.hpp
-- Installing: /home/mig/Documents/RL/install/glm/include/glm/gtc/matrix_integer.hpp
-- Installing: /home/mig/Documents/RL/install/glm/include/glm/gtc/matrix_transform.inl
-- Installing: /home/mig/Documents/RL/install/glm/include/glm/gtc/type_aligned.hpp
-- Installing: /home/mig/Documents/RL/install/glm/include/glm/gtc/round.inl
-- Installing: /home/mig/Documents/RL/install/glm/include/glm/gtc/ulp.hpp
-- Installing: /home/mig/Documents/RL/install/glm/include/glm/gtc/constants.inl
-- Installing: /home/mig/Documents/RL/install/glm/include/glm/gtc/integer.inl
-- Installing: /home/mig/Documents/RL/install/glm/include/glm/gtc/random.inl
-- Installing: /home/mig/Documents/RL/install/glm/include/glm/gtc/noise.inl
-- Installing: /home/mig/Documents/RL/install/glm/include/glm/gtc/epsilon.inl
-- Installing: /home/mig/Documents/RL/install/glm/include/glm/gtc/type_precision.inl
-- Installing: /home/mig/Documents/RL/install/glm/include/glm/gtc/random.hpp
-- Installing: /home/mig/Documents/RL/install/glm/include/glm/mat2x3.hpp
-- Installing: /home/mig/Documents/RL/install/glm/include/glm/fwd.hpp
-- Installing: /home/mig/Documents/RL/install/glm/include/glm/mat3x3.hpp
-- Installing: /home/mig/Documents/RL/install/glm/include/glm/simd
-- Installing: /home/mig/Documents/RL/install/glm/include/glm/simd/geometric.h
-- Installing: /home/mig/Documents/RL/install/glm/include/glm/simd/platform.h
-- Installing: /home/mig/Documents/RL/install/glm/include/glm/simd/neon.h
-- Installing: /home/mig/Documents/RL/install/glm/include/glm/simd/trigonometric.h
-- Installing: /home/mig/Documents/RL/install/glm/include/glm/simd/vector_relational.h
-- Installing: /home/mig/Documents/RL/install/glm/include/glm/simd/matrix.h
-- Installing: /home/mig/Documents/RL/install/glm/include/glm/simd/exponential.h
-- Installing: /home/mig/Documents/RL/install/glm/include/glm/simd/integer.h
-- Installing: /home/mig/Documents/RL/install/glm/include/glm/simd/packing.h
-- Installing: /home/mig/Documents/RL/install/glm/include/glm/simd/common.h
-- Installing: /home/mig/Documents/RL/install/glm/include/glm/glm.hpp
-- Installing: /home/mig/Documents/RL/install/glm/include/glm/mat2x4.hpp
-- Installing: /home/mig/Documents/RL/install/glm/include/glm/vec4.hpp
-- Installing: /home/mig/Documents/RL/install/glm/include/glm/mat2x2.hpp
-- Installing: /home/mig/Documents/RL/install/glm/include/glm/common.hpp
-- Installing: /home/mig/Documents/RL/install/glm/share/glm/glmConfig.cmake
-- Installing: /home/mig/Documents/RL/install/glm/share/glm/glmConfig-noconfig.cmake
-- Installing: /home/mig/Documents/RL/install/glm/share/glm/glmConfigVersion.cmake
