-- The C compiler identification is GNU 12.3.0
-- The CXX compiler identification is GNU 12.3.0
-- Detecting C compiler ABI info
-- Detecting C compiler ABI info - done
-- Check for working C compiler: /usr/bin/cc - skipped
-- Detecting C compile features
-- Detecting C compile features - done
-- Detecting CXX compiler ABI info
-- Detecting CXX compiler ABI info - done
-- Check for working CXX compiler: /usr/bin/c++ - skipped
-- Detecting CXX compile features
-- Detecting CXX compile features - done
-- Found OpenGL: /usr/lib/x86_64-linux-gnu/libOpenGL.so   
-- Found Freetype: /usr/lib/x86_64-linux-gnu/libfreetype.so (found version "2.13.2") 
-- Found OpenMP_C: -fopenmp (found version "4.5") 
-- Found OpenMP_CXX: -fopenmp (found version "4.5") 
-- Found OpenMP: TRUE (found version "4.5")  
-- Configuring done (0.5s)
-- Generating done (0.0s)
-- Build files have been written to: /home/mig/Documents/RL/build/Stonefish
[  0%] [32mBuilding CXX object CMakeFiles/Stonefish.dir/Library/src/actuators/DCMotor.cpp.o[0m
[  0%] [32mBuilding CXX object CMakeFiles/Stonefish.dir/Library/src/actuators/Light.cpp.o[0m
[  0%] [32mBuilding CXX object CMakeFiles/Stonefish.dir/Library/src/actuators/Actuator.cpp.o[0m
[  0%] [32mBuilding CXX object CMakeFiles/Stonefish.dir/Library/src/actuators/LinkActuator.cpp.o[0m
[  1%] [32mBuilding CXX object CMakeFiles/Stonefish.dir/Library/src/actuators/JointActuator.cpp.o[0m
[  2%] [32mBuilding CXX object CMakeFiles/Stonefish.dir/Library/src/actuators/Motor.cpp.o[0m
[  2%] [32mBuilding CXX object CMakeFiles/Stonefish.dir/Library/src/actuators/Push.cpp.o[0m
[  2%] [32mBuilding CXX object CMakeFiles/Stonefish.dir/Library/src/actuators/Propeller.cpp.o[0m
[  3%] [32mBuilding CXX object CMakeFiles/Stonefish.dir/Library/src/actuators/Rudder.cpp.o[0m
[  3%] [32mBuilding CXX object CMakeFiles/Stonefish.dir/Library/src/comms/Comm.cpp.o[0m
[  3%] [32mBuilding CXX object CMakeFiles/Stonefish.dir/Library/src/actuators/Servo.cpp.o[0m
[  3%] [32mBuilding CXX object CMakeFiles/Stonefish.dir/Library/src/actuators/SimpleThruster.cpp.o[0m
[  4%] [32mBuilding CXX object CMakeFiles/Stonefish.dir/Library/src/actuators/SuctionCup.cpp.o[0m
[  4%] [32mBuilding CXX object CMakeFiles/Stonefish.dir/Library/src/actuators/Thruster.cpp.o[0m
[  6%] [32mBuilding CXX object CMakeFiles/Stonefish.dir/Library/src/core/ConsoleSimulationApp.cpp.o[0m
[  6%] [32mBuilding CXX object CMakeFiles/Stonefish.dir/Library/src/actuators/VariableBuoyancy.cpp.o[0m
[  6%] [32mBuilding CXX object CMakeFiles/Stonefish.dir/Library/src/core/FeatherstoneRobot.cpp.o[0m
[  6%] [32mBuilding CXX object CMakeFiles/Stonefish.dir/Library/src/comms/USBLSimple.cpp.o[0m
[  6%] [32mBuilding CXX object CMakeFiles/Stonefish.dir/Library/src/comms/AcousticModem.cpp.o[0m
[  6%] [32mBuilding CXX object CMakeFiles/Stonefish.dir/Library/src/comms/USBL.cpp.o[0m
[  7%] [32mBuilding CXX object CMakeFiles/Stonefish.dir/Library/src/comms/USBLReal.cpp.o[0m
[  8%] [32mBuilding CXX object CMakeFiles/Stonefish.dir/Library/src/core/GeneralRobot.cpp.o[0m
[  8%] [32mBuilding CXX object CMakeFiles/Stonefish.dir/Library/src/core/GraphicalSimulationApp.cpp.o[0m
[  8%] [32mBuilding CXX object CMakeFiles/Stonefish.dir/Library/src/core/Console.cpp.o[0m
[  9%] [32mBuilding CXX object CMakeFiles/Stonefish.dir/Library/src/core/MaterialManager.cpp.o[0m
[  9%] [32mBuilding CXX object CMakeFiles/Stonefish.dir/Library/src/core/NameManager.cpp.o[0m
[  9%] [32mBuilding CXX object CMakeFiles/Stonefish.dir/Library/src/core/Robot.cpp.o[0m
[  9%] [32mBuilding CXX object CMakeFiles/Stonefish.dir/Library/src/core/NED.cpp.o[0m
[  9%] [32mBuilding CXX object CMakeFiles/Stonefish.dir/Library/src/core/FilteredCollisionDispatcher.cpp.o[0m
[ 10%] [32mBuilding CXX object CMakeFiles/Stonefish.dir/Library/src/core/ScenarioParser.cpp.o[0m
[ 10%] [32mBuilding CXX object CMakeFiles/Stonefish.dir/Library/src/core/ScrewConstraint.cpp.o[0m
[ 10%] [32mBuilding CXX object CMakeFiles/Stonefish.dir/Library/src/core/SimulationApp.cpp.o[0m
[ 11%] [32mBuilding CXX object CMakeFiles/Stonefish.dir/Library/src/core/SimulationManager.cpp.o[0m
[ 11%] [32mBuilding CXX object CMakeFiles/Stonefish.dir/Library/src/core/TorusShape.cpp.o[0m
[ 11%] [32mBuilding CXX object CMakeFiles/Stonefish.dir/Library/src/entities/AnimatedEntity.cpp.o[0m
[ 12%] [32mBuilding CXX object CMakeFiles/Stonefish.dir/Library/src/entities/Entity.cpp.o[0m
[ 12%] [32mBuilding CXX object CMakeFiles/Stonefish.dir/Library/src/entities/FeatherstoneEntity.cpp.o[0m
[ 12%] [32mBuilding CXX object CMakeFiles/Stonefish.dir/Library/src/entities/ForcefieldEntity.cpp.o[0m
[ 13%] [32mBuilding CXX object CMakeFiles/Stonefish.dir/Library/src/entities/MovingEntity.cpp.o[0m
[ 13%] [32mBuilding CXX object CMakeFiles/Stonefish.dir/Library/src/entities/SolidEntity.cpp.o[0m
[ 13%] [32mBuilding CXX object CMakeFiles/Stonefish.dir/Library/src/entities/StaticEntity.cpp.o[0m
[ 14%] [32mBuilding CXX object CMakeFiles/Stonefish.dir/Library/src/entities/animation/BSTrajectory.cpp.o[0m
[ 14%] [32mBuilding CXX object CMakeFiles/Stonefish.dir/Library/src/entities/animation/CRTrajectory.cpp.o[0m
[ 14%] [32mBuilding CXX object CMakeFiles/Stonefish.dir/Library/src/entities/animation/ManualTrajectory.cpp.o[0m
[ 15%] [32mBuilding CXX object CMakeFiles/Stonefish.dir/Library/src/entities/animation/PWLTrajectory.cpp.o[0m
[ 15%] [32mBuilding CXX object CMakeFiles/Stonefish.dir/Library/src/entities/animation/Trajectory.cpp.o[0m
[ 15%] [32mBuilding CXX object CMakeFiles/Stonefish.dir/Library/src/entities/forcefields/Atmosphere.cpp.o[0m
[ 16%] [32mBuilding CXX object CMakeFiles/Stonefish.dir/Library/src/entities/forcefields/Jet.cpp.o[0m
[ 16%] [32mBuilding CXX object CMakeFiles/Stonefish.dir/Library/src/entities/forcefields/Ocean.cpp.o[0m
[ 16%] [32mBuilding CXX object CMakeFiles/Stonefish.dir/Library/src/entities/forcefields/Pipe.cpp.o[0m
[ 17%] [32mBuilding CXX object CMakeFiles/Stonefish.dir/Library/src/entities/forcefields/Stream.cpp.o[0m
[ 17%] [32mBuilding CXX object CMakeFiles/Stonefish.dir/Library/src/entities/forcefields/Trigger.cpp.o[0m
[ 17%] [32mBuilding CXX object CMakeFiles/Stonefish.dir/Library/src/entities/forcefields/Uniform.cpp.o[0m
[ 18%] [32mBuilding CXX object CMakeFiles/Stonefish.dir/Library/src/entities/forcefields/VelocityField.cpp.o[0m
[ 18%] [32mBuilding CXX object CMakeFiles/Stonefish.dir/Library/src/entities/solids/Box.cpp.o[0m
[ 18%] [32mBuilding CXX object CMakeFiles/Stonefish.dir/Library/src/entities/solids/Compound.cpp.o[0m
[ 19%] [32mBuilding CXX object CMakeFiles/Stonefish.dir/Library/src/entities/solids/Cylinder.cpp.o[0m
[ 19%] [32mBuilding CXX object CMakeFiles/Stonefish.dir/Library/src/entities/solids/Polyhedron.cpp.o[0m
[ 19%] [32mBuilding CXX object CMakeFiles/Stonefish.dir/Library/src/entities/solids/Sphere.cpp.o[0m
[ 20%] [32mBuilding CXX object CMakeFiles/Stonefish.dir/Library/src/entities/solids/Torus.cpp.o[0m
[ 20%] [32mBuilding CXX object CMakeFiles/Stonefish.dir/Library/src/entities/solids/Wing.cpp.o[0m
[ 20%] [32mBuilding CXX object CMakeFiles/Stonefish.dir/Library/src/entities/statics/Obstacle.cpp.o[0m
[ 21%] [32mBuilding CXX object CMakeFiles/Stonefish.dir/Library/src/entities/statics/Plane.cpp.o[0m
[ 21%] [32mBuilding CXX object CMakeFiles/Stonefish.dir/Library/src/graphics/GLSLShader.cpp.o[0m
[ 21%] [32mBuilding CXX object CMakeFiles/Stonefish.dir/Library/src/entities/statics/Terrain.cpp.o[0m
[ 22%] [32mBuilding CXX object CMakeFiles/Stonefish.dir/Library/src/graphics/IMGUI.cpp.o[0m
[ 22%] [32mBuilding CXX object CMakeFiles/Stonefish.dir/Library/src/graphics/OpenGLAtmosphere.cpp.o[0m
[ 22%] [32mBuilding CXX object CMakeFiles/Stonefish.dir/Library/src/graphics/OpenGLCamera.cpp.o[0m
[ 23%] [32mBuilding CXX object CMakeFiles/Stonefish.dir/Library/src/graphics/OpenGLConsole.cpp.o[0m
[ 23%] [32mBuilding CXX object CMakeFiles/Stonefish.dir/Library/src/graphics/OpenGLContent.cpp.o[0m
[ 23%] [32mBuilding CXX object CMakeFiles/Stonefish.dir/Library/src/graphics/OpenGLDataStructs.cpp.o[0m
[ 24%] [32mBuilding CXX object CMakeFiles/Stonefish.dir/Library/src/graphics/OpenGLDebugDrawer.cpp.o[0m
[ 24%] [32mBuilding CXX object CMakeFiles/Stonefish.dir/Library/src/graphics/OpenGLDepthCamera.cpp.o[0m
[ 24%] [32mBuilding CXX object CMakeFiles/Stonefish.dir/Library/src/graphics/OpenGLEventBasedCamera.cpp.o[0m
[ 25%] [32mBuilding CXX object CMakeFiles/Stonefish.dir/Library/src/graphics/OpenGLFLS.cpp.o[0m
[ 25%] [32mBuilding CXX object CMakeFiles/Stonefish.dir/Library/src/graphics/OpenGLFlatOcean.cpp.o[0m
[ 25%] [32mBuilding CXX object CMakeFiles/Stonefish.dir/Library/src/graphics/OpenGLLight.cpp.o[0m
[ 26%] [32mBuilding CXX object CMakeFiles/Stonefish.dir/Library/src/graphics/OpenGLMSIS.cpp.o[0m
[ 26%] [32mBuilding CXX object CMakeFiles/Stonefish.dir/Library/src/graphics/OpenGLOcean.cpp.o[0m
[ 26%] [32mBuilding CXX object CMakeFiles/Stonefish.dir/Library/src/graphics/OpenGLOceanParticles.cpp.o[0m
[ 27%] [32mBuilding CXX object CMakeFiles/Stonefish.dir/Library/src/graphics/OpenGLOpticalFlowCamera.cpp.o[0m
[ 27%] [32mBuilding CXX object CMakeFiles/Stonefish.dir/Library/src/graphics/OpenGLParticles.cpp.o[0m
[ 27%] [32mBuilding CXX object CMakeFiles/Stonefish.dir/Library/src/graphics/OpenGLPipeline.cpp.o[0m
[ 28%] [32mBuilding CXX object CMakeFiles/Stonefish.dir/Library/src/graphics/OpenGLPointLight.cpp.o[0m
[ 28%] [32mBuilding CXX object CMakeFiles/Stonefish.dir/Library/src/graphics/OpenGLPrinter.cpp.o[0m
[ 28%] [32mBuilding CXX object CMakeFiles/Stonefish.dir/Library/src/graphics/OpenGLRealCamera.cpp.o[0m
[ 29%] [32mBuilding CXX object CMakeFiles/Stonefish.dir/Library/src/graphics/OpenGLRealOcean.cpp.o[0m
[ 29%] [32mBuilding CXX object CMakeFiles/Stonefish.dir/Library/src/graphics/OpenGLSSS.cpp.o[0m
[ 29%] [32mBuilding CXX object CMakeFiles/Stonefish.dir/Library/src/graphics/OpenGLSegmentationCamera.cpp.o[0m
[ 30%] [32mBuilding CXX object CMakeFiles/Stonefish.dir/Library/src/graphics/OpenGLSonar.cpp.o[0m
[ 30%] [32mBuilding CXX object CMakeFiles/Stonefish.dir/Library/src/graphics/OpenGLSpotLight.cpp.o[0m
[ 30%] [32mBuilding CXX object CMakeFiles/Stonefish.dir/Library/src/graphics/OpenGLState.cpp.o[0m
[ 31%] [32mBuilding CXX object CMakeFiles/Stonefish.dir/Library/src/graphics/OpenGLThermalCamera.cpp.o[0m
[ 31%] [32mBuilding CXX object CMakeFiles/Stonefish.dir/Library/src/graphics/OpenGLTrackball.cpp.o[0m
[ 31%] [32mBuilding CXX object CMakeFiles/Stonefish.dir/Library/src/graphics/OpenGLView.cpp.o[0m
[ 32%] [32mBuilding CXX object CMakeFiles/Stonefish.dir/Library/src/joints/CylindricalJoint.cpp.o[0m
[ 32%] [32mBuilding CXX object CMakeFiles/Stonefish.dir/Library/src/joints/FixedJoint.cpp.o[0m
[ 32%] [32mBuilding CXX object CMakeFiles/Stonefish.dir/Library/src/joints/Joint.cpp.o[0m
[ 33%] [32mBuilding CXX object CMakeFiles/Stonefish.dir/Library/src/joints/PrismaticJoint.cpp.o[0m
[ 33%] [32mBuilding CXX object CMakeFiles/Stonefish.dir/Library/src/joints/RevoluteJoint.cpp.o[0m
[ 33%] [32mBuilding CXX object CMakeFiles/Stonefish.dir/Library/src/joints/SphericalJoint.cpp.o[0m
[ 34%] [32mBuilding CXX object CMakeFiles/Stonefish.dir/Library/src/joints/SpringJoint.cpp.o[0m
[ 34%] [32mBuilding CXX object CMakeFiles/Stonefish.dir/Library/src/sensors/Contact.cpp.o[0m
[ 34%] [32mBuilding CXX object CMakeFiles/Stonefish.dir/Library/src/sensors/Sample.cpp.o[0m
[ 35%] [32mBuilding CXX object CMakeFiles/Stonefish.dir/Library/src/sensors/ScalarSensor.cpp.o[0m
[ 35%] [32mBuilding CXX object CMakeFiles/Stonefish.dir/Library/src/sensors/Sensor.cpp.o[0m
[ 35%] [32mBuilding CXX object CMakeFiles/Stonefish.dir/Library/src/sensors/VisionSensor.cpp.o[0m
[ 36%] [32mBuilding CXX object CMakeFiles/Stonefish.dir/Library/src/sensors/scalar/Accelerometer.cpp.o[0m
[ 36%] [32mBuilding CXX object CMakeFiles/Stonefish.dir/Library/src/sensors/scalar/Compass.cpp.o[0m
[ 36%] [32mBuilding CXX object CMakeFiles/Stonefish.dir/Library/src/sensors/scalar/Current.cpp.o[0m
[ 37%] [32mBuilding CXX object CMakeFiles/Stonefish.dir/Library/src/sensors/scalar/DVL.cpp.o[0m
[ 37%] [32mBuilding CXX object CMakeFiles/Stonefish.dir/Library/src/sensors/scalar/ForceTorque.cpp.o[0m
[ 37%] [32mBuilding CXX object CMakeFiles/Stonefish.dir/Library/src/sensors/scalar/GPS.cpp.o[0m
[ 38%] [32mBuilding CXX object CMakeFiles/Stonefish.dir/Library/src/sensors/scalar/Gyroscope.cpp.o[0m
[ 38%] [32mBuilding CXX object CMakeFiles/Stonefish.dir/Library/src/sensors/scalar/INS.cpp.o[0m
[ 38%] [32mBuilding CXX object CMakeFiles/Stonefish.dir/Library/src/sensors/scalar/IMU.cpp.o[0m
[ 39%] [32mBuilding CXX object CMakeFiles/Stonefish.dir/Library/src/sensors/scalar/JointSensor.cpp.o[0m
[ 39%] [32mBuilding CXX object CMakeFiles/Stonefish.dir/Library/src/sensors/scalar/LinkSensor.cpp.o[0m
[ 39%] [32mBuilding CXX object CMakeFiles/Stonefish.dir/Library/src/sensors/scalar/Multibeam.cpp.o[0m
[ 40%] [32mBuilding CXX object CMakeFiles/Stonefish.dir/Library/src/sensors/scalar/Mux.cpp.o[0m
[ 40%] [32mBuilding CXX object CMakeFiles/Stonefish.dir/Library/src/sensors/scalar/Odometry.cpp.o[0m
[ 40%] [32mBuilding CXX object CMakeFiles/Stonefish.dir/Library/src/sensors/scalar/Pose.cpp.o[0m
[ 41%] [32mBuilding CXX object CMakeFiles/Stonefish.dir/Library/src/sensors/scalar/Pressure.cpp.o[0m
[ 41%] [32mBuilding CXX object CMakeFiles/Stonefish.dir/Library/src/sensors/scalar/Profiler.cpp.o[0m
[ 42%] [32mBuilding CXX object CMakeFiles/Stonefish.dir/Library/src/sensors/scalar/RotaryEncoder.cpp.o[0m
[ 42%] [32mBuilding CXX object CMakeFiles/Stonefish.dir/Library/src/sensors/scalar/RealRotaryEncoder.cpp.o[0m
[ 42%] [32mBuilding CXX object CMakeFiles/Stonefish.dir/Library/src/sensors/scalar/Torque.cpp.o[0m
[ 42%] [32mBuilding CXX object CMakeFiles/Stonefish.dir/Library/src/sensors/vision/Camera.cpp.o[0m
[ 43%] [32mBuilding CXX object CMakeFiles/Stonefish.dir/Library/src/sensors/vision/ColorCamera.cpp.o[0m
[ 43%] [32mBuilding CXX object CMakeFiles/Stonefish.dir/Library/src/sensors/vision/DepthCamera.cpp.o[0m
[ 43%] [32mBuilding CXX object CMakeFiles/Stonefish.dir/Library/src/sensors/vision/EventBasedCamera.cpp.o[0m
[ 44%] [32mBuilding CXX object CMakeFiles/Stonefish.dir/Library/src/sensors/vision/FLS.cpp.o[0m
[ 44%] [32mBuilding CXX object CMakeFiles/Stonefish.dir/Library/src/sensors/vision/MSIS.cpp.o[0m
[ 44%] [32mBuilding CXX object CMakeFiles/Stonefish.dir/Library/src/sensors/vision/Multibeam2.cpp.o[0m
[ 45%] [32mBuilding CXX object CMakeFiles/Stonefish.dir/Library/src/sensors/vision/OpticalFlowCamera.cpp.o[0m
[ 45%] [32mBuilding CXX object CMakeFiles/Stonefish.dir/Library/src/sensors/vision/SSS.cpp.o[0m
[ 45%] [32mBuilding CXX object CMakeFiles/Stonefish.dir/Library/src/sensors/vision/SegmentationCamera.cpp.o[0m
[ 46%] [32mBuilding CXX object CMakeFiles/Stonefish.dir/Library/src/sensors/vision/ThermalCamera.cpp.o[0m
[ 46%] [32mBuilding CXX object CMakeFiles/Stonefish.dir/Library/src/utils/GeometryFileUtil.cpp.o[0m
[ 46%] [32mBuilding CXX object CMakeFiles/Stonefish.dir/Library/src/utils/PerformanceMonitor.cpp.o[0m
[ 47%] [32mBuilding CXX object CMakeFiles/Stonefish.dir/Library/src/utils/ScientificFileUtil.cpp.o[0m
[ 47%] [32mBuilding CXX object CMakeFiles/Stonefish.dir/Library/src/utils/UnitSystem.cpp.o[0m
[ 47%] [32mBuilding CXX object CMakeFiles/Stonefish.dir/3rdparty/BulletCollision/BroadphaseCollision/btAxisSweep3.cpp.o[0m
[ 48%] [32mBuilding CXX object CMakeFiles/Stonefish.dir/3rdparty/BulletCollision/BroadphaseCollision/btBroadphaseProxy.cpp.o[0m
[ 48%] [32mBuilding CXX object CMakeFiles/Stonefish.dir/3rdparty/BulletCollision/BroadphaseCollision/btCollisionAlgorithm.cpp.o[0m
[ 49%] [32mBuilding CXX object CMakeFiles/Stonefish.dir/3rdparty/BulletCollision/BroadphaseCollision/btDbvtBroadphase.cpp.o[0m
[ 49%] [32mBuilding CXX object CMakeFiles/Stonefish.dir/3rdparty/BulletCollision/BroadphaseCollision/btDbvt.cpp.o[0m
[ 49%] [32mBuilding CXX object CMakeFiles/Stonefish.dir/3rdparty/BulletCollision/BroadphaseCollision/btDispatcher.cpp.o[0m
[ 50%] [32mBuilding CXX object CMakeFiles/Stonefish.dir/3rdparty/BulletCollision/BroadphaseCollision/btOverlappingPairCache.cpp.o[0m
[ 50%] [32mBuilding CXX object CMakeFiles/Stonefish.dir/3rdparty/BulletCollision/BroadphaseCollision/btQuantizedBvh.cpp.o[0m
[ 50%] [32mBuilding CXX object CMakeFiles/Stonefish.dir/3rdparty/BulletCollision/BroadphaseCollision/btSimpleBroadphase.cpp.o[0m
[ 51%] [32mBuilding CXX object CMakeFiles/Stonefish.dir/3rdparty/BulletCollision/CollisionDispatch/SphereTriangleDetector.cpp.o[0m
[ 51%] [32mBuilding CXX object CMakeFiles/Stonefish.dir/3rdparty/BulletCollision/CollisionDispatch/btActivatingCollisionAlgorithm.cpp.o[0m
[ 51%] [32mBuilding CXX object CMakeFiles/Stonefish.dir/3rdparty/BulletCollision/CollisionDispatch/btBox2dBox2dCollisionAlgorithm.cpp.o[0m
[ 52%] [32mBuilding CXX object CMakeFiles/Stonefish.dir/3rdparty/BulletCollision/CollisionDispatch/btBoxBoxCollisionAlgorithm.cpp.o[0m
[ 52%] [32mBuilding CXX object CMakeFiles/Stonefish.dir/3rdparty/BulletCollision/CollisionDispatch/btBoxBoxDetector.cpp.o[0m
[ 52%] [32mBuilding CXX object CMakeFiles/Stonefish.dir/3rdparty/BulletCollision/CollisionDispatch/btCollisionDispatcher.cpp.o[0m
[ 53%] [32mBuilding CXX object CMakeFiles/Stonefish.dir/3rdparty/BulletCollision/CollisionDispatch/btCollisionDispatcherMt.cpp.o[0m
[ 53%] [32mBuilding CXX object CMakeFiles/Stonefish.dir/3rdparty/BulletCollision/CollisionDispatch/btCollisionObject.cpp.o[0m
[ 53%] [32mBuilding CXX object CMakeFiles/Stonefish.dir/3rdparty/BulletCollision/CollisionDispatch/btCollisionWorld.cpp.o[0m
[ 54%] [32mBuilding CXX object CMakeFiles/Stonefish.dir/3rdparty/BulletCollision/CollisionDispatch/btCollisionWorldImporter.cpp.o[0m
[ 54%] [32mBuilding CXX object CMakeFiles/Stonefish.dir/3rdparty/BulletCollision/CollisionDispatch/btCompoundCollisionAlgorithm.cpp.o[0m
[ 54%] [32mBuilding CXX object CMakeFiles/Stonefish.dir/3rdparty/BulletCollision/CollisionDispatch/btCompoundCompoundCollisionAlgorithm.cpp.o[0m
[ 54%] [32mBuilding CXX object CMakeFiles/Stonefish.dir/3rdparty/BulletCollision/CollisionDispatch/btConvexConcaveCollisionAlgorithm.cpp.o[0m
[ 55%] [32mBuilding CXX object CMakeFiles/Stonefish.dir/3rdparty/BulletCollision/CollisionDispatch/btConvex2dConvex2dAlgorithm.cpp.o[0m
[ 55%] [32mBuilding CXX object CMakeFiles/Stonefish.dir/3rdparty/BulletCollision/CollisionDispatch/btConvexConvexAlgorithm.cpp.o[0m
[ 56%] [32mBuilding CXX object CMakeFiles/Stonefish.dir/3rdparty/BulletCollision/CollisionDispatch/btConvexPlaneCollisionAlgorithm.cpp.o[0m
[ 56%] [32mBuilding CXX object CMakeFiles/Stonefish.dir/3rdparty/BulletCollision/CollisionDispatch/btDefaultCollisionConfiguration.cpp.o[0m
[ 56%] [32mBuilding CXX object CMakeFiles/Stonefish.dir/3rdparty/BulletCollision/CollisionDispatch/btEmptyCollisionAlgorithm.cpp.o[0m
[ 57%] [32mBuilding CXX object CMakeFiles/Stonefish.dir/3rdparty/BulletCollision/CollisionDispatch/btGhostObject.cpp.o[0m
[ 57%] [32mBuilding CXX object CMakeFiles/Stonefish.dir/3rdparty/BulletCollision/CollisionDispatch/btHashedSimplePairCache.cpp.o[0m
[ 57%] [32mBuilding CXX object CMakeFiles/Stonefish.dir/3rdparty/BulletCollision/CollisionDispatch/btInternalEdgeUtility.cpp.o[0m
[ 58%] [32mBuilding CXX object CMakeFiles/Stonefish.dir/3rdparty/BulletCollision/CollisionDispatch/btManifoldResult.cpp.o[0m
[ 58%] [32mBuilding CXX object CMakeFiles/Stonefish.dir/3rdparty/BulletCollision/CollisionDispatch/btSimulationIslandManager.cpp.o[0m
[ 58%] [32mBuilding CXX object CMakeFiles/Stonefish.dir/3rdparty/BulletCollision/CollisionDispatch/btSphereBoxCollisionAlgorithm.cpp.o[0m
[ 59%] [32mBuilding CXX object CMakeFiles/Stonefish.dir/3rdparty/BulletCollision/CollisionDispatch/btSphereSphereCollisionAlgorithm.cpp.o[0m
[ 59%] [32mBuilding CXX object CMakeFiles/Stonefish.dir/3rdparty/BulletCollision/CollisionDispatch/btSphereTriangleCollisionAlgorithm.cpp.o[0m
[ 59%] [32mBuilding CXX object CMakeFiles/Stonefish.dir/3rdparty/BulletCollision/CollisionDispatch/btUnionFind.cpp.o[0m
[ 59%] [32mBuilding CXX object CMakeFiles/Stonefish.dir/3rdparty/BulletCollision/CollisionShapes/btBoxShape.cpp.o[0m
[ 60%] [32mBuilding CXX object CMakeFiles/Stonefish.dir/3rdparty/BulletCollision/CollisionShapes/btBox2dShape.cpp.o[0m
[ 60%] [32mBuilding CXX object CMakeFiles/Stonefish.dir/3rdparty/BulletCollision/CollisionShapes/btBvhTriangleMeshShape.cpp.o[0m
[ 61%] [32mBuilding CXX object CMakeFiles/Stonefish.dir/3rdparty/BulletCollision/CollisionShapes/btCapsuleShape.cpp.o[0m
[ 61%] [32mBuilding CXX object CMakeFiles/Stonefish.dir/3rdparty/BulletCollision/CollisionShapes/btCollisionShape.cpp.o[0m
[ 61%] [32mBuilding CXX object CMakeFiles/Stonefish.dir/3rdparty/BulletCollision/CollisionShapes/btCompoundShape.cpp.o[0m
[ 62%] [32mBuilding CXX object CMakeFiles/Stonefish.dir/3rdparty/BulletCollision/CollisionShapes/btConcaveShape.cpp.o[0m
[ 62%] [32mBuilding CXX object CMakeFiles/Stonefish.dir/3rdparty/BulletCollision/CollisionShapes/btConeShape.cpp.o[0m
[ 62%] [32mBuilding CXX object CMakeFiles/Stonefish.dir/3rdparty/BulletCollision/CollisionShapes/btConvex2dShape.cpp.o[0m
[ 63%] [32mBuilding CXX object CMakeFiles/Stonefish.dir/3rdparty/BulletCollision/CollisionShapes/btConvexInternalShape.cpp.o[0m
[ 63%] [32mBuilding CXX object CMakeFiles/Stonefish.dir/3rdparty/BulletCollision/CollisionShapes/btConvexHullShape.cpp.o[0m
[ 63%] [32mBuilding CXX object CMakeFiles/Stonefish.dir/3rdparty/BulletCollision/CollisionShapes/btConvexPointCloudShape.cpp.o[0m
[ 64%] [32mBuilding CXX object CMakeFiles/Stonefish.dir/3rdparty/BulletCollision/CollisionShapes/btConvexPolyhedron.cpp.o[0m
[ 64%] [32mBuilding CXX object CMakeFiles/Stonefish.dir/3rdparty/BulletCollision/CollisionShapes/btConvexShape.cpp.o[0m
[ 64%] [32mBuilding CXX object CMakeFiles/Stonefish.dir/3rdparty/BulletCollision/CollisionShapes/btConvexTriangleMeshShape.cpp.o[0m
[ 65%] [32mBuilding CXX object CMakeFiles/Stonefish.dir/3rdparty/BulletCollision/CollisionShapes/btCylinderShape.cpp.o[0m
[ 65%] [32mBuilding CXX object CMakeFiles/Stonefish.dir/3rdparty/BulletCollision/CollisionShapes/btEmptyShape.cpp.o[0m
[ 65%] [32mBuilding CXX object CMakeFiles/Stonefish.dir/3rdparty/BulletCollision/CollisionShapes/btHeightfieldTerrainShape.cpp.o[0m
[ 66%] [32mBuilding CXX object CMakeFiles/Stonefish.dir/3rdparty/BulletCollision/CollisionShapes/btMiniSDF.cpp.o[0m
[ 66%] [32mBuilding CXX object CMakeFiles/Stonefish.dir/3rdparty/BulletCollision/CollisionShapes/btMinkowskiSumShape.cpp.o[0m
[ 67%] [32mBuilding CXX object CMakeFiles/Stonefish.dir/3rdparty/BulletCollision/CollisionShapes/btMultimaterialTriangleMeshShape.cpp.o[0m
[ 67%] [32mBuilding CXX object CMakeFiles/Stonefish.dir/3rdparty/BulletCollision/CollisionShapes/btMultiSphereShape.cpp.o[0m
[ 67%] [32mBuilding CXX object CMakeFiles/Stonefish.dir/3rdparty/BulletCollision/CollisionShapes/btOptimizedBvh.cpp.o[0m
[ 67%] [32mBuilding CXX object CMakeFiles/Stonefish.dir/3rdparty/BulletCollision/CollisionShapes/btPolyhedralConvexShape.cpp.o[0m
[ 68%] [32mBuilding CXX object CMakeFiles/Stonefish.dir/3rdparty/BulletCollision/CollisionShapes/btScaledBvhTriangleMeshShape.cpp.o[0m
[ 68%] [32mBuilding CXX object CMakeFiles/Stonefish.dir/3rdparty/BulletCollision/CollisionShapes/btSdfCollisionShape.cpp.o[0m
[ 68%] [32mBuilding CXX object CMakeFiles/Stonefish.dir/3rdparty/BulletCollision/CollisionShapes/btShapeHull.cpp.o[0m
[ 69%] [32mBuilding CXX object CMakeFiles/Stonefish.dir/3rdparty/BulletCollision/CollisionShapes/btSphereShape.cpp.o[0m
[ 69%] [32mBuilding CXX object CMakeFiles/Stonefish.dir/3rdparty/BulletCollision/CollisionShapes/btStaticPlaneShape.cpp.o[0m
[ 69%] [32mBuilding CXX object CMakeFiles/Stonefish.dir/3rdparty/BulletCollision/CollisionShapes/btStridingMeshInterface.cpp.o[0m
[ 70%] [32mBuilding CXX object CMakeFiles/Stonefish.dir/3rdparty/BulletCollision/CollisionShapes/btTetrahedronShape.cpp.o[0m
[ 70%] [32mBuilding CXX object CMakeFiles/Stonefish.dir/3rdparty/BulletCollision/CollisionShapes/btTriangleBuffer.cpp.o[0m
[ 70%] [32mBuilding CXX object CMakeFiles/Stonefish.dir/3rdparty/BulletCollision/CollisionShapes/btTriangleCallback.cpp.o[0m
[ 71%] [32mBuilding CXX object CMakeFiles/Stonefish.dir/3rdparty/BulletCollision/CollisionShapes/btTriangleIndexVertexArray.cpp.o[0m
[ 71%] [32mBuilding CXX object CMakeFiles/Stonefish.dir/3rdparty/BulletCollision/CollisionShapes/btTriangleIndexVertexMaterialArray.cpp.o[0m
[ 71%] [32mBuilding CXX object CMakeFiles/Stonefish.dir/3rdparty/BulletCollision/CollisionShapes/btTriangleMesh.cpp.o[0m
[ 72%] [32mBuilding CXX object CMakeFiles/Stonefish.dir/3rdparty/BulletCollision/CollisionShapes/btTriangleMeshShape.cpp.o[0m
[ 72%] [32mBuilding CXX object CMakeFiles/Stonefish.dir/3rdparty/BulletCollision/CollisionShapes/btUniformScalingShape.cpp.o[0m
[ 72%] [32mBuilding CXX object CMakeFiles/Stonefish.dir/3rdparty/BulletCollision/NarrowPhaseCollision/btContinuousConvexCollision.cpp.o[0m
[ 73%] [32mBuilding CXX object CMakeFiles/Stonefish.dir/3rdparty/BulletCollision/NarrowPhaseCollision/btConvexCast.cpp.o[0m
[ 73%] [32mBuilding CXX object CMakeFiles/Stonefish.dir/3rdparty/BulletCollision/NarrowPhaseCollision/btGjkConvexCast.cpp.o[0m
[ 73%] [32mBuilding CXX object CMakeFiles/Stonefish.dir/3rdparty/BulletCollision/NarrowPhaseCollision/btGjkEpa2.cpp.o[0m
[ 73%] [32mBuilding CXX object CMakeFiles/Stonefish.dir/3rdparty/BulletCollision/NarrowPhaseCollision/btGjkPairDetector.cpp.o[0m
[ 74%] [32mBuilding CXX object CMakeFiles/Stonefish.dir/3rdparty/BulletCollision/NarrowPhaseCollision/btGjkEpaPenetrationDepthSolver.cpp.o[0m
[ 74%] [32mBuilding CXX object CMakeFiles/Stonefish.dir/3rdparty/BulletCollision/NarrowPhaseCollision/btMinkowskiPenetrationDepthSolver.cpp.o[0m
[ 75%] [32mBuilding CXX object CMakeFiles/Stonefish.dir/3rdparty/BulletCollision/NarrowPhaseCollision/btPersistentManifold.cpp.o[0m
[ 75%] [32mBuilding CXX object CMakeFiles/Stonefish.dir/3rdparty/BulletCollision/NarrowPhaseCollision/btPolyhedralContactClipping.cpp.o[0m
[ 75%] [32mBuilding CXX object CMakeFiles/Stonefish.dir/3rdparty/BulletCollision/NarrowPhaseCollision/btRaycastCallback.cpp.o[0m
[ 76%] [32mBuilding CXX object CMakeFiles/Stonefish.dir/3rdparty/BulletCollision/NarrowPhaseCollision/btSubSimplexConvexCast.cpp.o[0m
[ 76%] [32mBuilding CXX object CMakeFiles/Stonefish.dir/3rdparty/BulletCollision/NarrowPhaseCollision/btVoronoiSimplexSolver.cpp.o[0m
[ 76%] [32mBuilding CXX object CMakeFiles/Stonefish.dir/3rdparty/BulletDynamics/ConstraintSolver/btBatchedConstraints.cpp.o[0m
[ 77%] [32mBuilding CXX object CMakeFiles/Stonefish.dir/3rdparty/BulletDynamics/ConstraintSolver/btConeTwistConstraint.cpp.o[0m
[ 77%] [32mBuilding CXX object CMakeFiles/Stonefish.dir/3rdparty/BulletDynamics/ConstraintSolver/btContactConstraint.cpp.o[0m
[ 77%] [32mBuilding CXX object CMakeFiles/Stonefish.dir/3rdparty/BulletDynamics/ConstraintSolver/btFixedConstraint.cpp.o[0m
[ 78%] [32mBuilding CXX object CMakeFiles/Stonefish.dir/3rdparty/BulletDynamics/ConstraintSolver/btGearConstraint.cpp.o[0m
[ 78%] [32mBuilding CXX object CMakeFiles/Stonefish.dir/3rdparty/BulletDynamics/ConstraintSolver/btGeneric6DofConstraint.cpp.o[0m
[ 78%] [32mBuilding CXX object CMakeFiles/Stonefish.dir/3rdparty/BulletDynamics/ConstraintSolver/btGeneric6DofSpring2Constraint.cpp.o[0m
[ 79%] [32mBuilding CXX object CMakeFiles/Stonefish.dir/3rdparty/BulletDynamics/ConstraintSolver/btGeneric6DofSpringConstraint.cpp.o[0m
[ 79%] [32mBuilding CXX object CMakeFiles/Stonefish.dir/3rdparty/BulletDynamics/ConstraintSolver/btHinge2Constraint.cpp.o[0m
[ 80%] [32mBuilding CXX object CMakeFiles/Stonefish.dir/3rdparty/BulletDynamics/ConstraintSolver/btHingeConstraint.cpp.o[0m
[ 80%] [32mBuilding CXX object CMakeFiles/Stonefish.dir/3rdparty/BulletDynamics/ConstraintSolver/btNNCGConstraintSolver.cpp.o[0m
[ 80%] [32mBuilding CXX object CMakeFiles/Stonefish.dir/3rdparty/BulletDynamics/ConstraintSolver/btPoint2PointConstraint.cpp.o[0m
[ 80%] [32mBuilding CXX object CMakeFiles/Stonefish.dir/3rdparty/BulletDynamics/ConstraintSolver/btSequentialImpulseConstraintSolver.cpp.o[0m
[ 81%] [32mBuilding CXX object CMakeFiles/Stonefish.dir/3rdparty/BulletDynamics/ConstraintSolver/btSequentialImpulseConstraintSolverMt.cpp.o[0m
[ 81%] [32mBuilding CXX object CMakeFiles/Stonefish.dir/3rdparty/BulletDynamics/ConstraintSolver/btSliderConstraint.cpp.o[0m
[ 81%] [32mBuilding CXX object CMakeFiles/Stonefish.dir/3rdparty/BulletDynamics/ConstraintSolver/btSolve2LinearConstraint.cpp.o[0m
[ 82%] [32mBuilding CXX object CMakeFiles/Stonefish.dir/3rdparty/BulletDynamics/ConstraintSolver/btTypedConstraint.cpp.o[0m
[ 82%] [32mBuilding CXX object CMakeFiles/Stonefish.dir/3rdparty/BulletDynamics/ConstraintSolver/btUniversalConstraint.cpp.o[0m
[ 82%] [32mBuilding CXX object CMakeFiles/Stonefish.dir/3rdparty/BulletDynamics/Dynamics/btDiscreteDynamicsWorld.cpp.o[0m
[ 83%] [32mBuilding CXX object CMakeFiles/Stonefish.dir/3rdparty/BulletDynamics/Dynamics/btDiscreteDynamicsWorldMt.cpp.o[0m
[ 83%] [32mBuilding CXX object CMakeFiles/Stonefish.dir/3rdparty/BulletDynamics/Dynamics/btRigidBody.cpp.o[0m
[ 83%] [32mBuilding CXX object CMakeFiles/Stonefish.dir/3rdparty/BulletDynamics/Dynamics/btSimpleDynamicsWorld.cpp.o[0m
[ 84%] [32mBuilding CXX object CMakeFiles/Stonefish.dir/3rdparty/BulletDynamics/Dynamics/btSimulationIslandManagerMt.cpp.o[0m
[ 84%] [32mBuilding CXX object CMakeFiles/Stonefish.dir/3rdparty/BulletDynamics/Featherstone/btMultiBody.cpp.o[0m
[ 84%] [32mBuilding CXX object CMakeFiles/Stonefish.dir/3rdparty/BulletDynamics/Featherstone/btMultiBodyConstraint.cpp.o[0m
[ 85%] [32mBuilding CXX object CMakeFiles/Stonefish.dir/3rdparty/BulletDynamics/Featherstone/btMultiBodyConstraintSolver.cpp.o[0m
[ 85%] [32mBuilding CXX object CMakeFiles/Stonefish.dir/3rdparty/BulletDynamics/Featherstone/btMultiBodyDynamicsWorld.cpp.o[0m
[ 85%] [32mBuilding CXX object CMakeFiles/Stonefish.dir/3rdparty/BulletDynamics/Featherstone/btMultiBodyFixedConstraint.cpp.o[0m
[ 86%] [32mBuilding CXX object CMakeFiles/Stonefish.dir/3rdparty/BulletDynamics/Featherstone/btMultiBodyGearConstraint.cpp.o[0m
[ 86%] [32mBuilding CXX object CMakeFiles/Stonefish.dir/3rdparty/BulletDynamics/Featherstone/btMultiBodyJointLimitConstraint.cpp.o[0m
[ 86%] [32mBuilding CXX object CMakeFiles/Stonefish.dir/3rdparty/BulletDynamics/Featherstone/btMultiBodyJointMotor.cpp.o[0m
[ 87%] [32mBuilding CXX object CMakeFiles/Stonefish.dir/3rdparty/BulletDynamics/Featherstone/btMultiBodyMLCPConstraintSolver.cpp.o[0m
[ 87%] [32mBuilding CXX object CMakeFiles/Stonefish.dir/3rdparty/BulletDynamics/Featherstone/btMultiBodyPoint2Point.cpp.o[0m
[ 87%] [32mBuilding CXX object CMakeFiles/Stonefish.dir/3rdparty/BulletDynamics/Featherstone/btMultiBodySliderConstraint.cpp.o[0m
[ 88%] [32mBuilding CXX object CMakeFiles/Stonefish.dir/3rdparty/BulletDynamics/Featherstone/btMultiBodySphericalJointMotor.cpp.o[0m
[ 88%] [32mBuilding CXX object CMakeFiles/Stonefish.dir/3rdparty/BulletDynamics/MLCPSolvers/btDantzigLCP.cpp.o[0m
[ 88%] [32mBuilding CXX object CMakeFiles/Stonefish.dir/3rdparty/BulletDynamics/MLCPSolvers/btLemkeAlgorithm.cpp.o[0m
[ 89%] [32mBuilding CXX object CMakeFiles/Stonefish.dir/3rdparty/BulletDynamics/MLCPSolvers/btMLCPSolver.cpp.o[0m
[ 89%] [32mBuilding CXX object CMakeFiles/Stonefish.dir/3rdparty/BulletSoftBody/btDefaultSoftBodySolver.cpp.o[0m
[ 89%] [32mBuilding CXX object CMakeFiles/Stonefish.dir/3rdparty/BulletSoftBody/btDeformableBackwardEulerObjective.cpp.o[0m
[ 90%] [32mBuilding CXX object CMakeFiles/Stonefish.dir/3rdparty/BulletSoftBody/btDeformableBodySolver.cpp.o[0m
[ 90%] [32mBuilding CXX object CMakeFiles/Stonefish.dir/3rdparty/BulletSoftBody/btDeformableContactConstraint.cpp.o[0m
[ 90%] [32mBuilding CXX object CMakeFiles/Stonefish.dir/3rdparty/BulletSoftBody/btDeformableContactProjection.cpp.o[0m
[ 91%] [32mBuilding CXX object CMakeFiles/Stonefish.dir/3rdparty/BulletSoftBody/btDeformableMultiBodyConstraintSolver.cpp.o[0m
[ 91%] [32mBuilding CXX object CMakeFiles/Stonefish.dir/3rdparty/BulletSoftBody/btDeformableMultiBodyDynamicsWorld.cpp.o[0m
[ 91%] [32mBuilding CXX object CMakeFiles/Stonefish.dir/3rdparty/BulletSoftBody/btSoftBody.cpp.o[0m
[ 92%] [32mBuilding CXX object CMakeFiles/Stonefish.dir/3rdparty/BulletSoftBody/btSoftBodyConcaveCollisionAlgorithm.cpp.o[0m
[ 92%] [32mBuilding CXX object CMakeFiles/Stonefish.dir/3rdparty/BulletSoftBody/btSoftBodyHelpers.cpp.o[0m
[ 92%] [32mBuilding CXX object CMakeFiles/Stonefish.dir/3rdparty/BulletSoftBody/btSoftBodyRigidBodyCollisionConfiguration.cpp.o[0m
[ 93%] [32mBuilding CXX object CMakeFiles/Stonefish.dir/3rdparty/BulletSoftBody/btSoftMultiBodyDynamicsWorld.cpp.o[0m
[ 93%] [32mBuilding CXX object CMakeFiles/Stonefish.dir/3rdparty/BulletSoftBody/btSoftRigidCollisionAlgorithm.cpp.o[0m
[ 93%] [32mBuilding CXX object CMakeFiles/Stonefish.dir/3rdparty/BulletSoftBody/btSoftRigidDynamicsWorld.cpp.o[0m
[ 94%] [32mBuilding CXX object CMakeFiles/Stonefish.dir/3rdparty/BulletSoftBody/btSoftSoftCollisionAlgorithm.cpp.o[0m
[ 94%] [32mBuilding CXX object CMakeFiles/Stonefish.dir/3rdparty/BulletSoftBody/poly34.cpp.o[0m
[ 94%] [32mBuilding CXX object CMakeFiles/Stonefish.dir/3rdparty/LinearMath/btAlignedAllocator.cpp.o[0m
[ 95%] [32mBuilding CXX object CMakeFiles/Stonefish.dir/3rdparty/LinearMath/btConvexHull.cpp.o[0m
[ 95%] [32mBuilding CXX object CMakeFiles/Stonefish.dir/3rdparty/LinearMath/btConvexHullComputer.cpp.o[0m
[ 95%] [32mBuilding CXX object CMakeFiles/Stonefish.dir/3rdparty/LinearMath/btGeometryUtil.cpp.o[0m
[ 96%] [32mBuilding CXX object CMakeFiles/Stonefish.dir/3rdparty/LinearMath/btPolarDecomposition.cpp.o[0m
[ 96%] [32mBuilding CXX object CMakeFiles/Stonefish.dir/3rdparty/LinearMath/btQuickprof.cpp.o[0m
[ 96%] [32mBuilding CXX object CMakeFiles/Stonefish.dir/3rdparty/LinearMath/btReducedVector.cpp.o[0m
[ 97%] [32mBuilding CXX object CMakeFiles/Stonefish.dir/3rdparty/LinearMath/btSerializer.cpp.o[0m
[ 97%] [32mBuilding CXX object CMakeFiles/Stonefish.dir/3rdparty/LinearMath/btSerializer64.cpp.o[0m
[ 97%] [32mBuilding CXX object CMakeFiles/Stonefish.dir/3rdparty/LinearMath/btThreads.cpp.o[0m
[ 98%] [32mBuilding CXX object CMakeFiles/Stonefish.dir/3rdparty/LinearMath/btVector3.cpp.o[0m
[ 98%] [32mBuilding C object CMakeFiles/Stonefish.dir/3rdparty/tinyexpr.c.o[0m
[ 98%] [32mBuilding C object CMakeFiles/Stonefish.dir/3rdparty/tinyspline.c.o[0m
[ 99%] [32mBuilding CXX object CMakeFiles/Stonefish.dir/3rdparty/tinysplinecxx.cpp.o[0m
[ 99%] [32mBuilding CXX object CMakeFiles/Stonefish.dir/3rdparty/tinyxml2.cpp.o[0m
[100%] [32m[1mLinking CXX shared library libStonefish.so[0m
[100%] Built target Stonefish
