[0.571s] Invoking command in '/home/mig/Documents/RL/joystick_controller': DEBUGINFOD_URLS=https://debuginfod.ubuntu.com PYTHONPATH=/home/mig/Documents/RL/build/joystick_controller/prefix_override:/usr/lib/python3/dist-packages/colcon_core/task/python/colcon_distutils_commands:/home/mig/Documents/RL/install/joystick_controller/lib/python3.12/site-packages:${PYTHONPATH} VIRTUAL_ENV_PROMPT=(venv) /usr/bin/python3 -W ignore:setup.py install is deprecated -W ignore:easy_install command is deprecated setup.py egg_info --egg-base ../build/joystick_controller build --build-base /home/mig/Documents/RL/build/joystick_controller/build install --record /home/mig/Documents/RL/build/joystick_controller/install.log --single-version-externally-managed install_data
[0.849s] running egg_info
[0.849s] creating ../build/joystick_controller/joystick_controller.egg-info
[0.862s] writing ../build/joystick_controller/joystick_controller.egg-info/PKG-INFO
[0.863s] writing dependency_links to ../build/joystick_controller/joystick_controller.egg-info/dependency_links.txt
[0.863s] writing entry points to ../build/joystick_controller/joystick_controller.egg-info/entry_points.txt
[0.863s] writing requirements to ../build/joystick_controller/joystick_controller.egg-info/requires.txt
[0.863s] writing top-level names to ../build/joystick_controller/joystick_controller.egg-info/top_level.txt
[0.863s] writing manifest file '../build/joystick_controller/joystick_controller.egg-info/SOURCES.txt'
[0.904s] reading manifest file '../build/joystick_controller/joystick_controller.egg-info/SOURCES.txt'
[0.907s] writing manifest file '../build/joystick_controller/joystick_controller.egg-info/SOURCES.txt'
[0.907s] running build
[0.907s] running build_py
[0.907s] creating /home/mig/Documents/RL/build/joystick_controller/build
[0.907s] creating /home/mig/Documents/RL/build/joystick_controller/build/lib
[0.907s] creating /home/mig/Documents/RL/build/joystick_controller/build/lib/joystick_controller
[0.907s] copying joystick_controller/joystick_listener.py -> /home/mig/Documents/RL/build/joystick_controller/build/lib/joystick_controller
[0.907s] copying joystick_controller/__init__.py -> /home/mig/Documents/RL/build/joystick_controller/build/lib/joystick_controller
[0.907s] running install
[0.911s] running install_lib
[0.936s] creating /home/mig/Documents/RL/install/joystick_controller/lib/python3.12/site-packages/joystick_controller
[0.936s] copying /home/mig/Documents/RL/build/joystick_controller/build/lib/joystick_controller/joystick_listener.py -> /home/mig/Documents/RL/install/joystick_controller/lib/python3.12/site-packages/joystick_controller
[0.936s] copying /home/mig/Documents/RL/build/joystick_controller/build/lib/joystick_controller/__init__.py -> /home/mig/Documents/RL/install/joystick_controller/lib/python3.12/site-packages/joystick_controller
[0.937s] byte-compiling /home/mig/Documents/RL/install/joystick_controller/lib/python3.12/site-packages/joystick_controller/joystick_listener.py to joystick_listener.cpython-312.pyc
[0.938s] byte-compiling /home/mig/Documents/RL/install/joystick_controller/lib/python3.12/site-packages/joystick_controller/__init__.py to __init__.cpython-312.pyc
[0.938s] running install_data
[0.939s] creating /home/mig/Documents/RL/install/joystick_controller/share/ament_index
[0.939s] creating /home/mig/Documents/RL/install/joystick_controller/share/ament_index/resource_index
[0.939s] creating /home/mig/Documents/RL/install/joystick_controller/share/ament_index/resource_index/packages
[0.939s] copying resource/joystick_controller -> /home/mig/Documents/RL/install/joystick_controller/share/ament_index/resource_index/packages
[0.940s] copying package.xml -> /home/mig/Documents/RL/install/joystick_controller/share/joystick_controller
[0.941s] running install_egg_info
[0.962s] Copying ../build/joystick_controller/joystick_controller.egg-info to /home/mig/Documents/RL/install/joystick_controller/lib/python3.12/site-packages/joystick_controller-0.0.0-py3.12.egg-info
[0.963s] running install_scripts
[1.099s] Installing joystick_listener script to /home/mig/Documents/RL/install/joystick_controller/lib/joystick_controller
[1.100s] writing list of installed files to '/home/mig/Documents/RL/build/joystick_controller/install.log'
[1.146s] Invoked command in '/home/mig/Documents/RL/joystick_controller' returned '0': DEBUGINFOD_URLS=https://debuginfod.ubuntu.com PYTHONPATH=/home/mig/Documents/RL/build/joystick_controller/prefix_override:/usr/lib/python3/dist-packages/colcon_core/task/python/colcon_distutils_commands:/home/mig/Documents/RL/install/joystick_controller/lib/python3.12/site-packages:${PYTHONPATH} VIRTUAL_ENV_PROMPT=(venv) /usr/bin/python3 -W ignore:setup.py install is deprecated -W ignore:easy_install command is deprecated setup.py egg_info --egg-base ../build/joystick_controller build --build-base /home/mig/Documents/RL/build/joystick_controller/build install --record /home/mig/Documents/RL/build/joystick_controller/install.log --single-version-externally-managed install_data
